  [4;36;1mSQL (0.0ms)[0m   [0;1mSET NAMES 'utf8'[0m
  [4;35;1mSQL (0.0ms)[0m   [0mSET SQL_AUTO_IS_NULL=0[0m
  [4;36;1mSQL (30.0ms)[0m   [0;1mSHOW TABLES[0m
  [4;35;1mSQL (31.0ms)[0m   [0mSELECT version FROM schema_migrations[0m
Migrating to CreateEnqPages (20120528012407)
  [4;36;1mSQL (6.0ms)[0m   [0;1mCREATE TABLE `enq_pages` (`id` int(11) DEFAULT NULL auto_increment PRIMARY KEY, `enq_id` int(11) NOT NULL, `page_id` int(11) NOT NULL, `face` varchar(255) NOT NULL, `description` varchar(255), `update_name` varchar(255), `update_date` date, `created_at` datetime, `updated_at` datetime) ENGINE=InnoDB[0m
  [4;35;1mSQL (2.0ms)[0m   [0mSHOW KEYS FROM `enq_pages`[0m
  [4;36;1mSQL (77.0ms)[0m   [0;1mCREATE UNIQUE INDEX `index_enq_pages_on_enq_id` ON `enq_pages` (`enq_id`)[0m
  [4;35;1mSQL (1.0ms)[0m   [0mSHOW KEYS FROM `enq_pages`[0m
  [4;36;1mSQL (40.0ms)[0m   [0;1mCREATE UNIQUE INDEX `index_enq_pages_on_page_id` ON `enq_pages` (`page_id`)[0m
  [4;35;1mSQL (2.0ms)[0m   [0mSHOW KEYS FROM `enq_pages`[0m
  [4;36;1mSQL (44.0ms)[0m   [0;1mCREATE UNIQUE INDEX `index_enq_pages_on_face` ON `enq_pages` (`face`)[0m
  [4;35;1mSQL (1.0ms)[0m   [0mINSERT INTO schema_migrations (version) VALUES ('20120528012407')[0m
Migrating to CreateEnqs (20120528012739)
  [4;36;1mSQL (1.0ms)[0m   [0;1mSET NAMES 'utf8'[0m
  [4;35;1mSQL (0.0ms)[0m   [0mSET SQL_AUTO_IS_NULL=0[0m
  [4;36;1mSQL (1.0ms)[0m   [0;1mSHOW TABLES[0m
  [4;35;1mSQL (4.0ms)[0m   [0mCREATE TABLE `schema_migrations` (`version` varchar(255) NOT NULL) ENGINE=InnoDB[0m
  [4;36;1mSQL (0.0ms)[0m   [0;1mSHOW KEYS FROM `schema_migrations`[0m
  [4;35;1mSQL (63.0ms)[0m   [0mCREATE UNIQUE INDEX `unique_schema_migrations` ON `schema_migrations` (`version`)[0m
  [4;36;1mSQL (1.0ms)[0m   [0;1mSHOW TABLES[0m
  [4;35;1mSQL (1.0ms)[0m   [0mSELECT version FROM schema_migrations[0m
Migrating to CreateEnqPages (20120528012407)
  [4;36;1mSQL (30.0ms)[0m   [0;1mCREATE TABLE `enq_pages` (`id` int(11) DEFAULT NULL auto_increment PRIMARY KEY, `enq_id` int(11) NOT NULL, `page_id` int(11) NOT NULL, `face` varchar(255) NOT NULL, `description` varchar(255), `update_name` varchar(255), `update_date` date, `created_at` datetime, `updated_at` datetime) ENGINE=InnoDB[0m
  [4;35;1mSQL (2.0ms)[0m   [0mSHOW KEYS FROM `enq_pages`[0m
  [4;36;1mSQL (17.0ms)[0m   [0;1mCREATE UNIQUE INDEX `index_enq_pages_on_enq_id` ON `enq_pages` (`enq_id`)[0m
  [4;35;1mSQL (1.0ms)[0m   [0mSHOW KEYS FROM `enq_pages`[0m
  [4;36;1mSQL (8.0ms)[0m   [0;1mCREATE UNIQUE INDEX `index_enq_pages_on_page_id` ON `enq_pages` (`page_id`)[0m
  [4;35;1mSQL (1.0ms)[0m   [0mSHOW KEYS FROM `enq_pages`[0m
  [4;36;1mSQL (8.0ms)[0m   [0;1mCREATE UNIQUE INDEX `index_enq_pages_on_face` ON `enq_pages` (`face`)[0m
  [4;35;1mSQL (1.0ms)[0m   [0mINSERT INTO schema_migrations (version) VALUES ('20120528012407')[0m
Migrating to CreateEnqs (20120528012739)
  [4;36;1mSQL (0.0ms)[0m   [0;1mSET NAMES 'utf8'[0m
  [4;35;1mSQL (0.0ms)[0m   [0mSET SQL_AUTO_IS_NULL=0[0m
  [4;36;1mSQL (0.0ms)[0m   [0;1mSHOW TABLES[0m
  [4;35;1mSQL (3.0ms)[0m   [0mCREATE TABLE `schema_migrations` (`version` varchar(255) NOT NULL) ENGINE=InnoDB[0m
  [4;36;1mSQL (0.0ms)[0m   [0;1mSHOW KEYS FROM `schema_migrations`[0m
  [4;35;1mSQL (10.0ms)[0m   [0mCREATE UNIQUE INDEX `unique_schema_migrations` ON `schema_migrations` (`version`)[0m
  [4;36;1mSQL (0.0ms)[0m   [0;1mSHOW TABLES[0m
  [4;35;1mSQL (0.0ms)[0m   [0mSELECT version FROM schema_migrations[0m
Migrating to CreateEnqPages (20120528012407)
  [4;36;1mSQL (79.0ms)[0m   [0;1mCREATE TABLE `enq_pages` (`id` int(11) DEFAULT NULL auto_increment PRIMARY KEY, `enq_id` int(11) NOT NULL, `page_id` int(11) NOT NULL, `face` varchar(255) NOT NULL, `description` varchar(255), `update_name` varchar(255), `update_date` date, `created_at` datetime, `updated_at` datetime) ENGINE=InnoDB[0m
  [4;35;1mSQL (2.0ms)[0m   [0mSHOW KEYS FROM `enq_pages`[0m
  [4;36;1mSQL (17.0ms)[0m   [0;1mCREATE UNIQUE INDEX `index_enq_pages_on_enq_id` ON `enq_pages` (`enq_id`)[0m
  [4;35;1mSQL (2.0ms)[0m   [0mSHOW KEYS FROM `enq_pages`[0m
  [4;36;1mSQL (12.0ms)[0m   [0;1mCREATE UNIQUE INDEX `index_enq_pages_on_page_id` ON `enq_pages` (`page_id`)[0m
  [4;35;1mSQL (0.0ms)[0m   [0mSHOW KEYS FROM `enq_pages`[0m
  [4;36;1mSQL (12.0ms)[0m   [0;1mCREATE UNIQUE INDEX `index_enq_pages_on_face` ON `enq_pages` (`face`)[0m
  [4;35;1mSQL (2.0ms)[0m   [0mINSERT INTO schema_migrations (version) VALUES ('20120528012407')[0m
Migrating to CreateEnqs (20120528012739)
  [4;36;1mSQL (3.0ms)[0m   [0;1mCREATE TABLE `enqs` (`id` int(11) DEFAULT NULL auto_increment PRIMARY KEY, `enq_id` int(11) NOT NULL, `title` varchar(255), `description` varchar(255), `css` varchar(255), `movie` varchar(255), `update_name` varchar(255), `update_date` date, `created_at` datetime, `updated_at` datetime) ENGINE=InnoDB[0m
  [4;35;1mSQL (0.0ms)[0m   [0mSHOW KEYS FROM `enqs`[0m
  [4;36;1mSQL (7.0ms)[0m   [0;1mCREATE UNIQUE INDEX `index_enqs_on_enq_id` ON `enqs` (`enq_id`)[0m
  [4;35;1mSQL (1.0ms)[0m   [0mINSERT INTO schema_migrations (version) VALUES ('20120528012739')[0m
Migrating to CreateEnqQuestions (20120528012922)
  [4;36;1mSQL (3.0ms)[0m   [0;1mCREATE TABLE `enq_questions` (`id` int(11) DEFAULT NULL auto_increment PRIMARY KEY, `enq_id` int(11) NOT NULL, `no` int(11) NOT NULL, `question_id` int(11) NOT NULL, `update_name` varchar(255), `update_date` date, `created_at` datetime, `updated_at` datetime) ENGINE=InnoDB[0m
  [4;35;1mSQL (1.0ms)[0m   [0mSHOW KEYS FROM `enq_questions`[0m
  [4;36;1mSQL (8.0ms)[0m   [0;1mCREATE UNIQUE INDEX `index_enq_questions_on_enq_id` ON `enq_questions` (`enq_id`)[0m
  [4;35;1mSQL (1.0ms)[0m   [0mSHOW KEYS FROM `enq_questions`[0m
  [4;36;1mSQL (8.0ms)[0m   [0;1mCREATE UNIQUE INDEX `index_enq_questions_on_no` ON `enq_questions` (`no`)[0m
  [4;35;1mSQL (0.0ms)[0m   [0mSHOW KEYS FROM `enq_questions`[0m
  [4;36;1mSQL (8.0ms)[0m   [0;1mCREATE INDEX `index_enq_questions_on_question_id` ON `enq_questions` (`question_id`)[0m
  [4;35;1mSQL (19.0ms)[0m   [0mINSERT INTO schema_migrations (version) VALUES ('20120528012922')[0m
Migrating to CreateChoices (20120528013111)
  [4;36;1mSQL (1.0ms)[0m   [0;1mSET NAMES 'utf8'[0m
  [4;35;1mSQL (0.0ms)[0m   [0mSET SQL_AUTO_IS_NULL=0[0m
  [4;36;1mSQL (0.0ms)[0m   [0;1mSHOW TABLES[0m
  [4;35;1mSQL (4.0ms)[0m   [0mCREATE TABLE `schema_migrations` (`version` varchar(255) NOT NULL) ENGINE=InnoDB[0m
  [4;36;1mSQL (0.0ms)[0m   [0;1mSHOW KEYS FROM `schema_migrations`[0m
  [4;35;1mSQL (9.0ms)[0m   [0mCREATE UNIQUE INDEX `unique_schema_migrations` ON `schema_migrations` (`version`)[0m
  [4;36;1mSQL (0.0ms)[0m   [0;1mSHOW TABLES[0m
  [4;35;1mSQL (0.0ms)[0m   [0mSELECT version FROM schema_migrations[0m
Migrating to CreateEnqPages (20120528012407)
  [4;36;1mSQL (37.0ms)[0m   [0;1mCREATE TABLE `enq_pages` (`id` int(11) DEFAULT NULL auto_increment PRIMARY KEY, `enq_id` int(11) NOT NULL, `page_id` int(11) NOT NULL, `face` varchar(255) NOT NULL, `description` varchar(255), `update_name` varchar(255), `update_date` date, `created_at` datetime, `updated_at` datetime) ENGINE=InnoDB[0m
  [4;35;1mSQL (1.0ms)[0m   [0mSHOW KEYS FROM `enq_pages`[0m
  [4;36;1mSQL (8.0ms)[0m   [0;1mCREATE UNIQUE INDEX `index_enq_pages_on_enq_id` ON `enq_pages` (`enq_id`)[0m
  [4;35;1mSQL (1.0ms)[0m   [0mSHOW KEYS FROM `enq_pages`[0m
  [4;36;1mSQL (15.0ms)[0m   [0;1mCREATE UNIQUE INDEX `index_enq_pages_on_page_id` ON `enq_pages` (`page_id`)[0m
  [4;35;1mSQL (1.0ms)[0m   [0mSHOW KEYS FROM `enq_pages`[0m
  [4;36;1mSQL (14.0ms)[0m   [0;1mCREATE UNIQUE INDEX `index_enq_pages_on_face` ON `enq_pages` (`face`)[0m
  [4;35;1mSQL (1.0ms)[0m   [0mINSERT INTO schema_migrations (version) VALUES ('20120528012407')[0m
Migrating to CreateEnqs (20120528012739)
  [4;36;1mSQL (4.0ms)[0m   [0;1mCREATE TABLE `enqs` (`id` int(11) DEFAULT NULL auto_increment PRIMARY KEY, `enq_id` int(11) NOT NULL, `title` varchar(255), `description` varchar(255), `css` varchar(255), `movie` varchar(255), `update_name` varchar(255), `update_date` date, `created_at` datetime, `updated_at` datetime) ENGINE=InnoDB[0m
  [4;35;1mSQL (1.0ms)[0m   [0mSHOW KEYS FROM `enqs`[0m
  [4;36;1mSQL (11.0ms)[0m   [0;1mCREATE UNIQUE INDEX `index_enqs_on_enq_id` ON `enqs` (`enq_id`)[0m
  [4;35;1mSQL (1.0ms)[0m   [0mINSERT INTO schema_migrations (version) VALUES ('20120528012739')[0m
Migrating to CreateEnqQuestions (20120528012922)
  [4;36;1mSQL (4.0ms)[0m   [0;1mCREATE TABLE `enq_questions` (`id` int(11) DEFAULT NULL auto_increment PRIMARY KEY, `enq_id` int(11) NOT NULL, `no` int(11) NOT NULL, `question_id` int(11) NOT NULL, `update_name` varchar(255), `update_date` date, `created_at` datetime, `updated_at` datetime) ENGINE=InnoDB[0m
  [4;35;1mSQL (1.0ms)[0m   [0mSHOW KEYS FROM `enq_questions`[0m
  [4;36;1mSQL (10.0ms)[0m   [0;1mCREATE UNIQUE INDEX `index_enq_questions_on_enq_id` ON `enq_questions` (`enq_id`)[0m
  [4;35;1mSQL (1.0ms)[0m   [0mSHOW KEYS FROM `enq_questions`[0m
  [4;36;1mSQL (11.0ms)[0m   [0;1mCREATE UNIQUE INDEX `index_enq_questions_on_no` ON `enq_questions` (`no`)[0m
  [4;35;1mSQL (0.0ms)[0m   [0mSHOW KEYS FROM `enq_questions`[0m
  [4;36;1mSQL (10.0ms)[0m   [0;1mCREATE INDEX `index_enq_questions_on_question_id` ON `enq_questions` (`question_id`)[0m
  [4;35;1mSQL (1.0ms)[0m   [0mINSERT INTO schema_migrations (version) VALUES ('20120528012922')[0m
Migrating to CreateChoices (20120528013111)
  [4;36;1mSQL (4.0ms)[0m   [0;1mCREATE TABLE `choices` (`id` int(11) DEFAULT NULL auto_increment PRIMARY KEY, `question_id` int(11) NOT NULL, `choice_id` int(11) NOT NULL, `content` varchar(255) NOT NULL, `update_name` varchar(255), `update_date` date, `created_at` datetime, `updated_at` datetime) ENGINE=InnoDB[0m
  [4;35;1mSQL (1.0ms)[0m   [0mSHOW KEYS FROM `choices`[0m
  [4;36;1mSQL (10.0ms)[0m   [0;1mCREATE UNIQUE INDEX `index_choices_on_question_id` ON `choices` (`question_id`)[0m
  [4;35;1mSQL (1.0ms)[0m   [0mSHOW KEYS FROM `choices`[0m
  [4;36;1mSQL (10.0ms)[0m   [0;1mCREATE UNIQUE INDEX `index_choices_on_choice_id` ON `choices` (`choice_id`)[0m
  [4;35;1mSQL (1.0ms)[0m   [0mINSERT INTO schema_migrations (version) VALUES ('20120528013111')[0m
Migrating to CreateAnswers (20120528013242)
  [4;36;1mSQL (4.0ms)[0m   [0;1mCREATE TABLE `answers` (`id` int(11) DEFAULT NULL auto_increment PRIMARY KEY, `enq_id` int(11) NOT NULL, `no` varchar(255) NOT NULL, `answer` varchar(255) NOT NULL, `update_name` varchar(255), `update_date` date, `created_at` datetime, `updated_at` datetime) ENGINE=InnoDB[0m
  [4;36;1mSQL (1.0ms)[0m   [0;1mSET NAMES 'utf8'[0m
  [4;35;1mSQL (0.0ms)[0m   [0mSET SQL_AUTO_IS_NULL=0[0m
  [4;36;1mSQL (1.0ms)[0m   [0;1mSHOW TABLES[0m
  [4;35;1mSQL (4.0ms)[0m   [0mCREATE TABLE `schema_migrations` (`version` varchar(255) NOT NULL) ENGINE=InnoDB[0m
  [4;36;1mSQL (0.0ms)[0m   [0;1mSHOW KEYS FROM `schema_migrations`[0m
  [4;35;1mSQL (9.0ms)[0m   [0mCREATE UNIQUE INDEX `unique_schema_migrations` ON `schema_migrations` (`version`)[0m
  [4;36;1mSQL (1.0ms)[0m   [0;1mSHOW TABLES[0m
  [4;35;1mSQL (0.0ms)[0m   [0mSELECT version FROM schema_migrations[0m
Migrating to CreateEnqPages (20120528012407)
  [4;36;1mSQL (3.0ms)[0m   [0;1mCREATE TABLE `enq_pages` (`id` int(11) DEFAULT NULL auto_increment PRIMARY KEY, `enq_id` int(11) NOT NULL, `page_id` int(11) NOT NULL, `face` varchar(255) NOT NULL, `description` varchar(255), `update_name` varchar(255), `update_date` date, `created_at` datetime, `updated_at` datetime) ENGINE=InnoDB[0m
  [4;35;1mSQL (1.0ms)[0m   [0mSHOW KEYS FROM `enq_pages`[0m
  [4;36;1mSQL (7.0ms)[0m   [0;1mCREATE UNIQUE INDEX `index_enq_pages_on_enq_id` ON `enq_pages` (`enq_id`)[0m
  [4;35;1mSQL (1.0ms)[0m   [0mSHOW KEYS FROM `enq_pages`[0m
  [4;36;1mSQL (7.0ms)[0m   [0;1mCREATE UNIQUE INDEX `index_enq_pages_on_page_id` ON `enq_pages` (`page_id`)[0m
  [4;35;1mSQL (0.0ms)[0m   [0mSHOW KEYS FROM `enq_pages`[0m
  [4;36;1mSQL (9.0ms)[0m   [0;1mCREATE UNIQUE INDEX `index_enq_pages_on_face` ON `enq_pages` (`face`)[0m
  [4;35;1mSQL (1.0ms)[0m   [0mINSERT INTO schema_migrations (version) VALUES ('20120528012407')[0m
Migrating to CreateEnqs (20120528012739)
  [4;36;1mSQL (3.0ms)[0m   [0;1mCREATE TABLE `enqs` (`id` int(11) DEFAULT NULL auto_increment PRIMARY KEY, `enq_id` int(11) NOT NULL, `title` varchar(255), `description` varchar(255), `css` varchar(255), `movie` varchar(255), `update_name` varchar(255), `update_date` date, `created_at` datetime, `updated_at` datetime) ENGINE=InnoDB[0m
  [4;35;1mSQL (1.0ms)[0m   [0mSHOW KEYS FROM `enqs`[0m
  [4;36;1mSQL (10.0ms)[0m   [0;1mCREATE UNIQUE INDEX `index_enqs_on_enq_id` ON `enqs` (`enq_id`)[0m
  [4;35;1mSQL (1.0ms)[0m   [0mINSERT INTO schema_migrations (version) VALUES ('20120528012739')[0m
Migrating to CreateEnqQuestions (20120528012922)
  [4;36;1mSQL (4.0ms)[0m   [0;1mCREATE TABLE `enq_questions` (`id` int(11) DEFAULT NULL auto_increment PRIMARY KEY, `enq_id` int(11) NOT NULL, `no` int(11) NOT NULL, `question_id` int(11) NOT NULL, `update_name` varchar(255), `update_date` date, `created_at` datetime, `updated_at` datetime) ENGINE=InnoDB[0m
  [4;35;1mSQL (1.0ms)[0m   [0mSHOW KEYS FROM `enq_questions`[0m
  [4;36;1mSQL (8.0ms)[0m   [0;1mCREATE UNIQUE INDEX `index_enq_questions_on_enq_id` ON `enq_questions` (`enq_id`)[0m
  [4;35;1mSQL (0.0ms)[0m   [0mSHOW KEYS FROM `enq_questions`[0m
  [4;36;1mSQL (7.0ms)[0m   [0;1mCREATE UNIQUE INDEX `index_enq_questions_on_no` ON `enq_questions` (`no`)[0m
  [4;35;1mSQL (1.0ms)[0m   [0mSHOW KEYS FROM `enq_questions`[0m
  [4;36;1mSQL (9.0ms)[0m   [0;1mCREATE INDEX `index_enq_questions_on_question_id` ON `enq_questions` (`question_id`)[0m
  [4;35;1mSQL (0.0ms)[0m   [0mINSERT INTO schema_migrations (version) VALUES ('20120528012922')[0m
Migrating to CreateChoices (20120528013111)
  [4;36;1mSQL (4.0ms)[0m   [0;1mCREATE TABLE `choices` (`id` int(11) DEFAULT NULL auto_increment PRIMARY KEY, `question_id` int(11) NOT NULL, `choice_id` int(11) NOT NULL, `content` varchar(255) NOT NULL, `update_name` varchar(255), `update_date` date, `created_at` datetime, `updated_at` datetime) ENGINE=InnoDB[0m
  [4;35;1mSQL (1.0ms)[0m   [0mSHOW KEYS FROM `choices`[0m
  [4;36;1mSQL (44.0ms)[0m   [0;1mCREATE UNIQUE INDEX `index_choices_on_question_id` ON `choices` (`question_id`)[0m
  [4;35;1mSQL (1.0ms)[0m   [0mSHOW KEYS FROM `choices`[0m
  [4;36;1mSQL (16.0ms)[0m   [0;1mCREATE UNIQUE INDEX `index_choices_on_choice_id` ON `choices` (`choice_id`)[0m
  [4;35;1mSQL (2.0ms)[0m   [0mINSERT INTO schema_migrations (version) VALUES ('20120528013111')[0m
Migrating to CreateAnswers (20120528013242)
  [4;36;1mSQL (6.0ms)[0m   [0;1mCREATE TABLE `answers` (`id` int(11) DEFAULT NULL auto_increment PRIMARY KEY, `enq_id` int(11) NOT NULL, `no` varchar(255) NOT NULL, `answer` varchar(255) NOT NULL, `update_name` varchar(255), `update_date` date, `created_at` datetime, `updated_at` datetime) ENGINE=InnoDB[0m
  [4;35;1mSQL (1.0ms)[0m   [0mSHOW KEYS FROM `answers`[0m
  [4;36;1mSQL (11.0ms)[0m   [0;1mCREATE UNIQUE INDEX `index_answers_on_enq_id` ON `answers` (`enq_id`)[0m
  [4;35;1mSQL (0.0ms)[0m   [0mSHOW KEYS FROM `answers`[0m
  [4;36;1mSQL (12.0ms)[0m   [0;1mCREATE UNIQUE INDEX `index_answers_on_no` ON `answers` (`no`)[0m
  [4;35;1mSQL (1.0ms)[0m   [0mINSERT INTO schema_migrations (version) VALUES ('20120528013242')[0m
Migrating to CreateQuestions (20120528020920)
  [4;36;1mSQL (0.0ms)[0m   [0;1mSET NAMES 'utf8'[0m
  [4;35;1mSQL (0.0ms)[0m   [0mSET SQL_AUTO_IS_NULL=0[0m
  [4;36;1mSQL (1.0ms)[0m   [0;1mSHOW TABLES[0m
  [4;35;1mSQL (4.0ms)[0m   [0mCREATE TABLE `schema_migrations` (`version` varchar(255) NOT NULL) ENGINE=InnoDB[0m
  [4;36;1mSQL (1.0ms)[0m   [0;1mSHOW KEYS FROM `schema_migrations`[0m
  [4;35;1mSQL (57.0ms)[0m   [0mCREATE UNIQUE INDEX `unique_schema_migrations` ON `schema_migrations` (`version`)[0m
  [4;36;1mSQL (1.0ms)[0m   [0;1mSHOW TABLES[0m
  [4;35;1mSQL (1.0ms)[0m   [0mSELECT version FROM schema_migrations[0m
Migrating to CreateEnqPages (20120528012407)
  [4;36;1mSQL (3.0ms)[0m   [0;1mCREATE TABLE `enq_pages` (`id` int(11) DEFAULT NULL auto_increment PRIMARY KEY, `enq_id` int(11) NOT NULL, `page_id` int(11) NOT NULL, `face` varchar(255) NOT NULL, `description` varchar(255), `update_name` varchar(255), `update_date` date, `created_at` datetime, `updated_at` datetime) ENGINE=InnoDB[0m
  [4;35;1mSQL (1.0ms)[0m   [0mSHOW KEYS FROM `enq_pages`[0m
  [4;36;1mSQL (15.0ms)[0m   [0;1mCREATE UNIQUE INDEX `index_enq_pages_on_enq_id` ON `enq_pages` (`enq_id`)[0m
  [4;35;1mSQL (1.0ms)[0m   [0mSHOW KEYS FROM `enq_pages`[0m
  [4;36;1mSQL (11.0ms)[0m   [0;1mCREATE UNIQUE INDEX `index_enq_pages_on_page_id` ON `enq_pages` (`page_id`)[0m
  [4;35;1mSQL (1.0ms)[0m   [0mSHOW KEYS FROM `enq_pages`[0m
  [4;36;1mSQL (12.0ms)[0m   [0;1mCREATE UNIQUE INDEX `index_enq_pages_on_face` ON `enq_pages` (`face`)[0m
  [4;35;1mSQL (2.0ms)[0m   [0mINSERT INTO schema_migrations (version) VALUES ('20120528012407')[0m
Migrating to CreateEnqs (20120528012739)
  [4;36;1mSQL (3.0ms)[0m   [0;1mCREATE TABLE `enqs` (`id` int(11) DEFAULT NULL auto_increment PRIMARY KEY, `enq_id` int(11) NOT NULL, `title` varchar(255), `description` varchar(255), `css` varchar(255), `movie` varchar(255), `update_name` varchar(255), `update_date` date, `created_at` datetime, `updated_at` datetime) ENGINE=InnoDB[0m
  [4;35;1mSQL (2.0ms)[0m   [0mSHOW KEYS FROM `enqs`[0m
  [4;36;1mSQL (11.0ms)[0m   [0;1mCREATE UNIQUE INDEX `index_enqs_on_enq_id` ON `enqs` (`enq_id`)[0m
  [4;35;1mSQL (1.0ms)[0m   [0mINSERT INTO schema_migrations (version) VALUES ('20120528012739')[0m
Migrating to CreateEnqQuestions (20120528012922)
  [4;36;1mSQL (4.0ms)[0m   [0;1mCREATE TABLE `enq_questions` (`id` int(11) DEFAULT NULL auto_increment PRIMARY KEY, `enq_id` int(11) NOT NULL, `no` int(11) NOT NULL, `question_id` int(11) NOT NULL, `update_name` varchar(255), `update_date` date, `created_at` datetime, `updated_at` datetime) ENGINE=InnoDB[0m
  [4;35;1mSQL (1.0ms)[0m   [0mSHOW KEYS FROM `enq_questions`[0m
  [4;36;1mSQL (11.0ms)[0m   [0;1mCREATE UNIQUE INDEX `index_enq_questions_on_enq_id` ON `enq_questions` (`enq_id`)[0m
  [4;35;1mSQL (0.0ms)[0m   [0mSHOW KEYS FROM `enq_questions`[0m
  [4;36;1mSQL (10.0ms)[0m   [0;1mCREATE UNIQUE INDEX `index_enq_questions_on_no` ON `enq_questions` (`no`)[0m
  [4;35;1mSQL (0.0ms)[0m   [0mSHOW KEYS FROM `enq_questions`[0m
  [4;36;1mSQL (7.0ms)[0m   [0;1mCREATE INDEX `index_enq_questions_on_question_id` ON `enq_questions` (`question_id`)[0m
  [4;35;1mSQL (1.0ms)[0m   [0mINSERT INTO schema_migrations (version) VALUES ('20120528012922')[0m
Migrating to CreateChoices (20120528013111)
  [4;36;1mSQL (5.0ms)[0m   [0;1mCREATE TABLE `choices` (`id` int(11) DEFAULT NULL auto_increment PRIMARY KEY, `question_id` int(11) NOT NULL, `choice_id` int(11) NOT NULL, `content` varchar(255) NOT NULL, `update_name` varchar(255), `update_date` date, `created_at` datetime, `updated_at` datetime) ENGINE=InnoDB[0m
  [4;35;1mSQL (1.0ms)[0m   [0mSHOW KEYS FROM `choices`[0m
  [4;36;1mSQL (7.0ms)[0m   [0;1mCREATE UNIQUE INDEX `index_choices_on_question_id` ON `choices` (`question_id`)[0m
  [4;35;1mSQL (1.0ms)[0m   [0mSHOW KEYS FROM `choices`[0m
  [4;36;1mSQL (7.0ms)[0m   [0;1mCREATE UNIQUE INDEX `index_choices_on_choice_id` ON `choices` (`choice_id`)[0m
  [4;35;1mSQL (14.0ms)[0m   [0mINSERT INTO schema_migrations (version) VALUES ('20120528013111')[0m
Migrating to CreateAnswers (20120528013242)
  [4;36;1mSQL (2.0ms)[0m   [0;1mCREATE TABLE `answers` (`id` int(11) DEFAULT NULL auto_increment PRIMARY KEY, `enq_id` int(11) NOT NULL, `no` varchar(255) NOT NULL, `answer` varchar(255) NOT NULL, `update_name` varchar(255), `update_date` date, `created_at` datetime, `updated_at` datetime) ENGINE=InnoDB[0m
  [4;35;1mSQL (0.0ms)[0m   [0mSHOW KEYS FROM `answers`[0m
  [4;36;1mSQL (8.0ms)[0m   [0;1mCREATE UNIQUE INDEX `index_answers_on_enq_id` ON `answers` (`enq_id`)[0m
  [4;35;1mSQL (1.0ms)[0m   [0mSHOW KEYS FROM `answers`[0m
  [4;36;1mSQL (21.0ms)[0m   [0;1mCREATE UNIQUE INDEX `index_answers_on_no` ON `answers` (`no`)[0m
  [4;35;1mSQL (5.0ms)[0m   [0mINSERT INTO schema_migrations (version) VALUES ('20120528013242')[0m
Migrating to CreateQuestions (20120528020920)
  [4;36;1mSQL (5.0ms)[0m   [0;1mCREATE TABLE `questions` (`id` int(11) DEFAULT NULL auto_increment PRIMARY KEY, `question_id` int(11) NOT NULL, `kind` varchar(255) NOT NULL, `title` varchar(255), `content` varchar(255), `answer_content` varchar(255), `answer_description` varchar(255), `update_name` varchar(255), `update_date` date, `created_at` datetime, `updated_at` datetime) ENGINE=InnoDB[0m
  [4;35;1mSQL (0.0ms)[0m   [0mSHOW KEYS FROM `questions`[0m
  [4;36;1mSQL (17.0ms)[0m   [0;1mCREATE UNIQUE INDEX `index_questions_on_question_id` ON `questions` (`question_id`)[0m
  [4;35;1mSQL (16.0ms)[0m   [0mINSERT INTO schema_migrations (version) VALUES ('20120528020920')[0m
  [4;36;1mSQL (3.0ms)[0m   [0;1mSHOW TABLES[0m
  [4;35;1mSQL (1.0ms)[0m   [0mSELECT version FROM schema_migrations[0m
  [4;36;1mSQL (2.0ms)[0m   [0;1mSHOW TABLES[0m
  [4;35;1mSQL (5.0ms)[0m   [0mSHOW FIELDS FROM `answers`[0m
  [4;36;1mSQL (3.0ms)[0m   [0;1mdescribe `answers`[0m
  [4;35;1mSQL (0.0ms)[0m   [0mSHOW KEYS FROM `answers`[0m
  [4;36;1mSQL (2.0ms)[0m   [0;1mSHOW FIELDS FROM `choices`[0m
  [4;35;1mSQL (2.0ms)[0m   [0mdescribe `choices`[0m
  [4;36;1mSQL (1.0ms)[0m   [0;1mSHOW KEYS FROM `choices`[0m
  [4;35;1mSQL (2.0ms)[0m   [0mSHOW FIELDS FROM `enq_pages`[0m
  [4;36;1mSQL (2.0ms)[0m   [0;1mdescribe `enq_pages`[0m
  [4;35;1mSQL (0.0ms)[0m   [0mSHOW KEYS FROM `enq_pages`[0m
  [4;36;1mSQL (1.0ms)[0m   [0;1mSHOW FIELDS FROM `enq_questions`[0m
  [4;35;1mSQL (2.0ms)[0m   [0mdescribe `enq_questions`[0m
  [4;36;1mSQL (1.0ms)[0m   [0;1mSHOW KEYS FROM `enq_questions`[0m
  [4;35;1mSQL (2.0ms)[0m   [0mSHOW FIELDS FROM `enqs`[0m
  [4;36;1mSQL (2.0ms)[0m   [0;1mdescribe `enqs`[0m
  [4;35;1mSQL (0.0ms)[0m   [0mSHOW KEYS FROM `enqs`[0m
  [4;36;1mSQL (2.0ms)[0m   [0;1mSHOW FIELDS FROM `questions`[0m
  [4;35;1mSQL (2.0ms)[0m   [0mdescribe `questions`[0m
  [4;36;1mSQL (0.0ms)[0m   [0;1mSHOW KEYS FROM `questions`[0m
  [4;36;1mSQL (0.0ms)[0m   [0;1mSET NAMES 'utf8'[0m
  [4;35;1mSQL (0.0ms)[0m   [0mSET SQL_AUTO_IS_NULL=0[0m


Processing ApplicationController#index (for 127.0.0.1 at 2012-05-29 09:50:31) [GET]

ActionController::RoutingError (No route matches "/enqs" with {:method=>:get}):
  C:/Ruby187/lib/ruby/1.8/webrick/httpserver.rb:104:in `service'
  C:/Ruby187/lib/ruby/1.8/webrick/httpserver.rb:65:in `run'
  C:/Ruby187/lib/ruby/1.8/webrick/server.rb:173:in `start_thread'
  C:/Ruby187/lib/ruby/1.8/webrick/server.rb:162:in `start'
  C:/Ruby187/lib/ruby/1.8/webrick/server.rb:162:in `start_thread'
  C:/Ruby187/lib/ruby/1.8/webrick/server.rb:95:in `start'
  C:/Ruby187/lib/ruby/1.8/webrick/server.rb:92:in `each'
  C:/Ruby187/lib/ruby/1.8/webrick/server.rb:92:in `start'
  C:/Ruby187/lib/ruby/1.8/webrick/server.rb:23:in `start'
  C:/Ruby187/lib/ruby/1.8/webrick/server.rb:82:in `start'

Rendering rescues/layout (not_found)
  [4;36;1mSQL (1.0ms)[0m   [0;1mSET NAMES 'utf8'[0m
  [4;35;1mSQL (2.0ms)[0m   [0mSET SQL_AUTO_IS_NULL=0[0m


Processing ApplicationController#index (for 127.0.0.1 at 2012-05-29 09:50:48) [GET]

ActionController::RoutingError (No route matches "/enqs/index" with {:method=>:get}):
  C:/Ruby187/lib/ruby/1.8/webrick/httpserver.rb:104:in `service'
  C:/Ruby187/lib/ruby/1.8/webrick/httpserver.rb:65:in `run'
  C:/Ruby187/lib/ruby/1.8/webrick/server.rb:173:in `start_thread'
  C:/Ruby187/lib/ruby/1.8/webrick/server.rb:162:in `start'
  C:/Ruby187/lib/ruby/1.8/webrick/server.rb:162:in `start_thread'
  C:/Ruby187/lib/ruby/1.8/webrick/server.rb:95:in `start'
  C:/Ruby187/lib/ruby/1.8/webrick/server.rb:92:in `each'
  C:/Ruby187/lib/ruby/1.8/webrick/server.rb:92:in `start'
  C:/Ruby187/lib/ruby/1.8/webrick/server.rb:23:in `start'
  C:/Ruby187/lib/ruby/1.8/webrick/server.rb:82:in `start'

Rendering rescues/layout (not_found)
  [4;36;1mSQL (0.0ms)[0m   [0;1mSET NAMES 'utf8'[0m
  [4;35;1mSQL (0.0ms)[0m   [0mSET SQL_AUTO_IS_NULL=0[0m


Processing ApplicationController#index (for 127.0.0.1 at 2012-05-29 09:52:48) [GET]

ActionController::RoutingError (No route matches "/enqs/index" with {:method=>:get}):
  C:/Ruby187/lib/ruby/1.8/webrick/httpserver.rb:104:in `service'
  C:/Ruby187/lib/ruby/1.8/webrick/httpserver.rb:65:in `run'
  C:/Ruby187/lib/ruby/1.8/webrick/server.rb:173:in `start_thread'
  C:/Ruby187/lib/ruby/1.8/webrick/server.rb:162:in `start'
  C:/Ruby187/lib/ruby/1.8/webrick/server.rb:162:in `start_thread'
  C:/Ruby187/lib/ruby/1.8/webrick/server.rb:95:in `start'
  C:/Ruby187/lib/ruby/1.8/webrick/server.rb:92:in `each'
  C:/Ruby187/lib/ruby/1.8/webrick/server.rb:92:in `start'
  C:/Ruby187/lib/ruby/1.8/webrick/server.rb:23:in `start'
  C:/Ruby187/lib/ruby/1.8/webrick/server.rb:82:in `start'

Rendering rescues/layout (not_found)
  [4;36;1mSQL (0.0ms)[0m   [0;1mSET NAMES 'utf8'[0m
  [4;35;1mSQL (0.0ms)[0m   [0mSET SQL_AUTO_IS_NULL=0[0m


Processing TopController#index (for 127.0.0.1 at 2012-05-29 09:56:48) [GET]
Rendering top/index
Completed in 48ms (View: 47, DB: 0) | 200 OK [http://localhost/]
  [4;36;1mSQL (0.0ms)[0m   [0;1mSET NAMES 'utf8'[0m
  [4;35;1mSQL (0.0ms)[0m   [0mSET SQL_AUTO_IS_NULL=0[0m


Processing TopController#index (for 127.0.0.1 at 2012-05-29 13:11:46) [GET]
Rendering top/index
Completed in 2ms (View: 1, DB: 0) | 200 OK [http://localhost/]
  [4;36;1mSQL (0.0ms)[0m   [0;1mSET NAMES 'utf8'[0m
  [4;35;1mSQL (0.0ms)[0m   [0mSET SQL_AUTO_IS_NULL=0[0m


Processing ApplicationController#index (for 127.0.0.1 at 2012-05-29 13:17:08) [GET]

ActionController::RoutingError (No route matches "/enqs" with {:method=>:get}):
  C:/Ruby187/lib/ruby/1.8/webrick/httpserver.rb:104:in `service'
  C:/Ruby187/lib/ruby/1.8/webrick/httpserver.rb:65:in `run'
  C:/Ruby187/lib/ruby/1.8/webrick/server.rb:173:in `start_thread'
  C:/Ruby187/lib/ruby/1.8/webrick/server.rb:162:in `start'
  C:/Ruby187/lib/ruby/1.8/webrick/server.rb:162:in `start_thread'
  C:/Ruby187/lib/ruby/1.8/webrick/server.rb:95:in `start'
  C:/Ruby187/lib/ruby/1.8/webrick/server.rb:92:in `each'
  C:/Ruby187/lib/ruby/1.8/webrick/server.rb:92:in `start'
  C:/Ruby187/lib/ruby/1.8/webrick/server.rb:23:in `start'
  C:/Ruby187/lib/ruby/1.8/webrick/server.rb:82:in `start'

Rendering rescues/layout (not_found)
  [4;36;1mSQL (0.0ms)[0m   [0;1mSET NAMES 'utf8'[0m
  [4;35;1mSQL (1.0ms)[0m   [0mSET SQL_AUTO_IS_NULL=0[0m


Processing ApplicationController#index (for 127.0.0.1 at 2012-05-29 13:19:37) [GET]

ActionController::RoutingError (No route matches "/enqs/index" with {:method=>:get}):
  C:/Ruby187/lib/ruby/1.8/webrick/httpserver.rb:104:in `service'
  C:/Ruby187/lib/ruby/1.8/webrick/httpserver.rb:65:in `run'
  C:/Ruby187/lib/ruby/1.8/webrick/server.rb:173:in `start_thread'
  C:/Ruby187/lib/ruby/1.8/webrick/server.rb:162:in `start'
  C:/Ruby187/lib/ruby/1.8/webrick/server.rb:162:in `start_thread'
  C:/Ruby187/lib/ruby/1.8/webrick/server.rb:95:in `start'
  C:/Ruby187/lib/ruby/1.8/webrick/server.rb:92:in `each'
  C:/Ruby187/lib/ruby/1.8/webrick/server.rb:92:in `start'
  C:/Ruby187/lib/ruby/1.8/webrick/server.rb:23:in `start'
  C:/Ruby187/lib/ruby/1.8/webrick/server.rb:82:in `start'

Rendering rescues/layout (not_found)
  [4;36;1mSQL (0.0ms)[0m   [0;1mSET NAMES 'utf8'[0m
  [4;35;1mSQL (0.0ms)[0m   [0mSET SQL_AUTO_IS_NULL=0[0m


Processing ApplicationController#index (for 127.0.0.1 at 2012-05-29 13:20:50) [GET]

ActionController::RoutingError (No route matches "/enqs/index" with {:method=>:get}):
  C:/Ruby187/lib/ruby/1.8/webrick/httpserver.rb:104:in `service'
  C:/Ruby187/lib/ruby/1.8/webrick/httpserver.rb:65:in `run'
  C:/Ruby187/lib/ruby/1.8/webrick/server.rb:173:in `start_thread'
  C:/Ruby187/lib/ruby/1.8/webrick/server.rb:162:in `start'
  C:/Ruby187/lib/ruby/1.8/webrick/server.rb:162:in `start_thread'
  C:/Ruby187/lib/ruby/1.8/webrick/server.rb:95:in `start'
  C:/Ruby187/lib/ruby/1.8/webrick/server.rb:92:in `each'
  C:/Ruby187/lib/ruby/1.8/webrick/server.rb:92:in `start'
  C:/Ruby187/lib/ruby/1.8/webrick/server.rb:23:in `start'
  C:/Ruby187/lib/ruby/1.8/webrick/server.rb:82:in `start'

Rendering rescues/layout (not_found)
  [4;36;1mSQL (0.0ms)[0m   [0;1mSET NAMES 'utf8'[0m
  [4;35;1mSQL (0.0ms)[0m   [0mSET SQL_AUTO_IS_NULL=0[0m


Processing ApplicationController#index (for 127.0.0.1 at 2012-05-29 13:23:22) [GET]

ActionController::RoutingError (No route matches "/enqs/index.json" with {:method=>:get}):
  C:/Ruby187/lib/ruby/1.8/webrick/httpserver.rb:104:in `service'
  C:/Ruby187/lib/ruby/1.8/webrick/httpserver.rb:65:in `run'
  C:/Ruby187/lib/ruby/1.8/webrick/server.rb:173:in `start_thread'
  C:/Ruby187/lib/ruby/1.8/webrick/server.rb:162:in `start'
  C:/Ruby187/lib/ruby/1.8/webrick/server.rb:162:in `start_thread'
  C:/Ruby187/lib/ruby/1.8/webrick/server.rb:95:in `start'
  C:/Ruby187/lib/ruby/1.8/webrick/server.rb:92:in `each'
  C:/Ruby187/lib/ruby/1.8/webrick/server.rb:92:in `start'
  C:/Ruby187/lib/ruby/1.8/webrick/server.rb:23:in `start'
  C:/Ruby187/lib/ruby/1.8/webrick/server.rb:82:in `start'

Rendering rescues/layout (not_found)
  [4;36;1mSQL (0.0ms)[0m   [0;1mSET NAMES 'utf8'[0m
  [4;35;1mSQL (0.0ms)[0m   [0mSET SQL_AUTO_IS_NULL=0[0m


Processing ApplicationController#index (for 127.0.0.1 at 2012-05-29 13:23:34) [GET]

ActionController::RoutingError (No route matches "/enqs/index" with {:method=>:get}):
  C:/Ruby187/lib/ruby/1.8/webrick/httpserver.rb:104:in `service'
  C:/Ruby187/lib/ruby/1.8/webrick/httpserver.rb:65:in `run'
  C:/Ruby187/lib/ruby/1.8/webrick/server.rb:173:in `start_thread'
  C:/Ruby187/lib/ruby/1.8/webrick/server.rb:162:in `start'
  C:/Ruby187/lib/ruby/1.8/webrick/server.rb:162:in `start_thread'
  C:/Ruby187/lib/ruby/1.8/webrick/server.rb:95:in `start'
  C:/Ruby187/lib/ruby/1.8/webrick/server.rb:92:in `each'
  C:/Ruby187/lib/ruby/1.8/webrick/server.rb:92:in `start'
  C:/Ruby187/lib/ruby/1.8/webrick/server.rb:23:in `start'
  C:/Ruby187/lib/ruby/1.8/webrick/server.rb:82:in `start'

Rendering rescues/layout (not_found)
  [4;36;1mSQL (1.0ms)[0m   [0;1mSET NAMES 'utf8'[0m
  [4;35;1mSQL (1.0ms)[0m   [0mSET SQL_AUTO_IS_NULL=0[0m


Processing ApplicationController#index (for 127.0.0.1 at 2012-05-29 13:24:29) [GET]

ActionController::RoutingError (No route matches "/enqs/index" with {:method=>:get}):
  C:/Ruby187/lib/ruby/1.8/webrick/httpserver.rb:104:in `service'
  C:/Ruby187/lib/ruby/1.8/webrick/httpserver.rb:65:in `run'
  C:/Ruby187/lib/ruby/1.8/webrick/server.rb:173:in `start_thread'
  C:/Ruby187/lib/ruby/1.8/webrick/server.rb:162:in `start'
  C:/Ruby187/lib/ruby/1.8/webrick/server.rb:162:in `start_thread'
  C:/Ruby187/lib/ruby/1.8/webrick/server.rb:95:in `start'
  C:/Ruby187/lib/ruby/1.8/webrick/server.rb:92:in `each'
  C:/Ruby187/lib/ruby/1.8/webrick/server.rb:92:in `start'
  C:/Ruby187/lib/ruby/1.8/webrick/server.rb:23:in `start'
  C:/Ruby187/lib/ruby/1.8/webrick/server.rb:82:in `start'

Rendering rescues/layout (not_found)
  [4;36;1mSQL (0.0ms)[0m   [0;1mSET NAMES 'utf8'[0m
  [4;35;1mSQL (0.0ms)[0m   [0mSET SQL_AUTO_IS_NULL=0[0m


Processing ApplicationController#index (for 127.0.0.1 at 2012-05-29 13:24:32) [GET]

ActionController::RoutingError (No route matches "/enqs" with {:method=>:get}):
  C:/Ruby187/lib/ruby/1.8/webrick/httpserver.rb:104:in `service'
  C:/Ruby187/lib/ruby/1.8/webrick/httpserver.rb:65:in `run'
  C:/Ruby187/lib/ruby/1.8/webrick/server.rb:173:in `start_thread'
  C:/Ruby187/lib/ruby/1.8/webrick/server.rb:162:in `start'
  C:/Ruby187/lib/ruby/1.8/webrick/server.rb:162:in `start_thread'
  C:/Ruby187/lib/ruby/1.8/webrick/server.rb:95:in `start'
  C:/Ruby187/lib/ruby/1.8/webrick/server.rb:92:in `each'
  C:/Ruby187/lib/ruby/1.8/webrick/server.rb:92:in `start'
  C:/Ruby187/lib/ruby/1.8/webrick/server.rb:23:in `start'
  C:/Ruby187/lib/ruby/1.8/webrick/server.rb:82:in `start'

Rendering rescues/layout (not_found)
  [4;36;1mSQL (0.0ms)[0m   [0;1mSET NAMES 'utf8'[0m
  [4;35;1mSQL (1.0ms)[0m   [0mSET SQL_AUTO_IS_NULL=0[0m


Processing EnqController#index (for 127.0.0.1 at 2012-05-29 13:26:33) [GET]
  [4;36;1mEnq Load (24.0ms)[0m   [0;1mSELECT * FROM `enqs` [0m

ActionView::MissingTemplate (Missing template enq/index.erb in view path app/views):
  app/controllers/enq_controller.rb:8:in `index'
  C:/Ruby187/lib/ruby/1.8/webrick/httpserver.rb:104:in `service'
  C:/Ruby187/lib/ruby/1.8/webrick/httpserver.rb:65:in `run'
  C:/Ruby187/lib/ruby/1.8/webrick/server.rb:173:in `start_thread'
  C:/Ruby187/lib/ruby/1.8/webrick/server.rb:162:in `start'
  C:/Ruby187/lib/ruby/1.8/webrick/server.rb:162:in `start_thread'
  C:/Ruby187/lib/ruby/1.8/webrick/server.rb:95:in `start'
  C:/Ruby187/lib/ruby/1.8/webrick/server.rb:92:in `each'
  C:/Ruby187/lib/ruby/1.8/webrick/server.rb:92:in `start'
  C:/Ruby187/lib/ruby/1.8/webrick/server.rb:23:in `start'
  C:/Ruby187/lib/ruby/1.8/webrick/server.rb:82:in `start'

Rendering rescues/layout (internal_server_error)
  [4;35;1mSQL (0.0ms)[0m   [0mSET NAMES 'utf8'[0m
  [4;36;1mSQL (1.0ms)[0m   [0;1mSET SQL_AUTO_IS_NULL=0[0m


Processing EnqController#index (for 127.0.0.1 at 2012-05-29 13:26:48) [GET]
  [4;35;1mEnq Load (0.0ms)[0m   [0mSELECT * FROM `enqs` [0m

ActionView::MissingTemplate (Missing template enq/index.erb in view path app/views):
  app/controllers/enq_controller.rb:8:in `index'
  C:/Ruby187/lib/ruby/1.8/webrick/httpserver.rb:104:in `service'
  C:/Ruby187/lib/ruby/1.8/webrick/httpserver.rb:65:in `run'
  C:/Ruby187/lib/ruby/1.8/webrick/server.rb:173:in `start_thread'
  C:/Ruby187/lib/ruby/1.8/webrick/server.rb:162:in `start'
  C:/Ruby187/lib/ruby/1.8/webrick/server.rb:162:in `start_thread'
  C:/Ruby187/lib/ruby/1.8/webrick/server.rb:95:in `start'
  C:/Ruby187/lib/ruby/1.8/webrick/server.rb:92:in `each'
  C:/Ruby187/lib/ruby/1.8/webrick/server.rb:92:in `start'
  C:/Ruby187/lib/ruby/1.8/webrick/server.rb:23:in `start'
  C:/Ruby187/lib/ruby/1.8/webrick/server.rb:82:in `start'

Rendering rescues/layout (internal_server_error)
  [4;36;1mSQL (0.0ms)[0m   [0;1mSET NAMES 'utf8'[0m
  [4;35;1mSQL (0.0ms)[0m   [0mSET SQL_AUTO_IS_NULL=0[0m
  [4;36;1mSQL (1.0ms)[0m   [0;1mSHOW TABLES[0m
  [4;35;1mSQL (36.0ms)[0m   [0mCREATE TABLE `schema_migrations` (`version` varchar(255) NOT NULL) ENGINE=InnoDB[0m
  [4;36;1mSQL (0.0ms)[0m   [0;1mSHOW KEYS FROM `schema_migrations`[0m
  [4;35;1mSQL (47.0ms)[0m   [0mCREATE UNIQUE INDEX `unique_schema_migrations` ON `schema_migrations` (`version`)[0m
  [4;36;1mSQL (0.0ms)[0m   [0;1mSHOW TABLES[0m
  [4;35;1mSQL (0.0ms)[0m   [0mSELECT version FROM schema_migrations[0m
Migrating to CreateEnqPages (20120528012407)
  [4;36;1mSQL (5.0ms)[0m   [0;1mCREATE TABLE `enq_pages` (`id` int(11) DEFAULT NULL auto_increment PRIMARY KEY, `enq_id` int(11) NOT NULL, `page_id` int(11) NOT NULL, `face` varchar(255) NOT NULL, `description` varchar(255), `update_name` varchar(255), `update_date` date, `created_at` datetime, `updated_at` datetime) ENGINE=InnoDB[0m
  [4;35;1mSQL (1.0ms)[0m   [0mSHOW KEYS FROM `enq_pages`[0m
  [4;36;1mSQL (11.0ms)[0m   [0;1mCREATE UNIQUE INDEX `index_enq_pages_on_enq_id` ON `enq_pages` (`enq_id`)[0m
  [4;35;1mSQL (1.0ms)[0m   [0mSHOW KEYS FROM `enq_pages`[0m
  [4;36;1mSQL (11.0ms)[0m   [0;1mCREATE UNIQUE INDEX `index_enq_pages_on_page_id` ON `enq_pages` (`page_id`)[0m
  [4;35;1mSQL (1.0ms)[0m   [0mSHOW KEYS FROM `enq_pages`[0m
  [4;36;1mSQL (67.0ms)[0m   [0;1mCREATE UNIQUE INDEX `index_enq_pages_on_face` ON `enq_pages` (`face`)[0m
  [4;35;1mSQL (2.0ms)[0m   [0mINSERT INTO schema_migrations (version) VALUES ('20120528012407')[0m
Migrating to CreateEnqs (20120528012739)
  [4;36;1mSQL (6.0ms)[0m   [0;1mCREATE TABLE `enqs` (`id` int(11) DEFAULT NULL auto_increment PRIMARY KEY, `enq_id` int(11) NOT NULL, `title` varchar(255), `description` varchar(255), `css` varchar(255), `movie` varchar(255), `update_name` varchar(255), `update_date` date, `created_at` datetime, `updated_at` datetime) ENGINE=InnoDB[0m
  [4;35;1mSQL (2.0ms)[0m   [0mSHOW KEYS FROM `enqs`[0m
  [4;36;1mSQL (11.0ms)[0m   [0;1mCREATE UNIQUE INDEX `index_enqs_on_enq_id` ON `enqs` (`enq_id`)[0m
  [4;35;1mSQL (1.0ms)[0m   [0mINSERT INTO schema_migrations (version) VALUES ('20120528012739')[0m
Migrating to CreateEnqQuestions (20120528012922)
  [4;36;1mSQL (3.0ms)[0m   [0;1mCREATE TABLE `enq_questions` (`id` int(11) DEFAULT NULL auto_increment PRIMARY KEY, `enq_id` int(11) NOT NULL, `no` int(11) NOT NULL, `question_id` int(11) NOT NULL, `update_name` varchar(255), `update_date` date, `created_at` datetime, `updated_at` datetime) ENGINE=InnoDB[0m
  [4;35;1mSQL (0.0ms)[0m   [0mSHOW KEYS FROM `enq_questions`[0m
  [4;36;1mSQL (23.0ms)[0m   [0;1mCREATE UNIQUE INDEX `index_enq_questions_on_enq_id` ON `enq_questions` (`enq_id`)[0m
  [4;35;1mSQL (0.0ms)[0m   [0mSHOW KEYS FROM `enq_questions`[0m
  [4;36;1mSQL (8.0ms)[0m   [0;1mCREATE UNIQUE INDEX `index_enq_questions_on_no` ON `enq_questions` (`no`)[0m
  [4;35;1mSQL (1.0ms)[0m   [0mSHOW KEYS FROM `enq_questions`[0m
  [4;36;1mSQL (36.0ms)[0m   [0;1mCREATE INDEX `index_enq_questions_on_question_id` ON `enq_questions` (`question_id`)[0m
  [4;35;1mSQL (1.0ms)[0m   [0mINSERT INTO schema_migrations (version) VALUES ('20120528012922')[0m
Migrating to CreateChoices (20120528013111)
  [4;36;1mSQL (24.0ms)[0m   [0;1mCREATE TABLE `choices` (`id` int(11) DEFAULT NULL auto_increment PRIMARY KEY, `question_id` int(11) NOT NULL, `choice_id` int(11) NOT NULL, `content` varchar(255) NOT NULL, `update_name` varchar(255), `update_date` date, `created_at` datetime, `updated_at` datetime) ENGINE=InnoDB[0m
  [4;35;1mSQL (1.0ms)[0m   [0mSHOW KEYS FROM `choices`[0m
  [4;36;1mSQL (7.0ms)[0m   [0;1mCREATE UNIQUE INDEX `index_choices_on_question_id` ON `choices` (`question_id`)[0m
  [4;35;1mSQL (1.0ms)[0m   [0mSHOW KEYS FROM `choices`[0m
  [4;36;1mSQL (35.0ms)[0m   [0;1mCREATE UNIQUE INDEX `index_choices_on_choice_id` ON `choices` (`choice_id`)[0m
  [4;35;1mSQL (1.0ms)[0m   [0mINSERT INTO schema_migrations (version) VALUES ('20120528013111')[0m
Migrating to CreateAnswers (20120528013242)
  [4;36;1mSQL (60.0ms)[0m   [0;1mCREATE TABLE `answers` (`id` int(11) DEFAULT NULL auto_increment PRIMARY KEY, `enq_id` int(11) NOT NULL, `no` varchar(255) NOT NULL, `answer` varchar(255) NOT NULL, `update_name` varchar(255), `update_date` date, `created_at` datetime, `updated_at` datetime) ENGINE=InnoDB[0m
  [4;35;1mSQL (0.0ms)[0m   [0mSHOW KEYS FROM `answers`[0m
  [4;36;1mSQL (47.0ms)[0m   [0;1mCREATE UNIQUE INDEX `index_answers_on_enq_id` ON `answers` (`enq_id`)[0m
  [4;35;1mSQL (1.0ms)[0m   [0mSHOW KEYS FROM `answers`[0m
  [4;36;1mSQL (17.0ms)[0m   [0;1mCREATE UNIQUE INDEX `index_answers_on_no` ON `answers` (`no`)[0m
  [4;35;1mSQL (1.0ms)[0m   [0mINSERT INTO schema_migrations (version) VALUES ('20120528013242')[0m
Migrating to CreateQuestions (20120528020920)
  [4;36;1mSQL (36.0ms)[0m   [0;1mCREATE TABLE `questions` (`id` int(11) DEFAULT NULL auto_increment PRIMARY KEY, `question_id` int(11) NOT NULL, `kind` varchar(255) NOT NULL, `title` varchar(255), `content` varchar(255), `answer_content` varchar(255), `answer_description` varchar(255), `update_name` varchar(255), `update_date` date, `created_at` datetime, `updated_at` datetime) ENGINE=InnoDB[0m
  [4;35;1mSQL (1.0ms)[0m   [0mSHOW KEYS FROM `questions`[0m
  [4;36;1mSQL (62.0ms)[0m   [0;1mCREATE UNIQUE INDEX `index_questions_on_question_id` ON `questions` (`question_id`)[0m
  [4;35;1mSQL (2.0ms)[0m   [0mINSERT INTO schema_migrations (version) VALUES ('20120528020920')[0m
  [4;36;1mSQL (1.0ms)[0m   [0;1mSHOW TABLES[0m
  [4;35;1mSQL (0.0ms)[0m   [0mSELECT version FROM schema_migrations[0m
  [4;36;1mSQL (1.0ms)[0m   [0;1mSHOW TABLES[0m
  [4;35;1mSQL (3.0ms)[0m   [0mSHOW FIELDS FROM `answers`[0m
  [4;36;1mSQL (2.0ms)[0m   [0;1mdescribe `answers`[0m
  [4;35;1mSQL (0.0ms)[0m   [0mSHOW KEYS FROM `answers`[0m
  [4;36;1mSQL (2.0ms)[0m   [0;1mSHOW FIELDS FROM `choices`[0m
  [4;35;1mSQL (2.0ms)[0m   [0mdescribe `choices`[0m
  [4;36;1mSQL (1.0ms)[0m   [0;1mSHOW KEYS FROM `choices`[0m
  [4;35;1mSQL (2.0ms)[0m   [0mSHOW FIELDS FROM `enq_pages`[0m
  [4;36;1mSQL (2.0ms)[0m   [0;1mdescribe `enq_pages`[0m
  [4;35;1mSQL (0.0ms)[0m   [0mSHOW KEYS FROM `enq_pages`[0m
  [4;36;1mSQL (3.0ms)[0m   [0;1mSHOW FIELDS FROM `enq_questions`[0m
  [4;35;1mSQL (2.0ms)[0m   [0mdescribe `enq_questions`[0m
  [4;36;1mSQL (1.0ms)[0m   [0;1mSHOW KEYS FROM `enq_questions`[0m
  [4;35;1mSQL (2.0ms)[0m   [0mSHOW FIELDS FROM `enqs`[0m
  [4;36;1mSQL (1.0ms)[0m   [0;1mdescribe `enqs`[0m
  [4;35;1mSQL (0.0ms)[0m   [0mSHOW KEYS FROM `enqs`[0m
  [4;36;1mSQL (1.0ms)[0m   [0;1mSHOW FIELDS FROM `questions`[0m
  [4;35;1mSQL (2.0ms)[0m   [0mdescribe `questions`[0m
  [4;36;1mSQL (1.0ms)[0m   [0;1mSHOW KEYS FROM `questions`[0m
  [4;36;1mSQL (0.0ms)[0m   [0;1mSET NAMES 'utf8'[0m
  [4;35;1mSQL (0.0ms)[0m   [0mSET SQL_AUTO_IS_NULL=0[0m


Processing ApplicationController#index (for 127.0.0.1 at 2012-05-29 15:24:03) [GET]

ActionController::RoutingError (No route matches "/enq" with {:method=>:get}):
  C:/Ruby187/lib/ruby/1.8/webrick/httpserver.rb:104:in `service'
  C:/Ruby187/lib/ruby/1.8/webrick/httpserver.rb:65:in `run'
  C:/Ruby187/lib/ruby/1.8/webrick/server.rb:173:in `start_thread'
  C:/Ruby187/lib/ruby/1.8/webrick/server.rb:162:in `start'
  C:/Ruby187/lib/ruby/1.8/webrick/server.rb:162:in `start_thread'
  C:/Ruby187/lib/ruby/1.8/webrick/server.rb:95:in `start'
  C:/Ruby187/lib/ruby/1.8/webrick/server.rb:92:in `each'
  C:/Ruby187/lib/ruby/1.8/webrick/server.rb:92:in `start'
  C:/Ruby187/lib/ruby/1.8/webrick/server.rb:23:in `start'
  C:/Ruby187/lib/ruby/1.8/webrick/server.rb:82:in `start'

Rendering rescues/layout (not_found)
  [4;36;1mSQL (0.0ms)[0m   [0;1mSET NAMES 'utf8'[0m
  [4;35;1mSQL (0.0ms)[0m   [0mSET SQL_AUTO_IS_NULL=0[0m


Processing EnqsController#index (for 127.0.0.1 at 2012-05-29 15:24:09) [GET]
Rendering enqs/index
Completed in 9ms (View: 8, DB: 0) | 200 OK [http://localhost/enqs]
  [4;36;1mSQL (0.0ms)[0m   [0;1mSET NAMES 'utf8'[0m
  [4;35;1mSQL (0.0ms)[0m   [0mSET SQL_AUTO_IS_NULL=0[0m
  [4;36;1mEnq Columns (2.0ms)[0m   [0;1mSHOW FIELDS FROM `enqs`[0m
  [4;36;1mSQL (0.0ms)[0m   [0;1mSET NAMES 'utf8'[0m
  [4;35;1mSQL (0.0ms)[0m   [0mSET SQL_AUTO_IS_NULL=0[0m
  [4;36;1mEnq Columns (2.0ms)[0m   [0;1mSHOW FIELDS FROM `enqs`[0m
  [4;36;1mSQL (0.0ms)[0m   [0;1mSET NAMES 'utf8'[0m
  [4;35;1mSQL (0.0ms)[0m   [0mSET SQL_AUTO_IS_NULL=0[0m
  [4;36;1mEnq Columns (2.0ms)[0m   [0;1mSHOW FIELDS FROM `enqs`[0m
  [4;35;1mSQL (0.0ms)[0m   [0mBEGIN[0m
  [4;36;1mEnq Create (1.0ms)[0m   [0;1mINSERT INTO `enqs` (`movie`, `enq_id`, `title`, `update_date`, `created_at`, `update_name`, `updated_at`, `description`, `css`) VALUES(NULL, 1, 'test1', NULL, '2012-05-29 06:36:38', NULL, '2012-05-29 06:36:38', 'test1„Åß„Åô', 'css1')[0m
  [4;35;1mSQL (2.0ms)[0m   [0mCOMMIT[0m
  [4;36;1mSQL (0.0ms)[0m   [0;1mSET NAMES 'utf8'[0m
  [4;35;1mSQL (0.0ms)[0m   [0mSET SQL_AUTO_IS_NULL=0[0m
  [4;36;1mEnq Columns (2.0ms)[0m   [0;1mSHOW FIELDS FROM `enqs`[0m
  [4;35;1mSQL (0.0ms)[0m   [0mBEGIN[0m
  [4;36;1mEnq Create (0.0ms)[0m   [0;1mMysql::Error: Duplicate entry '1' for key 'index_enqs_on_enq_id': INSERT INTO `enqs` (`update_date`, `created_at`, `enq_id`, `title`, `description`, `updated_at`, `movie`, `css`, `update_name`) VALUES('2012-05-29', '2012-05-29 06:41:00', 1, 'test1', 'test1„Åß„Åô', '2012-05-29 06:41:00', 'movie1', 'css1', 'Áü≥Â∑ù')[0m
  [4;35;1mSQL (3.0ms)[0m   [0mROLLBACK[0m
  [4;36;1mSQL (1.0ms)[0m   [0;1mSET NAMES 'utf8'[0m
  [4;35;1mSQL (0.0ms)[0m   [0mSET SQL_AUTO_IS_NULL=0[0m
  [4;36;1mSQL (0.0ms)[0m   [0;1mSHOW TABLES[0m
  [4;35;1mSQL (4.0ms)[0m   [0mCREATE TABLE `schema_migrations` (`version` varchar(255) NOT NULL) ENGINE=InnoDB[0m
  [4;36;1mSQL (1.0ms)[0m   [0;1mSHOW KEYS FROM `schema_migrations`[0m
  [4;35;1mSQL (8.0ms)[0m   [0mCREATE UNIQUE INDEX `unique_schema_migrations` ON `schema_migrations` (`version`)[0m
  [4;36;1mSQL (0.0ms)[0m   [0;1mSHOW TABLES[0m
  [4;35;1mSQL (0.0ms)[0m   [0mSELECT version FROM schema_migrations[0m
Migrating to CreateEnqPages (20120528012407)
  [4;36;1mSQL (3.0ms)[0m   [0;1mCREATE TABLE `enq_pages` (`id` int(11) DEFAULT NULL auto_increment PRIMARY KEY, `enq_id` int(11) NOT NULL, `page_id` int(11) NOT NULL, `face` varchar(255) NOT NULL, `description` varchar(255), `update_name` varchar(255), `update_date` date, `created_at` datetime, `updated_at` datetime) ENGINE=InnoDB[0m
  [4;35;1mSQL (1.0ms)[0m   [0mSHOW KEYS FROM `enq_pages`[0m
  [4;36;1mSQL (9.0ms)[0m   [0;1mCREATE UNIQUE INDEX `index_enq_pages_on_enq_id` ON `enq_pages` (`enq_id`)[0m
  [4;35;1mSQL (1.0ms)[0m   [0mSHOW KEYS FROM `enq_pages`[0m
  [4;36;1mSQL (26.0ms)[0m   [0;1mCREATE UNIQUE INDEX `index_enq_pages_on_page_id` ON `enq_pages` (`page_id`)[0m
  [4;35;1mSQL (0.0ms)[0m   [0mSHOW KEYS FROM `enq_pages`[0m
  [4;36;1mSQL (28.0ms)[0m   [0;1mCREATE UNIQUE INDEX `index_enq_pages_on_face` ON `enq_pages` (`face`)[0m
  [4;35;1mSQL (1.0ms)[0m   [0mINSERT INTO schema_migrations (version) VALUES ('20120528012407')[0m
Migrating to CreateEnqs (20120528012739)
  [4;36;1mSQL (5.0ms)[0m   [0;1mCREATE TABLE `enqs` (`id` int(11) DEFAULT NULL auto_increment PRIMARY KEY, `enq_id` int(11) NOT NULL, `title` varchar(255), `description` varchar(255), `css` varchar(255), `movie` varchar(255), `update_name` varchar(255), `update_date` date, `created_at` datetime, `updated_at` datetime) ENGINE=InnoDB[0m
  [4;35;1mSQL (1.0ms)[0m   [0mSHOW KEYS FROM `enqs`[0m
  [4;36;1mSQL (25.0ms)[0m   [0;1mCREATE UNIQUE INDEX `index_enqs_on_enq_id` ON `enqs` (`enq_id`)[0m
  [4;35;1mSQL (1.0ms)[0m   [0mINSERT INTO schema_migrations (version) VALUES ('20120528012739')[0m
Migrating to CreateEnqQuestions (20120528012922)
  [4;36;1mSQL (27.0ms)[0m   [0;1mCREATE TABLE `enq_questions` (`id` int(11) DEFAULT NULL auto_increment PRIMARY KEY, `enq_id` int(11) NOT NULL, `no` int(11) NOT NULL, `question_id` int(11) NOT NULL, `update_name` varchar(255), `update_date` date, `created_at` datetime, `updated_at` datetime) ENGINE=InnoDB[0m
  [4;35;1mSQL (0.0ms)[0m   [0mSHOW KEYS FROM `enq_questions`[0m
  [4;36;1mSQL (31.0ms)[0m   [0;1mCREATE UNIQUE INDEX `index_enq_questions_on_enq_id` ON `enq_questions` (`enq_id`)[0m
  [4;35;1mSQL (2.0ms)[0m   [0mSHOW KEYS FROM `enq_questions`[0m
  [4;36;1mSQL (10.0ms)[0m   [0;1mCREATE UNIQUE INDEX `index_enq_questions_on_no` ON `enq_questions` (`no`)[0m
  [4;35;1mSQL (1.0ms)[0m   [0mSHOW KEYS FROM `enq_questions`[0m
  [4;36;1mSQL (20.0ms)[0m   [0;1mCREATE INDEX `index_enq_questions_on_question_id` ON `enq_questions` (`question_id`)[0m
  [4;35;1mSQL (1.0ms)[0m   [0mINSERT INTO schema_migrations (version) VALUES ('20120528012922')[0m
Migrating to CreateChoices (20120528013111)
  [4;36;1mSQL (37.0ms)[0m   [0;1mCREATE TABLE `choices` (`id` int(11) DEFAULT NULL auto_increment PRIMARY KEY, `question_id` int(11) NOT NULL, `choice_id` int(11) NOT NULL, `content` varchar(255) NOT NULL, `update_name` varchar(255), `update_date` date, `created_at` datetime, `updated_at` datetime) ENGINE=InnoDB[0m
  [4;35;1mSQL (2.0ms)[0m   [0mSHOW KEYS FROM `choices`[0m
  [4;36;1mSQL (43.0ms)[0m   [0;1mCREATE UNIQUE INDEX `index_choices_on_question_id` ON `choices` (`question_id`)[0m
  [4;35;1mSQL (1.0ms)[0m   [0mSHOW KEYS FROM `choices`[0m
  [4;36;1mSQL (37.0ms)[0m   [0;1mCREATE UNIQUE INDEX `index_choices_on_choice_id` ON `choices` (`choice_id`)[0m
  [4;35;1mSQL (1.0ms)[0m   [0mINSERT INTO schema_migrations (version) VALUES ('20120528013111')[0m
Migrating to CreateAnswers (20120528013242)
  [4;36;1mSQL (3.0ms)[0m   [0;1mCREATE TABLE `answers` (`id` int(11) DEFAULT NULL auto_increment PRIMARY KEY, `enq_id` int(11) NOT NULL, `no` varchar(255) NOT NULL, `answer` varchar(255) NOT NULL, `update_name` varchar(255), `update_date` date, `created_at` datetime, `updated_at` datetime) ENGINE=InnoDB[0m
  [4;35;1mSQL (1.0ms)[0m   [0mSHOW KEYS FROM `answers`[0m
  [4;36;1mSQL (52.0ms)[0m   [0;1mCREATE UNIQUE INDEX `index_answers_on_enq_id` ON `answers` (`enq_id`)[0m
  [4;35;1mSQL (1.0ms)[0m   [0mSHOW KEYS FROM `answers`[0m
  [4;36;1mSQL (12.0ms)[0m   [0;1mCREATE UNIQUE INDEX `index_answers_on_no` ON `answers` (`no`)[0m
  [4;35;1mSQL (1.0ms)[0m   [0mINSERT INTO schema_migrations (version) VALUES ('20120528013242')[0m
Migrating to CreateQuestions (20120528020920)
  [4;36;1mSQL (4.0ms)[0m   [0;1mCREATE TABLE `questions` (`id` int(11) DEFAULT NULL auto_increment PRIMARY KEY, `question_id` int(11) NOT NULL, `kind` varchar(255) NOT NULL, `title` varchar(255), `content` varchar(255), `answer_content` varchar(255), `answer_description` varchar(255), `update_name` varchar(255), `update_date` date, `created_at` datetime, `updated_at` datetime) ENGINE=InnoDB[0m
  [4;35;1mSQL (1.0ms)[0m   [0mSHOW KEYS FROM `questions`[0m
  [4;36;1mSQL (11.0ms)[0m   [0;1mCREATE UNIQUE INDEX `index_questions_on_question_id` ON `questions` (`question_id`)[0m
  [4;35;1mSQL (11.0ms)[0m   [0mINSERT INTO schema_migrations (version) VALUES ('20120528020920')[0m
  [4;36;1mSQL (2.0ms)[0m   [0;1mSHOW TABLES[0m
  [4;35;1mSQL (0.0ms)[0m   [0mSELECT version FROM schema_migrations[0m
  [4;36;1mSQL (1.0ms)[0m   [0;1mSHOW TABLES[0m
  [4;35;1mSQL (4.0ms)[0m   [0mSHOW FIELDS FROM `answers`[0m
  [4;36;1mSQL (2.0ms)[0m   [0;1mdescribe `answers`[0m
  [4;35;1mSQL (1.0ms)[0m   [0mSHOW KEYS FROM `answers`[0m
  [4;36;1mSQL (2.0ms)[0m   [0;1mSHOW FIELDS FROM `choices`[0m
  [4;35;1mSQL (2.0ms)[0m   [0mdescribe `choices`[0m
  [4;36;1mSQL (1.0ms)[0m   [0;1mSHOW KEYS FROM `choices`[0m
  [4;35;1mSQL (1.0ms)[0m   [0mSHOW FIELDS FROM `enq_pages`[0m
  [4;36;1mSQL (2.0ms)[0m   [0;1mdescribe `enq_pages`[0m
  [4;35;1mSQL (0.0ms)[0m   [0mSHOW KEYS FROM `enq_pages`[0m
  [4;36;1mSQL (1.0ms)[0m   [0;1mSHOW FIELDS FROM `enq_questions`[0m
  [4;35;1mSQL (2.0ms)[0m   [0mdescribe `enq_questions`[0m
  [4;36;1mSQL (0.0ms)[0m   [0;1mSHOW KEYS FROM `enq_questions`[0m
  [4;35;1mSQL (1.0ms)[0m   [0mSHOW FIELDS FROM `enqs`[0m
  [4;36;1mSQL (1.0ms)[0m   [0;1mdescribe `enqs`[0m
  [4;35;1mSQL (0.0ms)[0m   [0mSHOW KEYS FROM `enqs`[0m
  [4;36;1mSQL (2.0ms)[0m   [0;1mSHOW FIELDS FROM `questions`[0m
  [4;35;1mSQL (2.0ms)[0m   [0mdescribe `questions`[0m
  [4;36;1mSQL (0.0ms)[0m   [0;1mSHOW KEYS FROM `questions`[0m
  [4;36;1mSQL (0.0ms)[0m   [0;1mSET NAMES 'utf8'[0m
  [4;35;1mSQL (0.0ms)[0m   [0mSET SQL_AUTO_IS_NULL=0[0m
  [4;36;1mEnq Columns (2.0ms)[0m   [0;1mSHOW FIELDS FROM `enqs`[0m
  [4;35;1mSQL (0.0ms)[0m   [0mBEGIN[0m
  [4;36;1mEnq Create (1.0ms)[0m   [0;1mINSERT INTO `enqs` (`movie`, `update_date`, `enq_id`, `description`, `update_name`, `title`, `css`, `updated_at`, `created_at`) VALUES('movie1', '2012-05-29', 1, 'test1„Åß„Åô', 'Áü≥Â∑ù', 'test1', 'css1', '2012-05-29 06:59:26', '2012-05-29 06:59:26')[0m
  [4;35;1mSQL (2.0ms)[0m   [0mCOMMIT[0m
  [4;36;1mSQL (0.0ms)[0m   [0;1mBEGIN[0m
  [4;35;1mEnq Create (0.0ms)[0m   [0mINSERT INTO `enqs` (`movie`, `update_date`, `enq_id`, `description`, `update_name`, `title`, `css`, `updated_at`, `created_at`) VALUES('movie2', '2012-05-29', 2, NULL, 'Áü≥Â∑ù', NULL, 'css2', '2012-05-29 06:59:26', '2012-05-29 06:59:26')[0m
  [4;36;1mSQL (44.0ms)[0m   [0;1mCOMMIT[0m
  [4;35;1mSQL (0.0ms)[0m   [0mBEGIN[0m
  [4;36;1mEnq Create (0.0ms)[0m   [0;1mINSERT INTO `enqs` (`movie`, `update_date`, `enq_id`, `description`, `update_name`, `title`, `css`, `updated_at`, `created_at`) VALUES('movie3', '2012-05-29', 3, 'test3„Åß„Åô', 'Áü≥Â∑ù', 'test3', NULL, '2012-05-29 06:59:26', '2012-05-29 06:59:26')[0m
  [4;35;1mSQL (2.0ms)[0m   [0mCOMMIT[0m
  [4;36;1mSQL (1.0ms)[0m   [0;1mBEGIN[0m
  [4;35;1mEnq Create (0.0ms)[0m   [0mINSERT INTO `enqs` (`movie`, `update_date`, `enq_id`, `description`, `update_name`, `title`, `css`, `updated_at`, `created_at`) VALUES(NULL, '2012-05-29', 4, 'test4„Åß„Åô', 'Áü≥Â∑ù', 'test4', 'css4', '2012-05-29 06:59:26', '2012-05-29 06:59:26')[0m
  [4;36;1mSQL (1.0ms)[0m   [0;1mCOMMIT[0m
  [4;35;1mSQL (1.0ms)[0m   [0mBEGIN[0m
  [4;36;1mEnq Create (1.0ms)[0m   [0;1mINSERT INTO `enqs` (`movie`, `update_date`, `enq_id`, `description`, `update_name`, `title`, `css`, `updated_at`, `created_at`) VALUES('movie5', NULL, 5, 'test5„Åß„Åô', NULL, 'test5', 'css5', '2012-05-29 06:59:26', '2012-05-29 06:59:26')[0m
  [4;35;1mSQL (1.0ms)[0m   [0mCOMMIT[0m
  [4;36;1mSQL (0.0ms)[0m   [0;1mSET NAMES 'utf8'[0m
  [4;35;1mSQL (0.0ms)[0m   [0mSET SQL_AUTO_IS_NULL=0[0m


Processing EnqsController#index (for 127.0.0.1 at 2012-05-29 16:07:12) [GET]
  [4;36;1mEnq Load (0.0ms)[0m   [0;1mSELECT * FROM `enqs` [0m

ActionView::MissingTemplate (Missing template enqs/index.erb in view path app/views):
  app/controllers/enqs_controller.rb:8:in `index'
  C:/Ruby187/lib/ruby/1.8/webrick/httpserver.rb:104:in `service'
  C:/Ruby187/lib/ruby/1.8/webrick/httpserver.rb:65:in `run'
  C:/Ruby187/lib/ruby/1.8/webrick/server.rb:173:in `start_thread'
  C:/Ruby187/lib/ruby/1.8/webrick/server.rb:162:in `start'
  C:/Ruby187/lib/ruby/1.8/webrick/server.rb:162:in `start_thread'
  C:/Ruby187/lib/ruby/1.8/webrick/server.rb:95:in `start'
  C:/Ruby187/lib/ruby/1.8/webrick/server.rb:92:in `each'
  C:/Ruby187/lib/ruby/1.8/webrick/server.rb:92:in `start'
  C:/Ruby187/lib/ruby/1.8/webrick/server.rb:23:in `start'
  C:/Ruby187/lib/ruby/1.8/webrick/server.rb:82:in `start'

Rendering rescues/layout (internal_server_error)
  [4;35;1mSQL (0.0ms)[0m   [0mSET NAMES 'utf8'[0m
  [4;36;1mSQL (1.0ms)[0m   [0;1mSET SQL_AUTO_IS_NULL=0[0m


Processing EnqsController#index (for 127.0.0.1 at 2012-05-29 16:07:46) [GET]
  [4;35;1mEnq Load (1.0ms)[0m   [0mSELECT * FROM `enqs` [0m
  [4;36;1mEnq Columns (3.0ms)[0m   [0;1mSHOW FIELDS FROM `enqs`[0m
Completed in 46ms (View: 35, DB: 5) | 200 OK [http://localhost/enqs]
  [4;35;1mSQL (0.0ms)[0m   [0mSET NAMES 'utf8'[0m
  [4;36;1mSQL (0.0ms)[0m   [0;1mSET SQL_AUTO_IS_NULL=0[0m


Processing EnqsController#index (for 127.0.0.1 at 2012-05-29 16:08:45) [GET]
  [4;35;1mEnq Load (1.0ms)[0m   [0mSELECT * FROM `enqs` [0m
Rendering enqs/index
Completed in 11ms (View: 4, DB: 1) | 200 OK [http://localhost/enqs]
  [4;36;1mSQL (1.0ms)[0m   [0;1mSET NAMES 'utf8'[0m
  [4;35;1mSQL (0.0ms)[0m   [0mSET SQL_AUTO_IS_NULL=0[0m


Processing EnqsController#index (for 127.0.0.1 at 2012-05-29 16:10:10) [GET]
  [4;36;1mEnq Load (1.0ms)[0m   [0;1mSELECT * FROM `enqs` [0m
  [4;35;1mEnq Columns (2.0ms)[0m   [0mSHOW FIELDS FROM `enqs`[0m
Completed in 17ms (View: 8, DB: 4) | 200 OK [http://localhost/enqs]
  [4;36;1mSQL (0.0ms)[0m   [0;1mSET NAMES 'utf8'[0m
  [4;35;1mSQL (1.0ms)[0m   [0mSET SQL_AUTO_IS_NULL=0[0m


Processing EnqsController#index (for 127.0.0.1 at 2012-05-29 16:15:54) [GET]
  [4;36;1mEnq Load (0.0ms)[0m   [0;1mSELECT * FROM `enqs` [0m
Rendering enqs/index
  [4;35;1mEnq Columns (2.0ms)[0m   [0mSHOW FIELDS FROM `enqs`[0m

ActionView::TemplateError (undefined method `admin_sei' for #<Enq:0x95fdbb8>) on line #17 of app/views/enqs/index.html.erb:
14: 
15: <% @enqs.each do |e| %>
16:   <tr>
17:     <td><%= e.admin_sei %></td>
18: 	<td><%= e.admin_sei_furigana %></td>
19: 	<td><%= e.admin_mei %></td>
20: 	<td><%= e.admin_mei_furigana %></td>

    app/views/enqs/index.html.erb:17
    app/views/enqs/index.html.erb:15:in `each'
    app/views/enqs/index.html.erb:15
    app/controllers/enqs_controller.rb:12:in `index'
    C:/Ruby187/lib/ruby/1.8/webrick/httpserver.rb:104:in `service'
    C:/Ruby187/lib/ruby/1.8/webrick/httpserver.rb:65:in `run'
    C:/Ruby187/lib/ruby/1.8/webrick/server.rb:173:in `start_thread'
    C:/Ruby187/lib/ruby/1.8/webrick/server.rb:162:in `start'
    C:/Ruby187/lib/ruby/1.8/webrick/server.rb:162:in `start_thread'
    C:/Ruby187/lib/ruby/1.8/webrick/server.rb:95:in `start'
    C:/Ruby187/lib/ruby/1.8/webrick/server.rb:92:in `each'
    C:/Ruby187/lib/ruby/1.8/webrick/server.rb:92:in `start'
    C:/Ruby187/lib/ruby/1.8/webrick/server.rb:23:in `start'
    C:/Ruby187/lib/ruby/1.8/webrick/server.rb:82:in `start'

Rendered rescues/_trace (47.0ms)
Rendered rescues/_request_and_response (32.0ms)
Rendering rescues/layout (internal_server_error)
  [4;36;1mSQL (0.0ms)[0m   [0;1mSET NAMES 'utf8'[0m
  [4;35;1mSQL (0.0ms)[0m   [0mSET SQL_AUTO_IS_NULL=0[0m


Processing EnqsController#index (for 127.0.0.1 at 2012-05-29 16:16:54) [GET]
  [4;36;1mEnq Load (0.0ms)[0m   [0;1mSELECT * FROM `enqs` [0m
Rendering enqs/index
  [4;35;1mEnq Columns (2.0ms)[0m   [0mSHOW FIELDS FROM `enqs`[0m

ActionView::TemplateError (undefined method `decription' for #<Enq:0x9750510>) on line #19 of app/views/enqs/index.html.erb:
16:   <tr>
17:     <td><%= e.enq_id %></td>
18: 	<td><%= e.title %></td>
19: 	<td><%= e.decription %></td>
20: 	<td><%= e.css %></td>
21: 	<td><%= e.movie %></td>
22:   </tr>

    app/views/enqs/index.html.erb:19
    app/views/enqs/index.html.erb:15:in `each'
    app/views/enqs/index.html.erb:15
    app/controllers/enqs_controller.rb:12:in `index'
    C:/Ruby187/lib/ruby/1.8/webrick/httpserver.rb:104:in `service'
    C:/Ruby187/lib/ruby/1.8/webrick/httpserver.rb:65:in `run'
    C:/Ruby187/lib/ruby/1.8/webrick/server.rb:173:in `start_thread'
    C:/Ruby187/lib/ruby/1.8/webrick/server.rb:162:in `start'
    C:/Ruby187/lib/ruby/1.8/webrick/server.rb:162:in `start_thread'
    C:/Ruby187/lib/ruby/1.8/webrick/server.rb:95:in `start'
    C:/Ruby187/lib/ruby/1.8/webrick/server.rb:92:in `each'
    C:/Ruby187/lib/ruby/1.8/webrick/server.rb:92:in `start'
    C:/Ruby187/lib/ruby/1.8/webrick/server.rb:23:in `start'
    C:/Ruby187/lib/ruby/1.8/webrick/server.rb:82:in `start'

Rendered rescues/_trace (45.0ms)
Rendered rescues/_request_and_response (0.0ms)
Rendering rescues/layout (internal_server_error)
  [4;36;1mSQL (0.0ms)[0m   [0;1mSET NAMES 'utf8'[0m
  [4;35;1mSQL (0.0ms)[0m   [0mSET SQL_AUTO_IS_NULL=0[0m


Processing EnqsController#index (for 127.0.0.1 at 2012-05-29 16:17:01) [GET]
  [4;36;1mEnq Load (0.0ms)[0m   [0;1mSELECT * FROM `enqs` [0m
Rendering enqs/index
  [4;35;1mEnq Columns (2.0ms)[0m   [0mSHOW FIELDS FROM `enqs`[0m
Completed in 17ms (View: 8, DB: 2) | 200 OK [http://localhost/enqs]
  [4;36;1mSQL (0.0ms)[0m   [0;1mSET NAMES 'utf8'[0m
  [4;35;1mSQL (0.0ms)[0m   [0mSET SQL_AUTO_IS_NULL=0[0m
  [4;36;1mSQL (0.0ms)[0m   [0;1mSHOW TABLES[0m
  [4;35;1mSQL (234.4ms)[0m   [0mCREATE TABLE `schema_migrations` (`version` varchar(255) NOT NULL) ENGINE=InnoDB[0m
  [4;36;1mSQL (15.6ms)[0m   [0;1mSHOW KEYS FROM `schema_migrations`[0m
  [4;35;1mSQL (296.9ms)[0m   [0mCREATE UNIQUE INDEX `unique_schema_migrations` ON `schema_migrations` (`version`)[0m
  [4;36;1mSQL (15.6ms)[0m   [0;1mSHOW TABLES[0m
  [4;35;1mSQL (0.0ms)[0m   [0mSELECT version FROM schema_migrations[0m
Migrating to CreateEnqPages (20120528012407)
  [4;36;1mSQL (109.4ms)[0m   [0;1mCREATE TABLE `enq_pages` (`id` int(11) DEFAULT NULL auto_increment PRIMARY KEY, `enq_id` int(11) NOT NULL, `page_id` int(11) NOT NULL, `face` varchar(255) NOT NULL, `interval` int(11), `description` varchar(255), `update_name` varchar(255), `update_date` date, `created_at` datetime, `updated_at` datetime) ENGINE=InnoDB[0m
  [4;35;1mSQL (0.0ms)[0m   [0mSHOW KEYS FROM `enq_pages`[0m
  [4;36;1mSQL (359.4ms)[0m   [0;1mCREATE INDEX `index_enq_pages_on_enq_id` ON `enq_pages` (`enq_id`)[0m
  [4;35;1mSQL (15.6ms)[0m   [0mSHOW KEYS FROM `enq_pages`[0m
  [4;36;1mSQL (281.2ms)[0m   [0;1mCREATE INDEX `index_enq_pages_on_page_id` ON `enq_pages` (`page_id`)[0m
  [4;35;1mSQL (15.6ms)[0m   [0mSHOW KEYS FROM `enq_pages`[0m
  [4;36;1mSQL (265.6ms)[0m   [0;1mCREATE INDEX `index_enq_pages_on_face` ON `enq_pages` (`face`)[0m
  [4;35;1mSQL (78.1ms)[0m   [0mINSERT INTO schema_migrations (version) VALUES ('20120528012407')[0m
Migrating to CreateEnqs (20120528012739)
  [4;36;1mSQL (93.8ms)[0m   [0;1mCREATE TABLE `enqs` (`id` int(11) DEFAULT NULL auto_increment PRIMARY KEY, `enq_id` int(11) NOT NULL, `title` varchar(255), `description` varchar(255), `css` varchar(255), `movie` varchar(255), `update_name` varchar(255), `update_date` date, `created_at` datetime, `updated_at` datetime) ENGINE=InnoDB[0m
  [4;35;1mSQL (0.0ms)[0m   [0mSHOW KEYS FROM `enqs`[0m
  [4;36;1mSQL (296.9ms)[0m   [0;1mCREATE UNIQUE INDEX `index_enqs_on_enq_id` ON `enqs` (`enq_id`)[0m
  [4;35;1mSQL (46.9ms)[0m   [0mINSERT INTO schema_migrations (version) VALUES ('20120528012739')[0m
Migrating to CreateEnqQuestions (20120528012922)
  [4;36;1mSQL (93.8ms)[0m   [0;1mCREATE TABLE `enq_questions` (`id` int(11) DEFAULT NULL auto_increment PRIMARY KEY, `enq_id` int(11) NOT NULL, `no` int(11) NOT NULL, `question_id` int(11) NOT NULL, `update_name` varchar(255), `update_date` date, `created_at` datetime, `updated_at` datetime) ENGINE=InnoDB[0m
  [4;35;1mSQL (0.0ms)[0m   [0mSHOW KEYS FROM `enq_questions`[0m
  [4;36;1mSQL (281.2ms)[0m   [0;1mCREATE INDEX `index_enq_questions_on_enq_id` ON `enq_questions` (`enq_id`)[0m
  [4;35;1mSQL (0.0ms)[0m   [0mSHOW KEYS FROM `enq_questions`[0m
  [4;36;1mSQL (265.6ms)[0m   [0;1mCREATE INDEX `index_enq_questions_on_no` ON `enq_questions` (`no`)[0m
  [4;35;1mSQL (0.0ms)[0m   [0mSHOW KEYS FROM `enq_questions`[0m
  [4;36;1mSQL (250.0ms)[0m   [0;1mCREATE INDEX `index_enq_questions_on_question_id` ON `enq_questions` (`question_id`)[0m
  [4;35;1mSQL (31.2ms)[0m   [0mINSERT INTO schema_migrations (version) VALUES ('20120528012922')[0m
Migrating to CreateChoices (20120528013111)
  [4;36;1mSQL (93.8ms)[0m   [0;1mCREATE TABLE `choices` (`id` int(11) DEFAULT NULL auto_increment PRIMARY KEY, `question_id` int(11) NOT NULL, `choice_id` int(11) NOT NULL, `content` varchar(255) NOT NULL, `update_name` varchar(255), `update_date` date, `created_at` datetime, `updated_at` datetime) ENGINE=InnoDB[0m
  [4;35;1mSQL (0.0ms)[0m   [0mSHOW KEYS FROM `choices`[0m
  [4;36;1mSQL (250.0ms)[0m   [0;1mCREATE INDEX `index_choices_on_question_id` ON `choices` (`question_id`)[0m
  [4;35;1mSQL (0.0ms)[0m   [0mSHOW KEYS FROM `choices`[0m
  [4;36;1mSQL (625.0ms)[0m   [0;1mCREATE INDEX `index_choices_on_choice_id` ON `choices` (`choice_id`)[0m
  [4;35;1mSQL (46.9ms)[0m   [0mINSERT INTO schema_migrations (version) VALUES ('20120528013111')[0m
Migrating to CreateAnswers (20120528013242)
  [4;36;1mSQL (312.5ms)[0m   [0;1mCREATE TABLE `answers` (`id` int(11) DEFAULT NULL auto_increment PRIMARY KEY, `enq_id` int(11) NOT NULL, `no` varchar(255) NOT NULL, `answer` varchar(255) NOT NULL, `update_name` varchar(255), `update_date` date, `created_at` datetime, `updated_at` datetime) ENGINE=InnoDB[0m
  [4;35;1mSQL (0.0ms)[0m   [0mSHOW KEYS FROM `answers`[0m
  [4;36;1mSQL (1921.9ms)[0m   [0;1mCREATE INDEX `index_answers_on_enq_id` ON `answers` (`enq_id`)[0m
  [4;35;1mSQL (0.0ms)[0m   [0mSHOW KEYS FROM `answers`[0m
  [4;36;1mSQL (1953.1ms)[0m   [0;1mCREATE INDEX `index_answers_on_no` ON `answers` (`no`)[0m
  [4;35;1mSQL (62.5ms)[0m   [0mINSERT INTO schema_migrations (version) VALUES ('20120528013242')[0m
Migrating to CreateQuestions (20120528020920)
  [4;36;1mSQL (1703.1ms)[0m   [0;1mCREATE TABLE `questions` (`id` int(11) DEFAULT NULL auto_increment PRIMARY KEY, `question_id` int(11) NOT NULL, `kind` varchar(255) NOT NULL, `title` varchar(255), `content` varchar(255), `answer_content` varchar(255), `answer_description` varchar(255), `update_name` varchar(255), `update_date` date, `created_at` datetime, `updated_at` datetime) ENGINE=InnoDB[0m
  [4;35;1mSQL (343.8ms)[0m   [0mSHOW KEYS FROM `questions`[0m
  [4;36;1mSQL (1109.4ms)[0m   [0;1mCREATE UNIQUE INDEX `index_questions_on_question_id` ON `questions` (`question_id`)[0m
  [4;35;1mSQL (78.1ms)[0m   [0mINSERT INTO schema_migrations (version) VALUES ('20120528020920')[0m
  [4;36;1mSQL (0.0ms)[0m   [0;1mSHOW TABLES[0m
  [4;35;1mSQL (0.0ms)[0m   [0mSELECT version FROM schema_migrations[0m
  [4;36;1mSQL (15.6ms)[0m   [0;1mSHOW TABLES[0m
  [4;35;1mSQL (78.1ms)[0m   [0mSHOW FIELDS FROM `answers`[0m
  [4;36;1mSQL (15.6ms)[0m   [0;1mdescribe `answers`[0m
  [4;35;1mSQL (15.6ms)[0m   [0mSHOW KEYS FROM `answers`[0m
  [4;36;1mSQL (15.6ms)[0m   [0;1mSHOW FIELDS FROM `choices`[0m
  [4;35;1mSQL (31.2ms)[0m   [0mdescribe `choices`[0m
  [4;36;1mSQL (0.0ms)[0m   [0;1mSHOW KEYS FROM `choices`[0m
  [4;35;1mSQL (15.6ms)[0m   [0mSHOW FIELDS FROM `enq_pages`[0m
  [4;36;1mSQL (15.6ms)[0m   [0;1mdescribe `enq_pages`[0m
  [4;35;1mSQL (0.0ms)[0m   [0mSHOW KEYS FROM `enq_pages`[0m
  [4;36;1mSQL (15.6ms)[0m   [0;1mSHOW FIELDS FROM `enq_questions`[0m
  [4;35;1mSQL (31.2ms)[0m   [0mdescribe `enq_questions`[0m
  [4;36;1mSQL (0.0ms)[0m   [0;1mSHOW KEYS FROM `enq_questions`[0m
  [4;35;1mSQL (31.2ms)[0m   [0mSHOW FIELDS FROM `enqs`[0m
  [4;36;1mSQL (15.6ms)[0m   [0;1mdescribe `enqs`[0m
  [4;35;1mSQL (0.0ms)[0m   [0mSHOW KEYS FROM `enqs`[0m
  [4;36;1mSQL (31.2ms)[0m   [0;1mSHOW FIELDS FROM `questions`[0m
  [4;35;1mSQL (15.6ms)[0m   [0mdescribe `questions`[0m
  [4;36;1mSQL (0.0ms)[0m   [0;1mSHOW KEYS FROM `questions`[0m
  [4;36;1mSQL (0.0ms)[0m   [0;1mSET NAMES 'utf8'[0m
  [4;35;1mSQL (0.0ms)[0m   [0mSET SQL_AUTO_IS_NULL=0[0m
  [4;36;1mEnq Columns (31.2ms)[0m   [0;1mSHOW FIELDS FROM `enqs`[0m
  [4;35;1mSQL (0.0ms)[0m   [0mBEGIN[0m
  [4;36;1mEnq Create (15.6ms)[0m   [0;1mINSERT INTO `enqs` (`created_at`, `description`, `css`, `movie`, `update_name`, `update_date`, `title`, `enq_id`, `updated_at`) VALUES('2012-05-29 14:11:34', 'test1„Åß„Åô', 'css1', 'movie1', 'Áü≥Â∑ù', '2012-05-29', 'test1', 1, '2012-05-29 14:11:34')[0m
  [4;35;1mSQL (46.9ms)[0m   [0mCOMMIT[0m
  [4;36;1mSQL (0.0ms)[0m   [0;1mBEGIN[0m
  [4;35;1mEnq Create (0.0ms)[0m   [0mINSERT INTO `enqs` (`created_at`, `description`, `css`, `movie`, `update_name`, `update_date`, `title`, `enq_id`, `updated_at`) VALUES('2012-05-29 14:11:34', NULL, 'css2', 'movie2', 'Áü≥Â∑ù', '2012-05-29', NULL, 2, '2012-05-29 14:11:34')[0m
  [4;36;1mSQL (31.2ms)[0m   [0;1mCOMMIT[0m
  [4;35;1mSQL (0.0ms)[0m   [0mBEGIN[0m
  [4;36;1mEnq Create (0.0ms)[0m   [0;1mINSERT INTO `enqs` (`created_at`, `description`, `css`, `movie`, `update_name`, `update_date`, `title`, `enq_id`, `updated_at`) VALUES('2012-05-29 14:11:34', 'test3„Åß„Åô', NULL, 'movie3', 'Áü≥Â∑ù', '2012-05-29', 'test3', 3, '2012-05-29 14:11:34')[0m
  [4;35;1mSQL (31.2ms)[0m   [0mCOMMIT[0m
  [4;36;1mSQL (0.0ms)[0m   [0;1mBEGIN[0m
  [4;35;1mEnq Create (0.0ms)[0m   [0mINSERT INTO `enqs` (`created_at`, `description`, `css`, `movie`, `update_name`, `update_date`, `title`, `enq_id`, `updated_at`) VALUES('2012-05-29 14:11:34', 'test4„Åß„Åô', 'css4', NULL, 'Áü≥Â∑ù', '2012-05-29', 'test4', 4, '2012-05-29 14:11:34')[0m
  [4;36;1mSQL (31.2ms)[0m   [0;1mCOMMIT[0m
  [4;35;1mSQL (15.6ms)[0m   [0mSHOW TABLES[0m
  [4;36;1mEnqPage Columns (15.6ms)[0m   [0;1mSHOW FIELDS FROM `enq_pages`[0m
  [4;36;1mSQL (0.0ms)[0m   [0;1mSET NAMES 'utf8'[0m
  [4;35;1mSQL (0.0ms)[0m   [0mSET SQL_AUTO_IS_NULL=0[0m
  [4;36;1mEnq Columns (31.2ms)[0m   [0;1mSHOW FIELDS FROM `enqs`[0m
  [4;35;1mSQL (0.0ms)[0m   [0mBEGIN[0m
  [4;36;1mEnq Create (0.0ms)[0m   [0;1mMysql::Error: Duplicate entry '1' for key 'index_enqs_on_enq_id': INSERT INTO `enqs` (`description`, `update_name`, `update_date`, `title`, `updated_at`, `enq_id`, `css`, `movie`, `created_at`) VALUES('test1„Åß„Åô', 'Áü≥Â∑ù', '2012-05-29', 'test1', '2012-05-29 14:12:38', 1, 'css1', 'movie1', '2012-05-29 14:12:38')[0m
  [4;35;1mSQL (62.5ms)[0m   [0mROLLBACK[0m
  [4;36;1mSQL (0.0ms)[0m   [0;1mSET NAMES 'utf8'[0m
  [4;35;1mSQL (0.0ms)[0m   [0mSET SQL_AUTO_IS_NULL=0[0m
  [4;36;1mSQL (0.0ms)[0m   [0;1mSHOW TABLES[0m
  [4;35;1mSQL (109.4ms)[0m   [0mCREATE TABLE `schema_migrations` (`version` varchar(255) NOT NULL) ENGINE=InnoDB[0m
  [4;36;1mSQL (0.0ms)[0m   [0;1mSHOW KEYS FROM `schema_migrations`[0m
  [4;35;1mSQL (281.2ms)[0m   [0mCREATE UNIQUE INDEX `unique_schema_migrations` ON `schema_migrations` (`version`)[0m
  [4;36;1mSQL (0.0ms)[0m   [0;1mSHOW TABLES[0m
  [4;35;1mSQL (0.0ms)[0m   [0mSELECT version FROM schema_migrations[0m
Migrating to CreateEnqPages (20120528012407)
  [4;36;1mSQL (218.8ms)[0m   [0;1mCREATE TABLE `enq_pages` (`id` int(11) DEFAULT NULL auto_increment PRIMARY KEY, `enq_id` int(11) NOT NULL, `page_id` int(11) NOT NULL, `face` varchar(255) NOT NULL, `interval` int(11), `description` varchar(255), `update_name` varchar(255), `update_date` date, `created_at` datetime, `updated_at` datetime) ENGINE=InnoDB[0m
  [4;35;1mSQL (0.0ms)[0m   [0mSHOW KEYS FROM `enq_pages`[0m
  [4;36;1mSQL (515.6ms)[0m   [0;1mCREATE INDEX `index_enq_pages_on_enq_id` ON `enq_pages` (`enq_id`)[0m
  [4;35;1mSQL (0.0ms)[0m   [0mSHOW KEYS FROM `enq_pages`[0m
  [4;36;1mSQL (265.6ms)[0m   [0;1mCREATE INDEX `index_enq_pages_on_page_id` ON `enq_pages` (`page_id`)[0m
  [4;35;1mSQL (0.0ms)[0m   [0mSHOW KEYS FROM `enq_pages`[0m
  [4;36;1mSQL (281.2ms)[0m   [0;1mCREATE INDEX `index_enq_pages_on_face` ON `enq_pages` (`face`)[0m
  [4;35;1mSQL (78.1ms)[0m   [0mINSERT INTO schema_migrations (version) VALUES ('20120528012407')[0m
Migrating to CreateEnqs (20120528012739)
  [4;36;1mSQL (109.4ms)[0m   [0;1mCREATE TABLE `enqs` (`id` int(11) DEFAULT NULL auto_increment PRIMARY KEY, `enq_id` int(11) NOT NULL, `title` varchar(255), `description` varchar(255), `css` varchar(255), `movie` varchar(255), `update_name` varchar(255), `update_date` date, `created_at` datetime, `updated_at` datetime) ENGINE=InnoDB[0m
  [4;35;1mSQL (0.0ms)[0m   [0mSHOW KEYS FROM `enqs`[0m
  [4;36;1mSQL (250.0ms)[0m   [0;1mCREATE UNIQUE INDEX `index_enqs_on_enq_id` ON `enqs` (`enq_id`)[0m
  [4;35;1mSQL (109.4ms)[0m   [0mINSERT INTO schema_migrations (version) VALUES ('20120528012739')[0m
Migrating to CreateEnqQuestions (20120528012922)
  [4;36;1mSQL (109.4ms)[0m   [0;1mCREATE TABLE `enq_questions` (`id` int(11) DEFAULT NULL auto_increment PRIMARY KEY, `enq_id` int(11) NOT NULL, `no` int(11) NOT NULL, `question_id` int(11) NOT NULL, `update_name` varchar(255), `update_date` date, `created_at` datetime, `updated_at` datetime) ENGINE=InnoDB[0m
  [4;35;1mSQL (15.6ms)[0m   [0mSHOW KEYS FROM `enq_questions`[0m
  [4;36;1mSQL (234.4ms)[0m   [0;1mCREATE INDEX `index_enq_questions_on_enq_id` ON `enq_questions` (`enq_id`)[0m
  [4;35;1mSQL (0.0ms)[0m   [0mSHOW KEYS FROM `enq_questions`[0m
  [4;36;1mSQL (375.0ms)[0m   [0;1mCREATE INDEX `index_enq_questions_on_no` ON `enq_questions` (`no`)[0m
  [4;35;1mSQL (15.6ms)[0m   [0mSHOW KEYS FROM `enq_questions`[0m
  [4;36;1mSQL (234.4ms)[0m   [0;1mCREATE INDEX `index_enq_questions_on_question_id` ON `enq_questions` (`question_id`)[0m
  [4;35;1mSQL (31.2ms)[0m   [0mINSERT INTO schema_migrations (version) VALUES ('20120528012922')[0m
Migrating to CreateChoices (20120528013111)
  [4;36;1mSQL (93.8ms)[0m   [0;1mCREATE TABLE `choices` (`id` int(11) DEFAULT NULL auto_increment PRIMARY KEY, `question_id` int(11) NOT NULL, `choice_id` int(11) NOT NULL, `content` varchar(255) NOT NULL, `update_name` varchar(255), `update_date` date, `created_at` datetime, `updated_at` datetime) ENGINE=InnoDB[0m
  [4;35;1mSQL (0.0ms)[0m   [0mSHOW KEYS FROM `choices`[0m
  [4;36;1mSQL (218.8ms)[0m   [0;1mCREATE INDEX `index_choices_on_question_id` ON `choices` (`question_id`)[0m
  [4;35;1mSQL (0.0ms)[0m   [0mSHOW KEYS FROM `choices`[0m
  [4;36;1mSQL (437.5ms)[0m   [0;1mCREATE INDEX `index_choices_on_choice_id` ON `choices` (`choice_id`)[0m
  [4;35;1mSQL (31.2ms)[0m   [0mINSERT INTO schema_migrations (version) VALUES ('20120528013111')[0m
Migrating to CreateAnswers (20120528013242)
  [4;36;1mSQL (62.5ms)[0m   [0;1mCREATE TABLE `answers` (`id` int(11) DEFAULT NULL auto_increment PRIMARY KEY, `enq_id` int(11) NOT NULL, `no` varchar(255) NOT NULL, `answer` varchar(255) NOT NULL, `update_name` varchar(255), `update_date` date, `created_at` datetime, `updated_at` datetime) ENGINE=InnoDB[0m
  [4;35;1mSQL (0.0ms)[0m   [0mSHOW KEYS FROM `answers`[0m
  [4;36;1mSQL (218.8ms)[0m   [0;1mCREATE INDEX `index_answers_on_enq_id` ON `answers` (`enq_id`)[0m
  [4;35;1mSQL (0.0ms)[0m   [0mSHOW KEYS FROM `answers`[0m
  [4;36;1mSQL (203.1ms)[0m   [0;1mCREATE INDEX `index_answers_on_no` ON `answers` (`no`)[0m
  [4;35;1mSQL (31.2ms)[0m   [0mINSERT INTO schema_migrations (version) VALUES ('20120528013242')[0m
Migrating to CreateQuestions (20120528020920)
  [4;36;1mSQL (218.8ms)[0m   [0;1mCREATE TABLE `questions` (`id` int(11) DEFAULT NULL auto_increment PRIMARY KEY, `question_id` int(11) NOT NULL, `kind` varchar(255) NOT NULL, `title` varchar(255), `content` varchar(255), `answer_content` varchar(255), `answer_description` varchar(255), `update_name` varchar(255), `update_date` date, `created_at` datetime, `updated_at` datetime) ENGINE=InnoDB[0m
  [4;35;1mSQL (0.0ms)[0m   [0mSHOW KEYS FROM `questions`[0m
  [4;36;1mSQL (218.8ms)[0m   [0;1mCREATE UNIQUE INDEX `index_questions_on_question_id` ON `questions` (`question_id`)[0m
  [4;35;1mSQL (15.6ms)[0m   [0mINSERT INTO schema_migrations (version) VALUES ('20120528020920')[0m
  [4;36;1mSQL (0.0ms)[0m   [0;1mSHOW TABLES[0m
  [4;35;1mSQL (0.0ms)[0m   [0mSELECT version FROM schema_migrations[0m
  [4;36;1mSQL (0.0ms)[0m   [0;1mSHOW TABLES[0m
  [4;35;1mSQL (31.2ms)[0m   [0mSHOW FIELDS FROM `answers`[0m
  [4;36;1mSQL (31.2ms)[0m   [0;1mdescribe `answers`[0m
  [4;35;1mSQL (0.0ms)[0m   [0mSHOW KEYS FROM `answers`[0m
  [4;36;1mSQL (15.6ms)[0m   [0;1mSHOW FIELDS FROM `choices`[0m
  [4;35;1mSQL (15.6ms)[0m   [0mdescribe `choices`[0m
  [4;36;1mSQL (0.0ms)[0m   [0;1mSHOW KEYS FROM `choices`[0m
  [4;35;1mSQL (31.2ms)[0m   [0mSHOW FIELDS FROM `enq_pages`[0m
  [4;36;1mSQL (15.6ms)[0m   [0;1mdescribe `enq_pages`[0m
  [4;35;1mSQL (0.0ms)[0m   [0mSHOW KEYS FROM `enq_pages`[0m
  [4;36;1mSQL (15.6ms)[0m   [0;1mSHOW FIELDS FROM `enq_questions`[0m
  [4;35;1mSQL (15.6ms)[0m   [0mdescribe `enq_questions`[0m
  [4;36;1mSQL (0.0ms)[0m   [0;1mSHOW KEYS FROM `enq_questions`[0m
  [4;35;1mSQL (15.6ms)[0m   [0mSHOW FIELDS FROM `enqs`[0m
  [4;36;1mSQL (31.2ms)[0m   [0;1mdescribe `enqs`[0m
  [4;35;1mSQL (0.0ms)[0m   [0mSHOW KEYS FROM `enqs`[0m
  [4;36;1mSQL (31.2ms)[0m   [0;1mSHOW FIELDS FROM `questions`[0m
  [4;35;1mSQL (15.6ms)[0m   [0mdescribe `questions`[0m
  [4;36;1mSQL (0.0ms)[0m   [0;1mSHOW KEYS FROM `questions`[0m
  [4;36;1mSQL (0.0ms)[0m   [0;1mSET NAMES 'utf8'[0m
  [4;35;1mSQL (0.0ms)[0m   [0mSET SQL_AUTO_IS_NULL=0[0m
  [4;36;1mEnq Columns (31.2ms)[0m   [0;1mSHOW FIELDS FROM `enqs`[0m
  [4;35;1mSQL (0.0ms)[0m   [0mBEGIN[0m
  [4;36;1mEnq Create (0.0ms)[0m   [0;1mINSERT INTO `enqs` (`css`, `update_name`, `enq_id`, `description`, `movie`, `created_at`, `updated_at`, `title`, `update_date`) VALUES('css1', 'Áü≥Â∑ù', 1, 'test1„Åß„Åô', 'movie1', '2012-05-29 14:14:44', '2012-05-29 14:14:44', 'test1', '2012-05-29')[0m
  [4;35;1mSQL (31.2ms)[0m   [0mCOMMIT[0m
  [4;36;1mSQL (0.0ms)[0m   [0;1mBEGIN[0m
  [4;35;1mEnq Create (0.0ms)[0m   [0mINSERT INTO `enqs` (`css`, `update_name`, `enq_id`, `description`, `movie`, `created_at`, `updated_at`, `title`, `update_date`) VALUES('css2', 'Áü≥Â∑ù', 2, NULL, 'movie2', '2012-05-29 14:14:45', '2012-05-29 14:14:45', NULL, '2012-05-29')[0m
  [4;36;1mSQL (31.2ms)[0m   [0;1mCOMMIT[0m
  [4;35;1mSQL (0.0ms)[0m   [0mBEGIN[0m
  [4;36;1mEnq Create (0.0ms)[0m   [0;1mINSERT INTO `enqs` (`css`, `update_name`, `enq_id`, `description`, `movie`, `created_at`, `updated_at`, `title`, `update_date`) VALUES(NULL, 'Áü≥Â∑ù', 3, 'test3„Åß„Åô', 'movie3', '2012-05-29 14:14:45', '2012-05-29 14:14:45', 'test3', '2012-05-29')[0m
  [4;35;1mSQL (46.9ms)[0m   [0mCOMMIT[0m
  [4;36;1mSQL (0.0ms)[0m   [0;1mBEGIN[0m
  [4;35;1mEnq Create (0.0ms)[0m   [0mINSERT INTO `enqs` (`css`, `update_name`, `enq_id`, `description`, `movie`, `created_at`, `updated_at`, `title`, `update_date`) VALUES('css4', 'Áü≥Â∑ù', 4, 'test4„Åß„Åô', NULL, '2012-05-29 14:14:45', '2012-05-29 14:14:45', 'test4', '2012-05-29')[0m
  [4;36;1mSQL (46.9ms)[0m   [0;1mCOMMIT[0m
  [4;35;1mEnqPage Columns (15.6ms)[0m   [0mSHOW FIELDS FROM `enq_pages`[0m
  [4;36;1mSQL (15.6ms)[0m   [0;1mBEGIN[0m
  [4;35;1mEnqPage Create (0.0ms)[0m   [0mINSERT INTO `enq_pages` (`interval`, `page_id`, `update_name`, `enq_id`, `face`, `description`, `created_at`, `updated_at`, `update_date`) VALUES(5, 1, 'Áü≥Â∑ù', 1, 'iOS', 'iOS„Åß„Åô1', '2012-05-29 14:14:45', '2012-05-29 14:14:45', '2012-05-29')[0m
  [4;36;1mSQL (31.2ms)[0m   [0;1mCOMMIT[0m
  [4;35;1mSQL (0.0ms)[0m   [0mBEGIN[0m
  [4;36;1mEnqPage Create (0.0ms)[0m   [0;1mINSERT INTO `enq_pages` (`interval`, `page_id`, `update_name`, `enq_id`, `face`, `description`, `created_at`, `updated_at`, `update_date`) VALUES(5, 2, 'Áü≥Â∑ù', 1, 'iOS', 'iOS„Åß„Åô2', '2012-05-29 14:14:45', '2012-05-29 14:14:45', '2012-05-29')[0m
  [4;35;1mSQL (31.2ms)[0m   [0mCOMMIT[0m
  [4;36;1mSQL (0.0ms)[0m   [0;1mBEGIN[0m
  [4;35;1mEnqPage Create (0.0ms)[0m   [0mINSERT INTO `enq_pages` (`interval`, `page_id`, `update_name`, `enq_id`, `face`, `description`, `created_at`, `updated_at`, `update_date`) VALUES(5, 1, 'Áü≥Â∑ù', 2, 'PC', 'PC„Åß„Åô1', '2012-05-29 14:14:45', '2012-05-29 14:14:45', '2012-05-29')[0m
  [4;36;1mSQL (46.9ms)[0m   [0;1mCOMMIT[0m
  [4;35;1mSQL (0.0ms)[0m   [0mBEGIN[0m
  [4;36;1mEnqPage Create (0.0ms)[0m   [0;1mINSERT INTO `enq_pages` (`interval`, `page_id`, `update_name`, `enq_id`, `face`, `description`, `created_at`, `updated_at`, `update_date`) VALUES(5, 2, 'Áü≥Â∑ù', 2, 'PC', 'PC„Åß„Åô2', '2012-05-29 14:14:45', '2012-05-29 14:14:45', '2012-05-29')[0m
  [4;35;1mSQL (15.6ms)[0m   [0mCOMMIT[0m
  [4;36;1mSQL (0.0ms)[0m   [0;1mBEGIN[0m
  [4;35;1mEnqPage Create (0.0ms)[0m   [0mINSERT INTO `enq_pages` (`interval`, `page_id`, `update_name`, `enq_id`, `face`, `description`, `created_at`, `updated_at`, `update_date`) VALUES(5, 1, 'Áü≥Â∑ù', 3, 'Android', 'Android„Åß„Åô1', '2012-05-29 14:14:45', '2012-05-29 14:14:45', '2012-05-29')[0m
  [4;36;1mSQL (46.9ms)[0m   [0;1mCOMMIT[0m
  [4;35;1mSQL (0.0ms)[0m   [0mBEGIN[0m
  [4;36;1mEnqPage Create (0.0ms)[0m   [0;1mINSERT INTO `enq_pages` (`interval`, `page_id`, `update_name`, `enq_id`, `face`, `description`, `created_at`, `updated_at`, `update_date`) VALUES(NULL, 2, 'Áü≥Â∑ù', 3, 'Android', 'Android„Åß„Åô2', '2012-05-29 14:14:45', '2012-05-29 14:14:45', '2012-05-29')[0m
  [4;35;1mSQL (15.6ms)[0m   [0mCOMMIT[0m
  [4;36;1mSQL (0.0ms)[0m   [0;1mBEGIN[0m
  [4;35;1mEnqPage Create (0.0ms)[0m   [0mINSERT INTO `enq_pages` (`interval`, `page_id`, `update_name`, `enq_id`, `face`, `description`, `created_at`, `updated_at`, `update_date`) VALUES(5, 3, NULL, 3, 'Android', 'Android„Åß„Åô3', '2012-05-29 14:14:45', '2012-05-29 14:14:45', NULL)[0m
  [4;36;1mSQL (15.6ms)[0m   [0;1mCOMMIT[0m
  [4;35;1mSQL (0.0ms)[0m   [0mBEGIN[0m
  [4;36;1mEnqPage Create (0.0ms)[0m   [0;1mINSERT INTO `enq_pages` (`interval`, `page_id`, `update_name`, `enq_id`, `face`, `description`, `created_at`, `updated_at`, `update_date`) VALUES(NULL, 1, 'Áü≥Â∑ù', 4, 'iOS', NULL, '2012-05-29 14:14:45', '2012-05-29 14:14:45', '2012-05-29')[0m
  [4;35;1mSQL (15.6ms)[0m   [0mCOMMIT[0m
  [4;36;1mEnqQuestion Columns (15.6ms)[0m   [0;1mSHOW FIELDS FROM `enq_questions`[0m
  [4;35;1mSQL (0.0ms)[0m   [0mBEGIN[0m
  [4;36;1mEnqQuestion Create (0.0ms)[0m   [0;1mINSERT INTO `enq_questions` (`update_name`, `enq_id`, `created_at`, `question_id`, `updated_at`, `no`, `update_date`) VALUES('Áü≥Â∑ù', 1, '2012-05-29 14:14:45', 1, '2012-05-29 14:14:45', 1, '2012-05-29')[0m
  [4;35;1mSQL (46.9ms)[0m   [0mCOMMIT[0m
  [4;36;1mSQL (0.0ms)[0m   [0;1mBEGIN[0m
  [4;35;1mEnqQuestion Create (0.0ms)[0m   [0mINSERT INTO `enq_questions` (`update_name`, `enq_id`, `created_at`, `question_id`, `updated_at`, `no`, `update_date`) VALUES('Áü≥Â∑ù', 2, '2012-05-29 14:14:45', 2, '2012-05-29 14:14:45', 2, '2012-05-29')[0m
  [4;36;1mSQL (62.5ms)[0m   [0;1mCOMMIT[0m
  [4;35;1mSQL (0.0ms)[0m   [0mBEGIN[0m
  [4;36;1mEnqQuestion Create (0.0ms)[0m   [0;1mINSERT INTO `enq_questions` (`update_name`, `enq_id`, `created_at`, `question_id`, `updated_at`, `no`, `update_date`) VALUES('Áü≥Â∑ù', 3, '2012-05-29 14:14:45', 4, '2012-05-29 14:14:45', 3, '2012-05-29')[0m
  [4;35;1mSQL (62.5ms)[0m   [0mCOMMIT[0m
  [4;36;1mSQL (0.0ms)[0m   [0;1mBEGIN[0m
  [4;35;1mEnqQuestion Create (0.0ms)[0m   [0mINSERT INTO `enq_questions` (`update_name`, `enq_id`, `created_at`, `question_id`, `updated_at`, `no`, `update_date`) VALUES('Áü≥Â∑ù', 4, '2012-05-29 14:14:45', 3, '2012-05-29 14:14:45', 4, '2012-05-29')[0m
  [4;36;1mSQL (31.2ms)[0m   [0;1mCOMMIT[0m
  [4;35;1mSQL (0.0ms)[0m   [0mBEGIN[0m
  [4;36;1mEnqQuestion Create (0.0ms)[0m   [0;1mINSERT INTO `enq_questions` (`update_name`, `enq_id`, `created_at`, `question_id`, `updated_at`, `no`, `update_date`) VALUES('Áü≥Â∑ù', 5, '2012-05-29 14:14:45', 5, '2012-05-29 14:14:45', 5, '2012-05-29')[0m
  [4;35;1mSQL (93.8ms)[0m   [0mCOMMIT[0m
  [4;36;1mQuestion Columns (31.2ms)[0m   [0;1mSHOW FIELDS FROM `questions`[0m
  [4;35;1mSQL (0.0ms)[0m   [0mBEGIN[0m
  [4;36;1mQuestion Create (0.0ms)[0m   [0;1mINSERT INTO `questions` (`kind`, `update_name`, `answer_description`, `created_at`, `question_id`, `updated_at`, `content`, `answer_content`, `title`, `update_date`) VALUES('Ë®≠ÂïèÁ®ÆÈ°û1', 'Áü≥Â∑ù', 'Ê≠£Ëß£Ë™¨Êòé1', '2012-05-29 14:14:45', 1, '2012-05-29 14:14:45', 'Ë®≠ÂïèÂÜÖÂÆπ1', 'Ê≠£Ëß£ÂÜÖÂÆπ1', 'Ë®≠Âïè„Çø„Ç§„Éà„É´1', '2012-05-29')[0m
  [4;35;1mSQL (62.5ms)[0m   [0mCOMMIT[0m
  [4;36;1mSQL (0.0ms)[0m   [0;1mBEGIN[0m
  [4;35;1mQuestion Create (0.0ms)[0m   [0mINSERT INTO `questions` (`kind`, `update_name`, `answer_description`, `created_at`, `question_id`, `updated_at`, `content`, `answer_content`, `title`, `update_date`) VALUES('Ë®≠ÂïèÁ®ÆÈ°û2', 'Áü≥Â∑ù', 'Ê≠£Ëß£Ë™¨Êòé2', '2012-05-29 14:14:46', 2, '2012-05-29 14:14:46', 'Ë®≠ÂïèÂÜÖÂÆπ2', 'Ê≠£Ëß£ÂÜÖÂÆπ2', 'Ë®≠Âïè„Çø„Ç§„Éà„É´2', '2012-05-29')[0m
  [4;36;1mSQL (31.2ms)[0m   [0;1mCOMMIT[0m
  [4;35;1mSQL (0.0ms)[0m   [0mBEGIN[0m
  [4;36;1mQuestion Create (0.0ms)[0m   [0;1mINSERT INTO `questions` (`kind`, `update_name`, `answer_description`, `created_at`, `question_id`, `updated_at`, `content`, `answer_content`, `title`, `update_date`) VALUES('Ë®≠ÂïèÁ®ÆÈ°û3', 'Áü≥Â∑ù', 'Ê≠£Ëß£Ë™¨Êòé3', '2012-05-29 14:14:46', 3, '2012-05-29 14:14:46', 'Ë®≠ÂïèÂÜÖÂÆπ3', 'Ê≠£Ëß£ÂÜÖÂÆπ3', 'Ë®≠Âïè„Çø„Ç§„Éà„É´3', '2012-05-29')[0m
  [4;35;1mSQL (31.2ms)[0m   [0mCOMMIT[0m
  [4;36;1mSQL (0.0ms)[0m   [0;1mBEGIN[0m
  [4;35;1mQuestion Create (0.0ms)[0m   [0mINSERT INTO `questions` (`kind`, `update_name`, `answer_description`, `created_at`, `question_id`, `updated_at`, `content`, `answer_content`, `title`, `update_date`) VALUES('Ë®≠ÂïèÁ®ÆÈ°û4', 'Áü≥Â∑ù', 'Ê≠£Ëß£Ë™¨Êòé4', '2012-05-29 14:14:46', 4, '2012-05-29 14:14:46', 'Ë®≠ÂïèÂÜÖÂÆπ4', 'Ê≠£Ëß£ÂÜÖÂÆπ4', 'Ë®≠Âïè„Çø„Ç§„Éà„É´4', '2012-05-29')[0m
  [4;36;1mSQL (31.2ms)[0m   [0;1mCOMMIT[0m
  [4;35;1mSQL (0.0ms)[0m   [0mBEGIN[0m
  [4;36;1mQuestion Create (0.0ms)[0m   [0;1mINSERT INTO `questions` (`kind`, `update_name`, `answer_description`, `created_at`, `question_id`, `updated_at`, `content`, `answer_content`, `title`, `update_date`) VALUES('Ë®≠ÂïèÁ®ÆÈ°û5', 'Áü≥Â∑ù', 'Ê≠£Ëß£Ë™¨Êòé5', '2012-05-29 14:14:46', 5, '2012-05-29 14:14:46', 'Ë®≠ÂïèÂÜÖÂÆπ5', 'Ê≠£Ëß£ÂÜÖÂÆπ5', 'Ë®≠Âïè„Çø„Ç§„Éà„É´5', '2012-05-29')[0m
  [4;35;1mSQL (31.2ms)[0m   [0mCOMMIT[0m
  [4;36;1mChoice Columns (31.2ms)[0m   [0;1mSHOW FIELDS FROM `choices`[0m
  [4;35;1mSQL (0.0ms)[0m   [0mBEGIN[0m
  [4;36;1mChoice Create (0.0ms)[0m   [0;1mINSERT INTO `choices` (`update_name`, `created_at`, `question_id`, `choice_id`, `updated_at`, `content`, `update_date`) VALUES('Áü≥Â∑ù', '2012-05-29 14:14:46', 1, 1, '2012-05-29 14:14:46', 'ÈÅ∏ÊäûËÇ¢ÂÜÖÂÆπ1', '2012-05-29')[0m
  [4;35;1mSQL (78.1ms)[0m   [0mCOMMIT[0m
  [4;36;1mSQL (0.0ms)[0m   [0;1mBEGIN[0m
  [4;35;1mChoice Create (0.0ms)[0m   [0mINSERT INTO `choices` (`update_name`, `created_at`, `question_id`, `choice_id`, `updated_at`, `content`, `update_date`) VALUES('Áü≥Â∑ù', '2012-05-29 14:14:46', 2, 2, '2012-05-29 14:14:46', 'ÈÅ∏ÊäûËÇ¢ÂÜÖÂÆπ2', '2012-05-29')[0m
  [4;36;1mSQL (46.9ms)[0m   [0;1mCOMMIT[0m
  [4;35;1mSQL (0.0ms)[0m   [0mBEGIN[0m
  [4;36;1mChoice Create (0.0ms)[0m   [0;1mINSERT INTO `choices` (`update_name`, `created_at`, `question_id`, `choice_id`, `updated_at`, `content`, `update_date`) VALUES('Áü≥Â∑ù', '2012-05-29 14:14:46', 3, 3, '2012-05-29 14:14:46', 'ÈÅ∏ÊäûËÇ¢ÂÜÖÂÆπ3', '2012-05-29')[0m
  [4;35;1mSQL (31.2ms)[0m   [0mCOMMIT[0m
  [4;36;1mSQL (0.0ms)[0m   [0;1mBEGIN[0m
  [4;35;1mChoice Create (0.0ms)[0m   [0mINSERT INTO `choices` (`update_name`, `created_at`, `question_id`, `choice_id`, `updated_at`, `content`, `update_date`) VALUES('Áü≥Â∑ù', '2012-05-29 14:14:46', 4, 4, '2012-05-29 14:14:46', 'ÈÅ∏ÊäûËÇ¢ÂÜÖÂÆπ4', '2012-05-29')[0m
  [4;36;1mSQL (31.2ms)[0m   [0;1mCOMMIT[0m
  [4;35;1mSQL (0.0ms)[0m   [0mBEGIN[0m
  [4;36;1mChoice Create (0.0ms)[0m   [0;1mINSERT INTO `choices` (`update_name`, `created_at`, `question_id`, `choice_id`, `updated_at`, `content`, `update_date`) VALUES('Áü≥Â∑ù', '2012-05-29 14:14:46', 5, 5, '2012-05-29 14:14:46', 'ÈÅ∏ÊäûËÇ¢ÂÜÖÂÆπ5', '2012-05-29')[0m
  [4;35;1mSQL (31.2ms)[0m   [0mCOMMIT[0m
  [4;36;1mAnswer Columns (15.6ms)[0m   [0;1mSHOW FIELDS FROM `answers`[0m
  [4;35;1mSQL (0.0ms)[0m   [0mBEGIN[0m
  [4;36;1mAnswer Create (0.0ms)[0m   [0;1mINSERT INTO `answers` (`update_name`, `enq_id`, `created_at`, `updated_at`, `no`, `answer`, `update_date`) VALUES('Áü≥Â∑ù', 1, '2012-05-29 14:14:46', '2012-05-29 14:14:46', 1, 'ÂõûÁ≠î1', '2012-05-29')[0m
  [4;35;1mSQL (93.8ms)[0m   [0mCOMMIT[0m
  [4;36;1mSQL (0.0ms)[0m   [0;1mBEGIN[0m
  [4;35;1mAnswer Create (0.0ms)[0m   [0mINSERT INTO `answers` (`update_name`, `enq_id`, `created_at`, `updated_at`, `no`, `answer`, `update_date`) VALUES('Áü≥Â∑ù', 2, '2012-05-29 14:14:46', '2012-05-29 14:14:46', 2, 'ÂõûÁ≠î2', '2012-05-29')[0m
  [4;36;1mSQL (93.8ms)[0m   [0;1mCOMMIT[0m
  [4;35;1mSQL (0.0ms)[0m   [0mBEGIN[0m
  [4;36;1mAnswer Create (0.0ms)[0m   [0;1mINSERT INTO `answers` (`update_name`, `enq_id`, `created_at`, `updated_at`, `no`, `answer`, `update_date`) VALUES('Áü≥Â∑ù', 3, '2012-05-29 14:14:46', '2012-05-29 14:14:46', 3, 'ÂõûÁ≠î3', '2012-05-29')[0m
  [4;35;1mSQL (31.2ms)[0m   [0mCOMMIT[0m
  [4;36;1mSQL (0.0ms)[0m   [0;1mBEGIN[0m
  [4;35;1mAnswer Create (0.0ms)[0m   [0mINSERT INTO `answers` (`update_name`, `enq_id`, `created_at`, `updated_at`, `no`, `answer`, `update_date`) VALUES('Áü≥Â∑ù', 4, '2012-05-29 14:14:46', '2012-05-29 14:14:46', 4, 'ÂõûÁ≠î4', '2012-05-29')[0m
  [4;36;1mSQL (31.2ms)[0m   [0;1mCOMMIT[0m
  [4;35;1mSQL (0.0ms)[0m   [0mBEGIN[0m
  [4;36;1mAnswer Create (0.0ms)[0m   [0;1mINSERT INTO `answers` (`update_name`, `enq_id`, `created_at`, `updated_at`, `no`, `answer`, `update_date`) VALUES('Áü≥Â∑ù', 3, '2012-05-29 14:14:46', '2012-05-29 14:14:46', 5, 'ÂõûÁ≠î5', '2012-05-29')[0m
  [4;35;1mSQL (31.2ms)[0m   [0mCOMMIT[0m
  [4;36;1mSQL (0.0ms)[0m   [0;1mSET NAMES 'utf8'[0m
  [4;35;1mSQL (0.0ms)[0m   [0mSET SQL_AUTO_IS_NULL=0[0m
  [4;36;1mSQL (0.0ms)[0m   [0;1mSHOW TABLES[0m
  [4;35;1mSQL (93.8ms)[0m   [0mCREATE TABLE `schema_migrations` (`version` varchar(255) NOT NULL) ENGINE=InnoDB[0m
  [4;36;1mSQL (0.0ms)[0m   [0;1mSHOW KEYS FROM `schema_migrations`[0m
  [4;35;1mSQL (265.6ms)[0m   [0mCREATE UNIQUE INDEX `unique_schema_migrations` ON `schema_migrations` (`version`)[0m
  [4;36;1mSQL (0.0ms)[0m   [0;1mSHOW TABLES[0m
  [4;35;1mSQL (0.0ms)[0m   [0mSELECT version FROM schema_migrations[0m
Migrating to CreateEnqPages (20120528012407)
  [4;36;1mSQL (93.8ms)[0m   [0;1mCREATE TABLE `enq_pages` (`id` int(11) DEFAULT NULL auto_increment PRIMARY KEY, `enq_id` int(11) NOT NULL, `page_id` int(11) NOT NULL, `face` varchar(255) NOT NULL, `interval` int(11), `description` varchar(255), `update_name` varchar(255), `update_date` date, `created_at` datetime, `updated_at` datetime) ENGINE=InnoDB[0m
  [4;35;1mSQL (15.6ms)[0m   [0mSHOW KEYS FROM `enq_pages`[0m
  [4;36;1mSQL (281.2ms)[0m   [0;1mCREATE INDEX `index_enq_pages_on_enq_id` ON `enq_pages` (`enq_id`)[0m
  [4;35;1mSQL (0.0ms)[0m   [0mSHOW KEYS FROM `enq_pages`[0m
  [4;36;1mSQL (265.6ms)[0m   [0;1mCREATE INDEX `index_enq_pages_on_page_id` ON `enq_pages` (`page_id`)[0m
  [4;35;1mSQL (0.0ms)[0m   [0mSHOW KEYS FROM `enq_pages`[0m
  [4;36;1mSQL (281.2ms)[0m   [0;1mCREATE INDEX `index_enq_pages_on_face` ON `enq_pages` (`face`)[0m
  [4;35;1mSQL (31.2ms)[0m   [0mINSERT INTO schema_migrations (version) VALUES ('20120528012407')[0m
Migrating to CreateEnqs (20120528012739)
  [4;36;1mSQL (250.0ms)[0m   [0;1mCREATE TABLE `enqs` (`id` int(11) DEFAULT NULL auto_increment PRIMARY KEY, `enq_id` int(11) NOT NULL, `title` varchar(255), `description` varchar(255), `css` varchar(255), `movie` varchar(255), `update_name` varchar(255), `update_date` date, `created_at` datetime, `updated_at` datetime) ENGINE=InnoDB[0m
  [4;35;1mSQL (0.0ms)[0m   [0mSHOW KEYS FROM `enqs`[0m
  [4;36;1mSQL (234.4ms)[0m   [0;1mCREATE UNIQUE INDEX `index_enqs_on_enq_id` ON `enqs` (`enq_id`)[0m
  [4;35;1mSQL (31.2ms)[0m   [0mINSERT INTO schema_migrations (version) VALUES ('20120528012739')[0m
Migrating to CreateEnqQuestions (20120528012922)
  [4;36;1mSQL (93.8ms)[0m   [0;1mCREATE TABLE `enq_questions` (`id` int(11) DEFAULT NULL auto_increment PRIMARY KEY, `enq_id` int(11) NOT NULL, `no` int(11) NOT NULL, `question_id` int(11) NOT NULL, `update_name` varchar(255), `update_date` date, `created_at` datetime, `updated_at` datetime) ENGINE=InnoDB[0m
  [4;35;1mSQL (0.0ms)[0m   [0mSHOW KEYS FROM `enq_questions`[0m
  [4;36;1mSQL (250.0ms)[0m   [0;1mCREATE INDEX `index_enq_questions_on_enq_id` ON `enq_questions` (`enq_id`)[0m
  [4;35;1mSQL (0.0ms)[0m   [0mSHOW KEYS FROM `enq_questions`[0m
  [4;36;1mSQL (312.5ms)[0m   [0;1mCREATE INDEX `index_enq_questions_on_no` ON `enq_questions` (`no`)[0m
  [4;35;1mSQL (0.0ms)[0m   [0mSHOW KEYS FROM `enq_questions`[0m
  [4;36;1mSQL (265.6ms)[0m   [0;1mCREATE INDEX `index_enq_questions_on_question_id` ON `enq_questions` (`question_id`)[0m
  [4;35;1mSQL (46.9ms)[0m   [0mINSERT INTO schema_migrations (version) VALUES ('20120528012922')[0m
Migrating to CreateChoices (20120528013111)
  [4;36;1mSQL (93.8ms)[0m   [0;1mCREATE TABLE `choices` (`id` int(11) DEFAULT NULL auto_increment PRIMARY KEY, `question_id` int(11) NOT NULL, `choice_id` int(11) NOT NULL, `content` varchar(255) NOT NULL, `update_name` varchar(255), `update_date` date, `created_at` datetime, `updated_at` datetime) ENGINE=InnoDB[0m
  [4;35;1mSQL (0.0ms)[0m   [0mSHOW KEYS FROM `choices`[0m
  [4;36;1mSQL (265.6ms)[0m   [0;1mCREATE INDEX `index_choices_on_question_id` ON `choices` (`question_id`)[0m
  [4;35;1mSQL (0.0ms)[0m   [0mSHOW KEYS FROM `choices`[0m
  [4;36;1mSQL (390.6ms)[0m   [0;1mCREATE INDEX `index_choices_on_choice_id` ON `choices` (`choice_id`)[0m
  [4;35;1mSQL (31.2ms)[0m   [0mINSERT INTO schema_migrations (version) VALUES ('20120528013111')[0m
Migrating to CreateAnswers (20120528013242)
  [4;36;1mSQL (93.8ms)[0m   [0;1mCREATE TABLE `answers` (`id` int(11) DEFAULT NULL auto_increment PRIMARY KEY, `enq_id` int(11) NOT NULL, `no` varchar(255) NOT NULL, `answer` varchar(255) NOT NULL, `update_name` varchar(255), `update_date` date, `created_at` datetime, `updated_at` datetime) ENGINE=InnoDB[0m
  [4;35;1mSQL (0.0ms)[0m   [0mSHOW KEYS FROM `answers`[0m
  [4;36;1mSQL (296.9ms)[0m   [0;1mCREATE INDEX `index_answers_on_enq_id` ON `answers` (`enq_id`)[0m
  [4;35;1mSQL (0.0ms)[0m   [0mSHOW KEYS FROM `answers`[0m
  [4;36;1mSQL (312.5ms)[0m   [0;1mCREATE INDEX `index_answers_on_no` ON `answers` (`no`)[0m
  [4;35;1mSQL (46.9ms)[0m   [0mINSERT INTO schema_migrations (version) VALUES ('20120528013242')[0m
Migrating to CreateQuestions (20120528020920)
  [4;36;1mSQL (93.8ms)[0m   [0;1mCREATE TABLE `questions` (`id` int(11) DEFAULT NULL auto_increment PRIMARY KEY, `question_id` int(11) NOT NULL, `kind` varchar(255) NOT NULL, `title` varchar(255), `content` varchar(255), `answer_content` varchar(255), `answer_description` varchar(255), `update_name` varchar(255), `update_date` date, `created_at` datetime, `updated_at` datetime) ENGINE=InnoDB[0m
  [4;35;1mSQL (15.6ms)[0m   [0mSHOW KEYS FROM `questions`[0m
  [4;36;1mSQL (250.0ms)[0m   [0;1mCREATE UNIQUE INDEX `index_questions_on_question_id` ON `questions` (`question_id`)[0m
  [4;35;1mSQL (31.2ms)[0m   [0mINSERT INTO schema_migrations (version) VALUES ('20120528020920')[0m
  [4;36;1mSQL (0.0ms)[0m   [0;1mSHOW TABLES[0m
  [4;35;1mSQL (0.0ms)[0m   [0mSELECT version FROM schema_migrations[0m
  [4;36;1mSQL (15.6ms)[0m   [0;1mSHOW TABLES[0m
  [4;35;1mSQL (62.5ms)[0m   [0mSHOW FIELDS FROM `answers`[0m
  [4;36;1mSQL (31.2ms)[0m   [0;1mdescribe `answers`[0m
  [4;35;1mSQL (0.0ms)[0m   [0mSHOW KEYS FROM `answers`[0m
  [4;36;1mSQL (31.2ms)[0m   [0;1mSHOW FIELDS FROM `choices`[0m
  [4;35;1mSQL (31.2ms)[0m   [0mdescribe `choices`[0m
  [4;36;1mSQL (0.0ms)[0m   [0;1mSHOW KEYS FROM `choices`[0m
  [4;35;1mSQL (31.2ms)[0m   [0mSHOW FIELDS FROM `enq_pages`[0m
  [4;36;1mSQL (31.2ms)[0m   [0;1mdescribe `enq_pages`[0m
  [4;35;1mSQL (0.0ms)[0m   [0mSHOW KEYS FROM `enq_pages`[0m
  [4;36;1mSQL (31.2ms)[0m   [0;1mSHOW FIELDS FROM `enq_questions`[0m
  [4;35;1mSQL (31.2ms)[0m   [0mdescribe `enq_questions`[0m
  [4;36;1mSQL (0.0ms)[0m   [0;1mSHOW KEYS FROM `enq_questions`[0m
  [4;35;1mSQL (31.2ms)[0m   [0mSHOW FIELDS FROM `enqs`[0m
  [4;36;1mSQL (15.6ms)[0m   [0;1mdescribe `enqs`[0m
  [4;35;1mSQL (15.6ms)[0m   [0mSHOW KEYS FROM `enqs`[0m
  [4;36;1mSQL (15.6ms)[0m   [0;1mSHOW FIELDS FROM `questions`[0m
  [4;35;1mSQL (31.2ms)[0m   [0mdescribe `questions`[0m
  [4;36;1mSQL (0.0ms)[0m   [0;1mSHOW KEYS FROM `questions`[0m
  [4;36;1mSQL (0.0ms)[0m   [0;1mSET NAMES 'utf8'[0m
  [4;35;1mSQL (0.0ms)[0m   [0mSET SQL_AUTO_IS_NULL=0[0m


Processing TopController#index (for 127.0.0.1 at 2012-05-30 04:22:39) [GET]
Rendering top/index
Completed in 141ms (View: 141, DB: 0) | 200 OK [http://localhost/]
  [4;36;1mSQL (0.0ms)[0m   [0;1mSET NAMES 'utf8'[0m
  [4;35;1mSQL (0.0ms)[0m   [0mSET SQL_AUTO_IS_NULL=0[0m


Processing ApplicationController#index (for 127.0.0.1 at 2012-05-30 04:22:53) [GET]

SyntaxError (C:/Documents and Settings/NCI/ÉfÉXÉNÉgÉbÉv/api-test/APIs/app/controllers/enq_pages_controller.rb:19: syntax error, unexpected $end, expecting kEND):
  C:/Ruby187/lib/ruby/1.8/webrick/httpserver.rb:104:in `service'
  C:/Ruby187/lib/ruby/1.8/webrick/httpserver.rb:65:in `run'
  C:/Ruby187/lib/ruby/1.8/webrick/server.rb:173:in `start_thread'
  C:/Ruby187/lib/ruby/1.8/webrick/server.rb:162:in `start'
  C:/Ruby187/lib/ruby/1.8/webrick/server.rb:162:in `start_thread'
  C:/Ruby187/lib/ruby/1.8/webrick/server.rb:95:in `start'
  C:/Ruby187/lib/ruby/1.8/webrick/server.rb:92:in `each'
  C:/Ruby187/lib/ruby/1.8/webrick/server.rb:92:in `start'
  C:/Ruby187/lib/ruby/1.8/webrick/server.rb:23:in `start'
  C:/Ruby187/lib/ruby/1.8/webrick/server.rb:82:in `start'

Rendered rescues/_trace (93.8ms)
Rendered rescues/_request_and_response (0.0ms)
Rendering rescues/layout (internal_server_error)
