  [4;36;1mSQL (0.0ms)[0m   [0;1mSET NAMES 'utf8'[0m
  [4;35;1mSQL (0.0ms)[0m   [0mSET SQL_AUTO_IS_NULL=0[0m
  [4;36;1mSQL (1.0ms)[0m   [0;1mSHOW TABLES[0m
  [4;35;1mSQL (0.0ms)[0m   [0mSELECT version FROM schema_migrations[0m
Migrating to CreateEnqs (20120530085133)
  [4;36;1mSQL (0.0ms)[0m   [0;1mMysql::Error: Table 'enqs' already exists: CREATE TABLE `enqs` (`id` int(11) DEFAULT NULL auto_increment PRIMARY KEY, `uuid` varchar(36), `enq_id` int(11) NOT NULL, `page_id` int(11) NOT NULL, `status` int(11) NOT NULL, `title` varchar(255), `description` varchar(255), `css` varchar(255), `movie` varchar(255), `update_name` varchar(255), `update_date` date, `created_at` datetime, `updated_at` datetime) ENGINE=InnoDB[0m
  [4;36;1mSQL (0.0ms)[0m   [0;1mSET NAMES 'utf8'[0m
  [4;35;1mSQL (0.0ms)[0m   [0mSET SQL_AUTO_IS_NULL=0[0m
  [4;36;1mSQL (0.0ms)[0m   [0;1mSHOW TABLES[0m
  [4;35;1mSQL (2.0ms)[0m   [0mCREATE TABLE `schema_migrations` (`version` varchar(255) NOT NULL) ENGINE=InnoDB[0m
  [4;36;1mSQL (1.0ms)[0m   [0;1mSHOW KEYS FROM `schema_migrations`[0m
  [4;35;1mSQL (32.0ms)[0m   [0mCREATE UNIQUE INDEX `unique_schema_migrations` ON `schema_migrations` (`version`)[0m
  [4;36;1mSQL (0.0ms)[0m   [0;1mSHOW TABLES[0m
  [4;35;1mSQL (0.0ms)[0m   [0mSELECT version FROM schema_migrations[0m
Migrating to CreateEnqs (20120530085133)
  [4;36;1mSQL (3.0ms)[0m   [0;1mCREATE TABLE `enqs` (`id` int(11) DEFAULT NULL auto_increment PRIMARY KEY, `uuid` varchar(36), `enq_id` int(11) NOT NULL, `page_id` int(11) NOT NULL, `status` int(11) NOT NULL, `title` varchar(255), `description` varchar(255), `css` varchar(255), `movie` varchar(255), `update_name` varchar(255), `update_date` date, `created_at` datetime, `updated_at` datetime) ENGINE=InnoDB[0m
  [4;35;1mSQL (1.0ms)[0m   [0mSHOW KEYS FROM `enqs`[0m
  [4;36;1mSQL (27.0ms)[0m   [0;1mCREATE UNIQUE INDEX `index_enqs_on_enq_id` ON `enqs` (`enq_id`)[0m
  [4;35;1mSQL (1.0ms)[0m   [0mINSERT INTO schema_migrations (version) VALUES ('20120530085133')[0m
Migrating to CreateEnqPages (20120530085142)
  [4;36;1mSQL (18.0ms)[0m   [0;1mCREATE TABLE `enq_pages` (`uuid` varchar(36), `enq_id` int(11) NOT NULL, `page_id` int(11) NOT NULL, `face` varchar(255) NOT NULL, `description` varchar(255), `interval` int(11), `update_name` varchar(255), `update_date` date, `created_at` datetime, `updated_at` datetime) ENGINE=InnoDB[0m
  [4;35;1mSQL (1.0ms)[0m   [0mSHOW KEYS FROM `enq_pages`[0m
  [4;36;1mSQL (20.0ms)[0m   [0;1mCREATE UNIQUE INDEX `index_enq_pages_on_enq_id` ON `enq_pages` (`enq_id`)[0m
  [4;35;1mSQL (1.0ms)[0m   [0mSHOW KEYS FROM `enq_pages`[0m
  [4;36;1mSQL (38.0ms)[0m   [0;1mCREATE UNIQUE INDEX `index_enq_pages_on_page_id` ON `enq_pages` (`page_id`)[0m
  [4;35;1mSQL (0.0ms)[0m   [0mSHOW KEYS FROM `enq_pages`[0m
  [4;36;1mSQL (20.0ms)[0m   [0;1mCREATE UNIQUE INDEX `index_enq_pages_on_face` ON `enq_pages` (`face`)[0m
  [4;35;1mSQL (1.0ms)[0m   [0mINSERT INTO schema_migrations (version) VALUES ('20120530085142')[0m
Migrating to CreateEnqQuestions (20120530085157)
  [4;36;1mSQL (4.0ms)[0m   [0;1mCREATE TABLE `enq_questions` (`uuid` varchar(36), `enq_id` int(11) NOT NULL, `num` int(11) NOT NULL, `question_id` int(11) NOT NULL, `update_name` varchar(255), `update_date` date, `created_at` datetime, `updated_at` datetime) ENGINE=InnoDB[0m
  [4;35;1mSQL (1.0ms)[0m   [0mSHOW KEYS FROM `enq_questions`[0m
  [4;36;1mSQL (31.0ms)[0m   [0;1mCREATE UNIQUE INDEX `index_enq_questions_on_enq_id` ON `enq_questions` (`enq_id`)[0m
  [4;35;1mSQL (1.0ms)[0m   [0mSHOW KEYS FROM `enq_questions`[0m
  [4;36;1mSQL (8.0ms)[0m   [0;1mCREATE UNIQUE INDEX `index_enq_questions_on_num` ON `enq_questions` (`num`)[0m
  [4;35;1mSQL (1.0ms)[0m   [0mSHOW KEYS FROM `enq_questions`[0m
  [4;36;1mSQL (62.0ms)[0m   [0;1mCREATE INDEX `index_enq_questions_on_question_id` ON `enq_questions` (`question_id`)[0m
  [4;35;1mSQL (6.0ms)[0m   [0mINSERT INTO schema_migrations (version) VALUES ('20120530085157')[0m
Migrating to CreateBranches (20120530085258)
  [4;36;1mSQL (4.0ms)[0m   [0;1mCREATE TABLE `branches` (`uuid` varchar(36), `enq_id` int(11) NOT NULL, `num` int(11) NOT NULL, `answer` varchar(255) NOT NULL, `page_id` int(11) NOT NULL, `update_name` varchar(255), `update_date` date, `created_at` datetime, `updated_at` datetime) ENGINE=InnoDB[0m
  [4;35;1mSQL (1.0ms)[0m   [0mSHOW KEYS FROM `branches`[0m
  [4;36;1mSQL (52.0ms)[0m   [0;1mCREATE UNIQUE INDEX `index_branches_on_enq_id` ON `branches` (`enq_id`)[0m
  [4;35;1mSQL (1.0ms)[0m   [0mSHOW KEYS FROM `branches`[0m
  [4;36;1mSQL (26.0ms)[0m   [0;1mCREATE UNIQUE INDEX `index_branches_on_num` ON `branches` (`num`)[0m
  [4;35;1mSQL (1.0ms)[0m   [0mSHOW KEYS FROM `branches`[0m
  [4;36;1mSQL (27.0ms)[0m   [0;1mCREATE UNIQUE INDEX `index_branches_on_answer` ON `branches` (`answer`)[0m
  [4;35;1mSQL (0.0ms)[0m   [0mSHOW KEYS FROM `branches`[0m
  [4;36;1mSQL (19.0ms)[0m   [0;1mCREATE INDEX `index_branches_on_page_id` ON `branches` (`page_id`)[0m
  [4;35;1mSQL (2.0ms)[0m   [0mINSERT INTO schema_migrations (version) VALUES ('20120530085258')[0m
Migrating to CreateQuestions (20120530085305)
  [4;36;1mSQL (56.0ms)[0m   [0;1mCREATE TABLE `questions` (`uuid` varchar(36), `question_id` int(11) NOT NULL, `kind` varchar(255) NOT NULL, `title` varchar(255), `content` varchar(255), `required` tinyint(1), `answer_content` varchar(255), `answer_description` varchar(255), `update_name` varchar(255), `update_date` date, `created_at` datetime, `updated_at` datetime) ENGINE=InnoDB[0m
  [4;35;1mSQL (1.0ms)[0m   [0mSHOW KEYS FROM `questions`[0m
  [4;36;1mSQL (66.0ms)[0m   [0;1mCREATE UNIQUE INDEX `index_questions_on_question_id` ON `questions` (`question_id`)[0m
  [4;35;1mSQL (12.0ms)[0m   [0mINSERT INTO schema_migrations (version) VALUES ('20120530085305')[0m
Migrating to CreateChoices (20120530085309)
  [4;36;1mSQL (29.0ms)[0m   [0;1mCREATE TABLE `choices` (`uuid` varchar(36), `question_id` int(11) NOT NULL, `choice_id` int(11) NOT NULL, `content` varchar(255) NOT NULL, `update_name` varchar(255), `update_date` date, `created_at` datetime, `updated_at` datetime) ENGINE=InnoDB[0m
  [4;35;1mSQL (1.0ms)[0m   [0mSHOW KEYS FROM `choices`[0m
  [4;36;1mSQL (19.0ms)[0m   [0;1mCREATE UNIQUE INDEX `index_choices_on_question_id` ON `choices` (`question_id`)[0m
  [4;35;1mSQL (1.0ms)[0m   [0mSHOW KEYS FROM `choices`[0m
  [4;36;1mSQL (52.0ms)[0m   [0;1mCREATE UNIQUE INDEX `index_choices_on_choice_id` ON `choices` (`choice_id`)[0m
  [4;35;1mSQL (2.0ms)[0m   [0mINSERT INTO schema_migrations (version) VALUES ('20120530085309')[0m
Migrating to CreateAnswers (20120530085313)
  [4;36;1mSQL (41.0ms)[0m   [0;1mCREATE TABLE `answers` (`uuid` varchar(36), `enq_id` int(11) NOT NULL, `num` int(11) NOT NULL, `answer` varchar(255), `update_name` varchar(255), `update_date` date, `created_at` datetime, `updated_at` datetime) ENGINE=InnoDB[0m
  [4;35;1mSQL (1.0ms)[0m   [0mSHOW KEYS FROM `answers`[0m
  [4;36;1mSQL (81.0ms)[0m   [0;1mCREATE UNIQUE INDEX `index_answers_on_enq_id` ON `answers` (`enq_id`)[0m
  [4;35;1mSQL (1.0ms)[0m   [0mSHOW KEYS FROM `answers`[0m
  [4;36;1mSQL (48.0ms)[0m   [0;1mCREATE UNIQUE INDEX `index_answers_on_num` ON `answers` (`num`)[0m
  [4;35;1mSQL (1.0ms)[0m   [0mINSERT INTO schema_migrations (version) VALUES ('20120530085313')[0m
  [4;36;1mSQL (2.0ms)[0m   [0;1mSHOW TABLES[0m
  [4;35;1mSQL (1.0ms)[0m   [0mSELECT version FROM schema_migrations[0m
  [4;36;1mSQL (1.0ms)[0m   [0;1mSHOW TABLES[0m
  [4;35;1mSQL (3.0ms)[0m   [0mSHOW FIELDS FROM `answers`[0m
  [4;36;1mSQL (2.0ms)[0m   [0;1mdescribe `answers`[0m
  [4;35;1mSQL (1.0ms)[0m   [0mSHOW KEYS FROM `answers`[0m
  [4;36;1mSQL (2.0ms)[0m   [0;1mSHOW FIELDS FROM `branches`[0m
  [4;35;1mSQL (2.0ms)[0m   [0mdescribe `branches`[0m
  [4;36;1mSQL (1.0ms)[0m   [0;1mSHOW KEYS FROM `branches`[0m
  [4;35;1mSQL (1.0ms)[0m   [0mSHOW FIELDS FROM `choices`[0m
  [4;36;1mSQL (1.0ms)[0m   [0;1mdescribe `choices`[0m
  [4;35;1mSQL (0.0ms)[0m   [0mSHOW KEYS FROM `choices`[0m
  [4;36;1mSQL (2.0ms)[0m   [0;1mSHOW FIELDS FROM `enq_pages`[0m
  [4;35;1mSQL (2.0ms)[0m   [0mdescribe `enq_pages`[0m
  [4;36;1mSQL (1.0ms)[0m   [0;1mSHOW KEYS FROM `enq_pages`[0m
  [4;35;1mSQL (2.0ms)[0m   [0mSHOW FIELDS FROM `enq_questions`[0m
  [4;36;1mSQL (1.0ms)[0m   [0;1mdescribe `enq_questions`[0m
  [4;35;1mSQL (0.0ms)[0m   [0mSHOW KEYS FROM `enq_questions`[0m
  [4;36;1mSQL (2.0ms)[0m   [0;1mSHOW FIELDS FROM `enqs`[0m
  [4;35;1mSQL (2.0ms)[0m   [0mdescribe `enqs`[0m
  [4;36;1mSQL (0.0ms)[0m   [0;1mSHOW KEYS FROM `enqs`[0m
  [4;35;1mSQL (1.0ms)[0m   [0mSHOW FIELDS FROM `questions`[0m
  [4;36;1mSQL (2.0ms)[0m   [0;1mdescribe `questions`[0m
  [4;35;1mSQL (1.0ms)[0m   [0mSHOW KEYS FROM `questions`[0m
  [4;36;1mSQL (0.0ms)[0m   [0;1mSET NAMES 'utf8'[0m
  [4;35;1mSQL (0.0ms)[0m   [0mSET SQL_AUTO_IS_NULL=0[0m
  [4;36;1mSQL (0.0ms)[0m   [0;1mSHOW TABLES[0m
  [4;35;1mSQL (3.0ms)[0m   [0mCREATE TABLE `schema_migrations` (`version` varchar(255) NOT NULL) ENGINE=InnoDB[0m
  [4;36;1mSQL (0.0ms)[0m   [0;1mSHOW KEYS FROM `schema_migrations`[0m
  [4;35;1mSQL (8.0ms)[0m   [0mCREATE UNIQUE INDEX `unique_schema_migrations` ON `schema_migrations` (`version`)[0m
  [4;36;1mSQL (0.0ms)[0m   [0;1mSHOW TABLES[0m
  [4;35;1mSQL (0.0ms)[0m   [0mSELECT version FROM schema_migrations[0m
Migrating to CreateEnqs (20120530085133)
  [4;36;1mSQL (4.0ms)[0m   [0;1mCREATE TABLE `enqs` (`id` int(11) DEFAULT NULL auto_increment PRIMARY KEY, `uuid` varchar(36), `enq_id` int(11) NOT NULL, `page_id` int(11) NOT NULL, `status` int(11) NOT NULL, `title` varchar(255), `description` varchar(255), `css` varchar(255), `movie` varchar(255), `update_name` varchar(255), `update_date` date, `created_at` datetime, `updated_at` datetime) ENGINE=InnoDB[0m
  [4;35;1mSQL (1.0ms)[0m   [0mSHOW KEYS FROM `enqs`[0m
  [4;36;1mSQL (8.0ms)[0m   [0;1mCREATE UNIQUE INDEX `index_enqs_on_enq_id` ON `enqs` (`enq_id`)[0m
  [4;35;1mSQL (1.0ms)[0m   [0mINSERT INTO schema_migrations (version) VALUES ('20120530085133')[0m
Migrating to CreateEnqPages (20120530085142)
  [4;36;1mSQL (3.0ms)[0m   [0;1mCREATE TABLE `enq_pages` (`uuid` varchar(36), `enq_id` int(11) NOT NULL, `page_id` int(11) NOT NULL, `face` varchar(255) NOT NULL, `description` varchar(255), `interval` int(11), `update_name` varchar(255), `update_date` date, `created_at` datetime, `updated_at` datetime) ENGINE=InnoDB[0m
  [4;35;1mSQL (0.0ms)[0m   [0mSHOW KEYS FROM `enq_pages`[0m
  [4;36;1mSQL (31.0ms)[0m   [0;1mCREATE INDEX `index_enq_pages_on_enq_id` ON `enq_pages` (`enq_id`)[0m
  [4;35;1mSQL (1.0ms)[0m   [0mSHOW KEYS FROM `enq_pages`[0m
  [4;36;1mSQL (14.0ms)[0m   [0;1mCREATE INDEX `index_enq_pages_on_page_id` ON `enq_pages` (`page_id`)[0m
  [4;35;1mSQL (1.0ms)[0m   [0mSHOW KEYS FROM `enq_pages`[0m
  [4;36;1mSQL (10.0ms)[0m   [0;1mCREATE INDEX `index_enq_pages_on_face` ON `enq_pages` (`face`)[0m
  [4;35;1mSQL (1.0ms)[0m   [0mINSERT INTO schema_migrations (version) VALUES ('20120530085142')[0m
Migrating to CreateEnqQuestions (20120530085157)
  [4;36;1mSQL (23.0ms)[0m   [0;1mCREATE TABLE `enq_questions` (`uuid` varchar(36), `enq_id` int(11) NOT NULL, `num` int(11) NOT NULL, `question_id` int(11) NOT NULL, `update_name` varchar(255), `update_date` date, `created_at` datetime, `updated_at` datetime) ENGINE=InnoDB[0m
  [4;35;1mSQL (1.0ms)[0m   [0mSHOW KEYS FROM `enq_questions`[0m
  [4;36;1mSQL (53.0ms)[0m   [0;1mCREATE INDEX `index_enq_questions_on_enq_id` ON `enq_questions` (`enq_id`)[0m
  [4;35;1mSQL (1.0ms)[0m   [0mSHOW KEYS FROM `enq_questions`[0m
  [4;36;1mSQL (60.0ms)[0m   [0;1mCREATE INDEX `index_enq_questions_on_num` ON `enq_questions` (`num`)[0m
  [4;35;1mSQL (1.0ms)[0m   [0mSHOW KEYS FROM `enq_questions`[0m
  [4;36;1mSQL (80.0ms)[0m   [0;1mCREATE INDEX `index_enq_questions_on_question_id` ON `enq_questions` (`question_id`)[0m
  [4;35;1mSQL (1.0ms)[0m   [0mINSERT INTO schema_migrations (version) VALUES ('20120530085157')[0m
Migrating to CreateBranches (20120530085258)
  [4;36;1mSQL (5.0ms)[0m   [0;1mCREATE TABLE `branches` (`uuid` varchar(36), `enq_id` int(11) NOT NULL, `num` int(11) NOT NULL, `answer` varchar(255) NOT NULL, `page_id` int(11) NOT NULL, `update_name` varchar(255), `update_date` date, `created_at` datetime, `updated_at` datetime) ENGINE=InnoDB[0m
  [4;35;1mSQL (2.0ms)[0m   [0mSHOW KEYS FROM `branches`[0m
  [4;36;1mSQL (35.0ms)[0m   [0;1mCREATE INDEX `index_branches_on_enq_id` ON `branches` (`enq_id`)[0m
  [4;35;1mSQL (0.0ms)[0m   [0mSHOW KEYS FROM `branches`[0m
  [4;36;1mSQL (10.0ms)[0m   [0;1mCREATE INDEX `index_branches_on_num` ON `branches` (`num`)[0m
  [4;35;1mSQL (0.0ms)[0m   [0mSHOW KEYS FROM `branches`[0m
  [4;36;1mSQL (9.0ms)[0m   [0;1mCREATE INDEX `index_branches_on_answer` ON `branches` (`answer`)[0m
  [4;35;1mSQL (1.0ms)[0m   [0mSHOW KEYS FROM `branches`[0m
  [4;36;1mSQL (10.0ms)[0m   [0;1mCREATE INDEX `index_branches_on_page_id` ON `branches` (`page_id`)[0m
  [4;35;1mSQL (1.0ms)[0m   [0mINSERT INTO schema_migrations (version) VALUES ('20120530085258')[0m
Migrating to CreateQuestions (20120530085305)
  [4;36;1mSQL (4.0ms)[0m   [0;1mCREATE TABLE `questions` (`uuid` varchar(36), `question_id` int(11) NOT NULL, `kind` varchar(255) NOT NULL, `title` varchar(255), `content` varchar(255), `required` tinyint(1), `answer_content` varchar(255), `answer_description` varchar(255), `update_name` varchar(255), `update_date` date, `created_at` datetime, `updated_at` datetime) ENGINE=InnoDB[0m
  [4;35;1mSQL (1.0ms)[0m   [0mSHOW KEYS FROM `questions`[0m
  [4;36;1mSQL (27.0ms)[0m   [0;1mCREATE UNIQUE INDEX `index_questions_on_question_id` ON `questions` (`question_id`)[0m
  [4;35;1mSQL (1.0ms)[0m   [0mINSERT INTO schema_migrations (version) VALUES ('20120530085305')[0m
Migrating to CreateChoices (20120530085309)
  [4;36;1mSQL (26.0ms)[0m   [0;1mCREATE TABLE `choices` (`uuid` varchar(36), `question_id` int(11) NOT NULL, `choice_id` int(11) NOT NULL, `content` varchar(255) NOT NULL, `update_name` varchar(255), `update_date` date, `created_at` datetime, `updated_at` datetime) ENGINE=InnoDB[0m
  [4;35;1mSQL (1.0ms)[0m   [0mSHOW KEYS FROM `choices`[0m
  [4;36;1mSQL (16.0ms)[0m   [0;1mCREATE INDEX `index_choices_on_question_id` ON `choices` (`question_id`)[0m
  [4;35;1mSQL (1.0ms)[0m   [0mSHOW KEYS FROM `choices`[0m
  [4;36;1mSQL (17.0ms)[0m   [0;1mCREATE INDEX `index_choices_on_choice_id` ON `choices` (`choice_id`)[0m
  [4;35;1mSQL (3.0ms)[0m   [0mINSERT INTO schema_migrations (version) VALUES ('20120530085309')[0m
Migrating to CreateAnswers (20120530085313)
  [4;36;1mSQL (14.0ms)[0m   [0;1mCREATE TABLE `answers` (`uuid` varchar(36), `enq_id` int(11) NOT NULL, `num` int(11) NOT NULL, `answer` varchar(255), `update_name` varchar(255), `update_date` date, `created_at` datetime, `updated_at` datetime) ENGINE=InnoDB[0m
  [4;35;1mSQL (1.0ms)[0m   [0mSHOW KEYS FROM `answers`[0m
  [4;36;1mSQL (54.0ms)[0m   [0;1mCREATE INDEX `index_answers_on_enq_id` ON `answers` (`enq_id`)[0m
  [4;35;1mSQL (2.0ms)[0m   [0mSHOW KEYS FROM `answers`[0m
  [4;36;1mSQL (40.0ms)[0m   [0;1mCREATE INDEX `index_answers_on_num` ON `answers` (`num`)[0m
  [4;35;1mSQL (2.0ms)[0m   [0mINSERT INTO schema_migrations (version) VALUES ('20120530085313')[0m
  [4;36;1mSQL (2.0ms)[0m   [0;1mSHOW TABLES[0m
  [4;35;1mSQL (0.0ms)[0m   [0mSELECT version FROM schema_migrations[0m
  [4;36;1mSQL (1.0ms)[0m   [0;1mSHOW TABLES[0m
  [4;35;1mSQL (3.0ms)[0m   [0mSHOW FIELDS FROM `answers`[0m
  [4;36;1mSQL (3.0ms)[0m   [0;1mdescribe `answers`[0m
  [4;35;1mSQL (1.0ms)[0m   [0mSHOW KEYS FROM `answers`[0m
  [4;36;1mSQL (2.0ms)[0m   [0;1mSHOW FIELDS FROM `branches`[0m
  [4;35;1mSQL (1.0ms)[0m   [0mdescribe `branches`[0m
  [4;36;1mSQL (0.0ms)[0m   [0;1mSHOW KEYS FROM `branches`[0m
  [4;35;1mSQL (2.0ms)[0m   [0mSHOW FIELDS FROM `choices`[0m
  [4;36;1mSQL (2.0ms)[0m   [0;1mdescribe `choices`[0m
  [4;35;1mSQL (1.0ms)[0m   [0mSHOW KEYS FROM `choices`[0m
  [4;36;1mSQL (2.0ms)[0m   [0;1mSHOW FIELDS FROM `enq_pages`[0m
  [4;35;1mSQL (2.0ms)[0m   [0mdescribe `enq_pages`[0m
  [4;36;1mSQL (1.0ms)[0m   [0;1mSHOW KEYS FROM `enq_pages`[0m
  [4;35;1mSQL (1.0ms)[0m   [0mSHOW FIELDS FROM `enq_questions`[0m
  [4;36;1mSQL (1.0ms)[0m   [0;1mdescribe `enq_questions`[0m
  [4;35;1mSQL (0.0ms)[0m   [0mSHOW KEYS FROM `enq_questions`[0m
  [4;36;1mSQL (2.0ms)[0m   [0;1mSHOW FIELDS FROM `enqs`[0m
  [4;35;1mSQL (1.0ms)[0m   [0mdescribe `enqs`[0m
  [4;36;1mSQL (0.0ms)[0m   [0;1mSHOW KEYS FROM `enqs`[0m
  [4;35;1mSQL (2.0ms)[0m   [0mSHOW FIELDS FROM `questions`[0m
  [4;36;1mSQL (2.0ms)[0m   [0;1mdescribe `questions`[0m
  [4;35;1mSQL (1.0ms)[0m   [0mSHOW KEYS FROM `questions`[0m
  [4;36;1mSQL (0.0ms)[0m   [0;1mSET NAMES 'utf8'[0m
  [4;35;1mSQL (0.0ms)[0m   [0mSET SQL_AUTO_IS_NULL=0[0m


Processing ApplicationController#index (for 127.0.0.1 at 2012-05-30 19:53:39) [GET]

NameError (uninitialized constant EnqController):
  C:/Ruby187/lib/ruby/1.8/webrick/httpserver.rb:104:in `service'
  C:/Ruby187/lib/ruby/1.8/webrick/httpserver.rb:65:in `run'
  C:/Ruby187/lib/ruby/1.8/webrick/server.rb:173:in `start_thread'
  C:/Ruby187/lib/ruby/1.8/webrick/server.rb:162:in `start'
  C:/Ruby187/lib/ruby/1.8/webrick/server.rb:162:in `start_thread'
  C:/Ruby187/lib/ruby/1.8/webrick/server.rb:95:in `start'
  C:/Ruby187/lib/ruby/1.8/webrick/server.rb:92:in `each'
  C:/Ruby187/lib/ruby/1.8/webrick/server.rb:92:in `start'
  C:/Ruby187/lib/ruby/1.8/webrick/server.rb:23:in `start'
  C:/Ruby187/lib/ruby/1.8/webrick/server.rb:82:in `start'

Rendered rescues/_trace (20.0ms)
Rendered rescues/_request_and_response (1.0ms)
Rendering rescues/layout (internal_server_error)
  [4;36;1mSQL (0.0ms)[0m   [0;1mSET NAMES 'utf8'[0m
  [4;35;1mSQL (0.0ms)[0m   [0mSET SQL_AUTO_IS_NULL=0[0m


Processing EnqsController#index (for 127.0.0.1 at 2012-05-30 19:56:29) [GET]
  [4;36;1mEnq Load (1.0ms)[0m   [0;1mSELECT * FROM `enqs` [0m
Rendering template within layouts/enqs
Rendering enqs/index
Completed in 4981ms (View: 4958, DB: 1) | 200 OK [http://localhost/enqs]
  [4;35;1mSQL (0.0ms)[0m   [0mSET NAMES 'utf8'[0m
  [4;36;1mSQL (0.0ms)[0m   [0;1mSET SQL_AUTO_IS_NULL=0[0m


Processing EnqsController#new (for 127.0.0.1 at 2012-05-30 19:56:42) [GET]
  [4;35;1mEnq Columns (3.0ms)[0m   [0mSHOW FIELDS FROM `enqs`[0m
Rendering template within layouts/enqs
Rendering enqs/new
Completed in 45ms (View: 36, DB: 3) | 200 OK [http://localhost/enqs/new]
  [4;36;1mSQL (0.0ms)[0m   [0;1mSET NAMES 'utf8'[0m
  [4;35;1mSQL (0.0ms)[0m   [0mSET SQL_AUTO_IS_NULL=0[0m


Processing EnqsController#new (for 127.0.0.1 at 2012-05-30 19:57:00) [GET]
  [4;36;1mEnq Columns (2.0ms)[0m   [0;1mSHOW FIELDS FROM `enqs`[0m
Rendering template within layouts/enqs
Rendering enqs/new
Completed in 19ms (View: 11, DB: 2) | 200 OK [http://localhost/enqs/new]
  [4;35;1mSQL (0.0ms)[0m   [0mSET NAMES 'utf8'[0m
  [4;36;1mSQL (0.0ms)[0m   [0;1mSET SQL_AUTO_IS_NULL=0[0m


Processing EnqsController#create (for 127.0.0.1 at 2012-05-30 19:59:39) [POST]
  Parameters: {"authenticity_token"=>"W53Yo1Dn8C3xMPkfqfe7xaoYokNPpcsDxdlM5AgO5W0=", "enq"=>{"update_date(1i)"=>"2012", "update_name"=>"a", "description"=>"a", "enq_id"=>"1", "movie"=>"a", "update_date(2i)"=>"5", "update_date(3i)"=>"30", "title"=>"a", "page_id"=>"1", "css"=>"a", "status"=>"1"}, "commit"=>"Create"}
  [4;35;1mEnq Columns (3.0ms)[0m   [0mSHOW FIELDS FROM `enqs`[0m
  [4;36;1mSQL (0.0ms)[0m   [0;1mBEGIN[0m
  [4;35;1mEnq Create (0.0ms)[0m   [0mINSERT INTO `enqs` (`enq_id`, `description`, `update_name`, `movie`, `updated_at`, `title`, `uuid`, `page_id`, `status`, `css`, `created_at`, `update_date`) VALUES(1, 'a', 'a', 'a', '2012-05-30 10:59:39', 'a', NULL, 1, 1, 'a', '2012-05-30 10:59:39', '2012-05-30')[0m
  [4;36;1mSQL (3.0ms)[0m   [0;1mCOMMIT[0m
Redirected to http://localhost:3000/enqs/1
Completed in 16ms (DB: 6) | 302 Found [http://localhost/enqs]
  [4;35;1mSQL (0.0ms)[0m   [0mSET NAMES 'utf8'[0m
  [4;36;1mSQL (1.0ms)[0m   [0;1mSET SQL_AUTO_IS_NULL=0[0m


Processing EnqsController#show (for 127.0.0.1 at 2012-05-30 19:59:39) [GET]
  Parameters: {"id"=>"1"}
  [4;35;1mEnq Columns (2.0ms)[0m   [0mSHOW FIELDS FROM `enqs`[0m
  [4;36;1mEnq Load (1.0ms)[0m   [0;1mSELECT * FROM `enqs` WHERE (`enqs`.`id` = 1) [0m
Rendering template within layouts/enqs
Rendering enqs/show
Completed in 15ms (View: 7, DB: 4) | 200 OK [http://localhost/enqs/1]
  [4;35;1mSQL (0.0ms)[0m   [0mSET NAMES 'utf8'[0m
  [4;36;1mSQL (0.0ms)[0m   [0;1mSET SQL_AUTO_IS_NULL=0[0m


Processing EnqsController#index (for 127.0.0.1 at 2012-05-30 19:59:42) [GET]
  [4;35;1mEnq Load (1.0ms)[0m   [0mSELECT * FROM `enqs` [0m
Rendering template within layouts/enqs
Rendering enqs/index
  [4;36;1mEnq Columns (2.0ms)[0m   [0;1mSHOW FIELDS FROM `enqs`[0m
Completed in 17ms (View: 8, DB: 3) | 200 OK [http://localhost/enqs]
  [4;35;1mSQL (0.0ms)[0m   [0mSET NAMES 'utf8'[0m
  [4;36;1mSQL (0.0ms)[0m   [0;1mSET SQL_AUTO_IS_NULL=0[0m


Processing EnqsController#destroy (for 127.0.0.1 at 2012-05-30 20:09:37) [DELETE]
  Parameters: {"authenticity_token"=>"W53Yo1Dn8C3xMPkfqfe7xaoYokNPpcsDxdlM5AgO5W0=", "id"=>"1"}
  [4;35;1mEnq Columns (2.0ms)[0m   [0mSHOW FIELDS FROM `enqs`[0m
  [4;36;1mEnq Load (0.0ms)[0m   [0;1mSELECT * FROM `enqs` WHERE (`enqs`.`id` = 1) [0m
  [4;35;1mSQL (0.0ms)[0m   [0mBEGIN[0m
  [4;36;1mEnq Destroy (21.0ms)[0m   [0;1mDELETE FROM `enqs` WHERE `id` = 1[0m
  [4;35;1mSQL (1.0ms)[0m   [0mCOMMIT[0m
Redirected to http://localhost:3000/enqs
Completed in 33ms (DB: 24) | 302 Found [http://localhost/enqs/1]
  [4;36;1mSQL (0.0ms)[0m   [0;1mSET NAMES 'utf8'[0m
  [4;35;1mSQL (1.0ms)[0m   [0mSET SQL_AUTO_IS_NULL=0[0m


Processing EnqsController#index (for 127.0.0.1 at 2012-05-30 20:09:37) [GET]
  [4;36;1mEnq Load (0.0ms)[0m   [0;1mSELECT * FROM `enqs` [0m
Rendering template within layouts/enqs
Rendering enqs/index
Completed in 7ms (View: 1, DB: 1) | 200 OK [http://localhost/enqs]
  [4;35;1mSQL (0.0ms)[0m   [0mSET NAMES 'utf8'[0m
  [4;36;1mSQL (0.0ms)[0m   [0;1mSET SQL_AUTO_IS_NULL=0[0m


Processing EnqsController#new (for 127.0.0.1 at 2012-05-30 20:09:38) [GET]
  [4;35;1mEnq Columns (3.0ms)[0m   [0mSHOW FIELDS FROM `enqs`[0m
Rendering template within layouts/enqs
Rendering enqs/new
Completed in 28ms (View: 17, DB: 3) | 200 OK [http://localhost/enqs/new]
  [4;36;1mSQL (0.0ms)[0m   [0;1mSET NAMES 'utf8'[0m
  [4;35;1mSQL (0.0ms)[0m   [0mSET SQL_AUTO_IS_NULL=0[0m


Processing EnqsController#create (for 127.0.0.1 at 2012-05-30 20:09:52) [POST]
  Parameters: {"authenticity_token"=>"W53Yo1Dn8C3xMPkfqfe7xaoYokNPpcsDxdlM5AgO5W0=", "enq"=>{"update_date(1i)"=>"2012", "update_name"=>"a", "description"=>"a", "enq_id"=>"1", "movie"=>"a", "update_date(2i)"=>"5", "update_date(3i)"=>"30", "title"=>"a", "page_id"=>"1", "css"=>"a", "status"=>"1"}, "commit"=>"Create"}
  [4;36;1mEnq Columns (2.0ms)[0m   [0;1mSHOW FIELDS FROM `enqs`[0m
  [4;35;1mSQL (0.0ms)[0m   [0mBEGIN[0m
  [4;36;1mEnq Create (0.0ms)[0m   [0;1mINSERT INTO `enqs` (`enq_id`, `description`, `update_name`, `movie`, `updated_at`, `title`, `uuid`, `page_id`, `status`, `css`, `created_at`, `update_date`) VALUES(1, 'a', 'a', 'a', '2012-05-30 11:09:52', 'a', NULL, 1, 1, 'a', '2012-05-30 11:09:52', '2012-05-30')[0m
  [4;35;1mSQL (1.0ms)[0m   [0mCOMMIT[0m
Redirected to http://localhost:3000/enqs/2
Completed in 22ms (DB: 3) | 302 Found [http://localhost/enqs]
  [4;36;1mSQL (0.0ms)[0m   [0;1mSET NAMES 'utf8'[0m
  [4;35;1mSQL (0.0ms)[0m   [0mSET SQL_AUTO_IS_NULL=0[0m


Processing EnqsController#show (for 127.0.0.1 at 2012-05-30 20:09:52) [GET]
  Parameters: {"id"=>"2"}
  [4;36;1mEnq Columns (2.0ms)[0m   [0;1mSHOW FIELDS FROM `enqs`[0m
  [4;35;1mEnq Load (1.0ms)[0m   [0mSELECT * FROM `enqs` WHERE (`enqs`.`id` = 2) [0m
Rendering template within layouts/enqs
Rendering enqs/show
Completed in 14ms (View: 4, DB: 3) | 200 OK [http://localhost/enqs/2]
  [4;36;1mSQL (0.0ms)[0m   [0;1mSET NAMES 'utf8'[0m
  [4;35;1mSQL (1.0ms)[0m   [0mSET SQL_AUTO_IS_NULL=0[0m


Processing EnqsController#index (for 127.0.0.1 at 2012-05-30 20:09:54) [GET]
  [4;36;1mEnq Load (0.0ms)[0m   [0;1mSELECT * FROM `enqs` [0m
Rendering template within layouts/enqs
Rendering enqs/index
  [4;35;1mEnq Columns (2.0ms)[0m   [0mSHOW FIELDS FROM `enqs`[0m
Completed in 18ms (View: 8, DB: 3) | 200 OK [http://localhost/enqs]
  [4;36;1mSQL (0.0ms)[0m   [0;1mSET NAMES 'utf8'[0m
  [4;35;1mSQL (1.0ms)[0m   [0mSET SQL_AUTO_IS_NULL=0[0m
  [4;36;1mSQL (0.0ms)[0m   [0;1mSHOW TABLES[0m
  [4;35;1mSQL (4.0ms)[0m   [0mCREATE TABLE `schema_migrations` (`version` varchar(255) NOT NULL) ENGINE=InnoDB[0m
  [4;36;1mSQL (1.0ms)[0m   [0;1mSHOW KEYS FROM `schema_migrations`[0m
  [4;35;1mSQL (9.0ms)[0m   [0mCREATE UNIQUE INDEX `unique_schema_migrations` ON `schema_migrations` (`version`)[0m
  [4;36;1mSQL (0.0ms)[0m   [0;1mSHOW TABLES[0m
  [4;35;1mSQL (0.0ms)[0m   [0mSELECT version FROM schema_migrations[0m
Migrating to CreateEnqs (20120530085133)
  [4;36;1mSQL (3.0ms)[0m   [0;1mCREATE TABLE `enqs` (`id` int(11) DEFAULT NULL auto_increment PRIMARY KEY, `uuid` varchar(36), `enq_id` int(11) NOT NULL, `page_id` int(11) NOT NULL, `status` int(11) NOT NULL, `title` varchar(255), `description` varchar(255), `css` varchar(255), `movie` varchar(255), `update_name` varchar(255), `update_date` date, `created_at` datetime, `updated_at` datetime) ENGINE=InnoDB[0m
  [4;35;1mSQL (1.0ms)[0m   [0mSHOW KEYS FROM `enqs`[0m
  [4;36;1mSQL (7.0ms)[0m   [0;1mCREATE UNIQUE INDEX `index_enqs_on_enq_id` ON `enqs` (`enq_id`)[0m
  [4;35;1mSQL (1.0ms)[0m   [0mINSERT INTO schema_migrations (version) VALUES ('20120530085133')[0m
Migrating to CreateEnqPages (20120530085142)
  [4;36;1mSQL (3.0ms)[0m   [0;1mCREATE TABLE `enq_pages` (`uuid` varchar(36), `enq_id` int(11) NOT NULL, `page_id` int(11) NOT NULL, `face` varchar(255) NOT NULL, `description` varchar(255), `interval` int(11), `update_name` varchar(255), `update_date` date, `created_at` datetime, `updated_at` datetime) ENGINE=InnoDB[0m
  [4;35;1mSQL (0.0ms)[0m   [0mSHOW KEYS FROM `enq_pages`[0m
  [4;36;1mSQL (44.0ms)[0m   [0;1mCREATE INDEX `index_enq_pages_on_enq_id` ON `enq_pages` (`enq_id`)[0m
  [4;35;1mSQL (1.0ms)[0m   [0mSHOW KEYS FROM `enq_pages`[0m
  [4;36;1mSQL (57.0ms)[0m   [0;1mCREATE INDEX `index_enq_pages_on_page_id` ON `enq_pages` (`page_id`)[0m
  [4;35;1mSQL (1.0ms)[0m   [0mSHOW KEYS FROM `enq_pages`[0m
  [4;36;1mSQL (15.0ms)[0m   [0;1mCREATE INDEX `index_enq_pages_on_face` ON `enq_pages` (`face`)[0m
  [4;35;1mSQL (1.0ms)[0m   [0mINSERT INTO schema_migrations (version) VALUES ('20120530085142')[0m
Migrating to CreateEnqQuestions (20120530085157)
  [4;36;1mSQL (3.0ms)[0m   [0;1mCREATE TABLE `enq_questions` (`uuid` varchar(36), `enq_id` int(11) NOT NULL, `num` int(11) NOT NULL, `question_id` int(11) NOT NULL, `update_name` varchar(255), `update_date` date, `created_at` datetime, `updated_at` datetime) ENGINE=InnoDB[0m
  [4;35;1mSQL (1.0ms)[0m   [0mSHOW KEYS FROM `enq_questions`[0m
  [4;36;1mSQL (38.0ms)[0m   [0;1mCREATE INDEX `index_enq_questions_on_enq_id` ON `enq_questions` (`enq_id`)[0m
  [4;35;1mSQL (1.0ms)[0m   [0mSHOW KEYS FROM `enq_questions`[0m
  [4;36;1mSQL (25.0ms)[0m   [0;1mCREATE INDEX `index_enq_questions_on_num` ON `enq_questions` (`num`)[0m
  [4;35;1mSQL (0.0ms)[0m   [0mSHOW KEYS FROM `enq_questions`[0m
  [4;36;1mSQL (10.0ms)[0m   [0;1mCREATE INDEX `index_enq_questions_on_question_id` ON `enq_questions` (`question_id`)[0m
  [4;35;1mSQL (1.0ms)[0m   [0mINSERT INTO schema_migrations (version) VALUES ('20120530085157')[0m
Migrating to CreateBranches (20120530085258)
  [4;36;1mSQL (22.0ms)[0m   [0;1mCREATE TABLE `branches` (`uuid` varchar(36), `enq_id` int(11) NOT NULL, `num` int(11) NOT NULL, `answer` varchar(255) NOT NULL, `page_id` int(11) NOT NULL, `update_name` varchar(255), `update_date` date, `created_at` datetime, `updated_at` datetime) ENGINE=InnoDB[0m
  [4;35;1mSQL (1.0ms)[0m   [0mSHOW KEYS FROM `branches`[0m
  [4;36;1mSQL (33.0ms)[0m   [0;1mCREATE INDEX `index_branches_on_enq_id` ON `branches` (`enq_id`)[0m
  [4;35;1mSQL (0.0ms)[0m   [0mSHOW KEYS FROM `branches`[0m
  [4;36;1mSQL (33.0ms)[0m   [0;1mCREATE INDEX `index_branches_on_num` ON `branches` (`num`)[0m
  [4;35;1mSQL (1.0ms)[0m   [0mSHOW KEYS FROM `branches`[0m
  [4;36;1mSQL (69.0ms)[0m   [0;1mCREATE INDEX `index_branches_on_answer` ON `branches` (`answer`)[0m
  [4;35;1mSQL (2.0ms)[0m   [0mSHOW KEYS FROM `branches`[0m
  [4;36;1mSQL (97.0ms)[0m   [0;1mCREATE INDEX `index_branches_on_page_id` ON `branches` (`page_id`)[0m
  [4;35;1mSQL (1.0ms)[0m   [0mINSERT INTO schema_migrations (version) VALUES ('20120530085258')[0m
Migrating to CreateQuestions (20120530085305)
  [4;36;1mSQL (28.0ms)[0m   [0;1mCREATE TABLE `questions` (`uuid` varchar(36), `question_id` int(11) NOT NULL, `kind` varchar(255) NOT NULL, `title` varchar(255), `content` varchar(255), `required` tinyint(1), `answer_content` varchar(255), `answer_description` varchar(255), `update_name` varchar(255), `update_date` date, `created_at` datetime, `updated_at` datetime) ENGINE=InnoDB[0m
  [4;35;1mSQL (1.0ms)[0m   [0mSHOW KEYS FROM `questions`[0m
  [4;36;1mSQL (9.0ms)[0m   [0;1mCREATE UNIQUE INDEX `index_questions_on_question_id` ON `questions` (`question_id`)[0m
  [4;35;1mSQL (1.0ms)[0m   [0mINSERT INTO schema_migrations (version) VALUES ('20120530085305')[0m
Migrating to CreateChoices (20120530085309)
  [4;36;1mSQL (3.0ms)[0m   [0;1mCREATE TABLE `choices` (`uuid` varchar(36), `question_id` int(11) NOT NULL, `choice_id` int(11) NOT NULL, `content` varchar(255) NOT NULL, `update_name` varchar(255), `update_date` date, `created_at` datetime, `updated_at` datetime) ENGINE=InnoDB[0m
  [4;35;1mSQL (1.0ms)[0m   [0mSHOW KEYS FROM `choices`[0m
  [4;36;1mSQL (26.0ms)[0m   [0;1mCREATE INDEX `index_choices_on_question_id` ON `choices` (`question_id`)[0m
  [4;35;1mSQL (1.0ms)[0m   [0mSHOW KEYS FROM `choices`[0m
  [4;36;1mSQL (9.0ms)[0m   [0;1mCREATE INDEX `index_choices_on_choice_id` ON `choices` (`choice_id`)[0m
  [4;35;1mSQL (1.0ms)[0m   [0mINSERT INTO schema_migrations (version) VALUES ('20120530085309')[0m
Migrating to CreateAnswers (20120530085313)
  [4;36;1mSQL (3.0ms)[0m   [0;1mCREATE TABLE `answers` (`uuid` varchar(36), `enq_id` int(11) NOT NULL, `num` int(11) NOT NULL, `answer` varchar(255), `update_name` varchar(255), `update_date` date, `created_at` datetime, `updated_at` datetime) ENGINE=InnoDB[0m
  [4;35;1mSQL (1.0ms)[0m   [0mSHOW KEYS FROM `answers`[0m
  [4;36;1mSQL (9.0ms)[0m   [0;1mCREATE INDEX `index_answers_on_enq_id` ON `answers` (`enq_id`)[0m
  [4;35;1mSQL (0.0ms)[0m   [0mSHOW KEYS FROM `answers`[0m
  [4;36;1mSQL (9.0ms)[0m   [0;1mCREATE INDEX `index_answers_on_num` ON `answers` (`num`)[0m
  [4;35;1mSQL (2.0ms)[0m   [0mINSERT INTO schema_migrations (version) VALUES ('20120530085313')[0m
  [4;36;1mSQL (1.0ms)[0m   [0;1mSHOW TABLES[0m
  [4;35;1mSQL (0.0ms)[0m   [0mSELECT version FROM schema_migrations[0m
  [4;36;1mSQL (1.0ms)[0m   [0;1mSHOW TABLES[0m
  [4;35;1mSQL (2.0ms)[0m   [0mSHOW FIELDS FROM `answers`[0m
  [4;36;1mSQL (1.0ms)[0m   [0;1mdescribe `answers`[0m
  [4;35;1mSQL (0.0ms)[0m   [0mSHOW KEYS FROM `answers`[0m
  [4;36;1mSQL (2.0ms)[0m   [0;1mSHOW FIELDS FROM `branches`[0m
  [4;35;1mSQL (2.0ms)[0m   [0mdescribe `branches`[0m
  [4;36;1mSQL (0.0ms)[0m   [0;1mSHOW KEYS FROM `branches`[0m
  [4;35;1mSQL (2.0ms)[0m   [0mSHOW FIELDS FROM `choices`[0m
  [4;36;1mSQL (2.0ms)[0m   [0;1mdescribe `choices`[0m
  [4;35;1mSQL (1.0ms)[0m   [0mSHOW KEYS FROM `choices`[0m
  [4;36;1mSQL (2.0ms)[0m   [0;1mSHOW FIELDS FROM `enq_pages`[0m
  [4;35;1mSQL (2.0ms)[0m   [0mdescribe `enq_pages`[0m
  [4;36;1mSQL (1.0ms)[0m   [0;1mSHOW KEYS FROM `enq_pages`[0m
  [4;35;1mSQL (1.0ms)[0m   [0mSHOW FIELDS FROM `enq_questions`[0m
  [4;36;1mSQL (2.0ms)[0m   [0;1mdescribe `enq_questions`[0m
  [4;35;1mSQL (0.0ms)[0m   [0mSHOW KEYS FROM `enq_questions`[0m
  [4;36;1mSQL (1.0ms)[0m   [0;1mSHOW FIELDS FROM `enqs`[0m
  [4;35;1mSQL (2.0ms)[0m   [0mdescribe `enqs`[0m
  [4;36;1mSQL (1.0ms)[0m   [0;1mSHOW KEYS FROM `enqs`[0m
  [4;35;1mSQL (2.0ms)[0m   [0mSHOW FIELDS FROM `questions`[0m
  [4;36;1mSQL (2.0ms)[0m   [0;1mdescribe `questions`[0m
  [4;35;1mSQL (0.0ms)[0m   [0mSHOW KEYS FROM `questions`[0m
  [4;36;1mSQL (0.0ms)[0m   [0;1mSET NAMES 'utf8'[0m
  [4;35;1mSQL (0.0ms)[0m   [0mSET SQL_AUTO_IS_NULL=0[0m
  [4;36;1mSQL (1.0ms)[0m   [0;1mSHOW TABLES[0m
  [4;35;1mSQL (4.0ms)[0m   [0mCREATE TABLE `schema_migrations` (`version` varchar(255) NOT NULL) ENGINE=InnoDB[0m
  [4;36;1mSQL (1.0ms)[0m   [0;1mSHOW KEYS FROM `schema_migrations`[0m
  [4;35;1mSQL (8.0ms)[0m   [0mCREATE UNIQUE INDEX `unique_schema_migrations` ON `schema_migrations` (`version`)[0m
  [4;36;1mSQL (1.0ms)[0m   [0;1mSHOW TABLES[0m
  [4;35;1mSQL (0.0ms)[0m   [0mSELECT version FROM schema_migrations[0m
Migrating to CreateEnqs (20120530085133)
  [4;36;1mSQL (2.0ms)[0m   [0;1mCREATE TABLE `enqs` (`uuid` varchar(36), `enq_id` int(11) NOT NULL, `page_id` int(11) NOT NULL, `status` int(11) NOT NULL, `title` varchar(255), `description` varchar(255), `css` varchar(255), `movie` varchar(255), `update_name` varchar(255), `update_date` date, `created_at` datetime, `updated_at` datetime) ENGINE=InnoDB[0m
  [4;35;1mSQL (1.0ms)[0m   [0mSHOW KEYS FROM `enqs`[0m
  [4;36;1mSQL (8.0ms)[0m   [0;1mCREATE UNIQUE INDEX `index_enqs_on_enq_id` ON `enqs` (`enq_id`)[0m
  [4;35;1mSQL (1.0ms)[0m   [0mINSERT INTO schema_migrations (version) VALUES ('20120530085133')[0m
Migrating to CreateEnqPages (20120530085142)
  [4;36;1mSQL (3.0ms)[0m   [0;1mCREATE TABLE `enq_pages` (`uuid` varchar(36), `enq_id` int(11) NOT NULL, `page_id` int(11) NOT NULL, `face` varchar(255) NOT NULL, `description` varchar(255), `interval` int(11), `update_name` varchar(255), `update_date` date, `created_at` datetime, `updated_at` datetime) ENGINE=InnoDB[0m
  [4;35;1mSQL (1.0ms)[0m   [0mSHOW KEYS FROM `enq_pages`[0m
  [4;36;1mSQL (7.0ms)[0m   [0;1mCREATE INDEX `index_enq_pages_on_enq_id` ON `enq_pages` (`enq_id`)[0m
  [4;35;1mSQL (0.0ms)[0m   [0mSHOW KEYS FROM `enq_pages`[0m
  [4;36;1mSQL (25.0ms)[0m   [0;1mCREATE INDEX `index_enq_pages_on_page_id` ON `enq_pages` (`page_id`)[0m
  [4;35;1mSQL (1.0ms)[0m   [0mSHOW KEYS FROM `enq_pages`[0m
  [4;36;1mSQL (34.0ms)[0m   [0;1mCREATE INDEX `index_enq_pages_on_face` ON `enq_pages` (`face`)[0m
  [4;35;1mSQL (1.0ms)[0m   [0mINSERT INTO schema_migrations (version) VALUES ('20120530085142')[0m
Migrating to CreateEnqQuestions (20120530085157)
  [4;36;1mSQL (45.0ms)[0m   [0;1mCREATE TABLE `enq_questions` (`uuid` varchar(36), `enq_id` int(11) NOT NULL, `num` int(11) NOT NULL, `question_id` int(11) NOT NULL, `update_name` varchar(255), `update_date` date, `created_at` datetime, `updated_at` datetime) ENGINE=InnoDB[0m
  [4;35;1mSQL (2.0ms)[0m   [0mSHOW KEYS FROM `enq_questions`[0m
  [4;36;1mSQL (14.0ms)[0m   [0;1mCREATE INDEX `index_enq_questions_on_enq_id` ON `enq_questions` (`enq_id`)[0m
  [4;35;1mSQL (1.0ms)[0m   [0mSHOW KEYS FROM `enq_questions`[0m
  [4;36;1mSQL (9.0ms)[0m   [0;1mCREATE INDEX `index_enq_questions_on_num` ON `enq_questions` (`num`)[0m
  [4;35;1mSQL (1.0ms)[0m   [0mSHOW KEYS FROM `enq_questions`[0m
  [4;36;1mSQL (10.0ms)[0m   [0;1mCREATE INDEX `index_enq_questions_on_question_id` ON `enq_questions` (`question_id`)[0m
  [4;35;1mSQL (1.0ms)[0m   [0mINSERT INTO schema_migrations (version) VALUES ('20120530085157')[0m
Migrating to CreateBranches (20120530085258)
  [4;36;1mSQL (4.0ms)[0m   [0;1mCREATE TABLE `branches` (`uuid` varchar(36), `enq_id` int(11) NOT NULL, `num` int(11) NOT NULL, `answer` varchar(255) NOT NULL, `page_id` int(11) NOT NULL, `update_name` varchar(255), `update_date` date, `created_at` datetime, `updated_at` datetime) ENGINE=InnoDB[0m
  [4;35;1mSQL (1.0ms)[0m   [0mSHOW KEYS FROM `branches`[0m
  [4;36;1mSQL (7.0ms)[0m   [0;1mCREATE INDEX `index_branches_on_enq_id` ON `branches` (`enq_id`)[0m
  [4;35;1mSQL (0.0ms)[0m   [0mSHOW KEYS FROM `branches`[0m
  [4;36;1mSQL (9.0ms)[0m   [0;1mCREATE INDEX `index_branches_on_num` ON `branches` (`num`)[0m
  [4;35;1mSQL (1.0ms)[0m   [0mSHOW KEYS FROM `branches`[0m
  [4;36;1mSQL (25.0ms)[0m   [0;1mCREATE INDEX `index_branches_on_answer` ON `branches` (`answer`)[0m
  [4;35;1mSQL (0.0ms)[0m   [0mSHOW KEYS FROM `branches`[0m
  [4;36;1mSQL (68.0ms)[0m   [0;1mCREATE INDEX `index_branches_on_page_id` ON `branches` (`page_id`)[0m
  [4;35;1mSQL (5.0ms)[0m   [0mINSERT INTO schema_migrations (version) VALUES ('20120530085258')[0m
Migrating to CreateQuestions (20120530085305)
  [4;36;1mSQL (6.0ms)[0m   [0;1mCREATE TABLE `questions` (`uuid` varchar(36), `question_id` int(11) NOT NULL, `kind` varchar(255) NOT NULL, `title` varchar(255), `content` varchar(255), `required` tinyint(1), `answer_content` varchar(255), `answer_description` varchar(255), `update_name` varchar(255), `update_date` date, `created_at` datetime, `updated_at` datetime) ENGINE=InnoDB[0m
  [4;35;1mSQL (2.0ms)[0m   [0mSHOW KEYS FROM `questions`[0m
  [4;36;1mSQL (20.0ms)[0m   [0;1mCREATE UNIQUE INDEX `index_questions_on_question_id` ON `questions` (`question_id`)[0m
  [4;35;1mSQL (1.0ms)[0m   [0mINSERT INTO schema_migrations (version) VALUES ('20120530085305')[0m
Migrating to CreateChoices (20120530085309)
  [4;36;1mSQL (3.0ms)[0m   [0;1mCREATE TABLE `choices` (`uuid` varchar(36), `question_id` int(11) NOT NULL, `choice_id` int(11) NOT NULL, `content` varchar(255) NOT NULL, `update_name` varchar(255), `update_date` date, `created_at` datetime, `updated_at` datetime) ENGINE=InnoDB[0m
  [4;35;1mSQL (1.0ms)[0m   [0mSHOW KEYS FROM `choices`[0m
  [4;36;1mSQL (11.0ms)[0m   [0;1mCREATE INDEX `index_choices_on_question_id` ON `choices` (`question_id`)[0m
  [4;35;1mSQL (1.0ms)[0m   [0mSHOW KEYS FROM `choices`[0m
  [4;36;1mSQL (40.0ms)[0m   [0;1mCREATE INDEX `index_choices_on_choice_id` ON `choices` (`choice_id`)[0m
  [4;35;1mSQL (1.0ms)[0m   [0mINSERT INTO schema_migrations (version) VALUES ('20120530085309')[0m
Migrating to CreateAnswers (20120530085313)
  [4;36;1mSQL (4.0ms)[0m   [0;1mCREATE TABLE `answers` (`uuid` varchar(36), `enq_id` int(11) NOT NULL, `num` int(11) NOT NULL, `answer` varchar(255), `update_name` varchar(255), `update_date` date, `created_at` datetime, `updated_at` datetime) ENGINE=InnoDB[0m
  [4;35;1mSQL (1.0ms)[0m   [0mSHOW KEYS FROM `answers`[0m
  [4;36;1mSQL (40.0ms)[0m   [0;1mCREATE INDEX `index_answers_on_enq_id` ON `answers` (`enq_id`)[0m
  [4;35;1mSQL (1.0ms)[0m   [0mSHOW KEYS FROM `answers`[0m
  [4;36;1mSQL (15.0ms)[0m   [0;1mCREATE INDEX `index_answers_on_num` ON `answers` (`num`)[0m
  [4;35;1mSQL (1.0ms)[0m   [0mINSERT INTO schema_migrations (version) VALUES ('20120530085313')[0m
  [4;36;1mSQL (2.0ms)[0m   [0;1mSHOW TABLES[0m
  [4;35;1mSQL (0.0ms)[0m   [0mSELECT version FROM schema_migrations[0m
  [4;36;1mSQL (1.0ms)[0m   [0;1mSHOW TABLES[0m
  [4;35;1mSQL (2.0ms)[0m   [0mSHOW FIELDS FROM `answers`[0m
  [4;36;1mSQL (2.0ms)[0m   [0;1mdescribe `answers`[0m
  [4;35;1mSQL (1.0ms)[0m   [0mSHOW KEYS FROM `answers`[0m
  [4;36;1mSQL (2.0ms)[0m   [0;1mSHOW FIELDS FROM `branches`[0m
  [4;35;1mSQL (2.0ms)[0m   [0mdescribe `branches`[0m
  [4;36;1mSQL (1.0ms)[0m   [0;1mSHOW KEYS FROM `branches`[0m
  [4;35;1mSQL (3.0ms)[0m   [0mSHOW FIELDS FROM `choices`[0m
  [4;36;1mSQL (3.0ms)[0m   [0;1mdescribe `choices`[0m
  [4;35;1mSQL (1.0ms)[0m   [0mSHOW KEYS FROM `choices`[0m
  [4;36;1mSQL (2.0ms)[0m   [0;1mSHOW FIELDS FROM `enq_pages`[0m
  [4;35;1mSQL (2.0ms)[0m   [0mdescribe `enq_pages`[0m
  [4;36;1mSQL (1.0ms)[0m   [0;1mSHOW KEYS FROM `enq_pages`[0m
  [4;35;1mSQL (2.0ms)[0m   [0mSHOW FIELDS FROM `enq_questions`[0m
  [4;36;1mSQL (1.0ms)[0m   [0;1mdescribe `enq_questions`[0m
  [4;35;1mSQL (0.0ms)[0m   [0mSHOW KEYS FROM `enq_questions`[0m
  [4;36;1mSQL (2.0ms)[0m   [0;1mSHOW FIELDS FROM `enqs`[0m
  [4;35;1mSQL (1.0ms)[0m   [0mdescribe `enqs`[0m
  [4;36;1mSQL (0.0ms)[0m   [0;1mSHOW KEYS FROM `enqs`[0m
  [4;35;1mSQL (2.0ms)[0m   [0mSHOW FIELDS FROM `questions`[0m
  [4;36;1mSQL (2.0ms)[0m   [0;1mdescribe `questions`[0m
  [4;35;1mSQL (0.0ms)[0m   [0mSHOW KEYS FROM `questions`[0m
  [4;36;1mSQL (0.0ms)[0m   [0;1mSET NAMES 'utf8'[0m
  [4;35;1mSQL (0.0ms)[0m   [0mSET SQL_AUTO_IS_NULL=0[0m


Processing EnqsController#index (for 127.0.0.1 at 2012-05-30 20:26:44) [GET]
  [4;36;1mEnq Load (1.0ms)[0m   [0;1mSELECT * FROM `enqs` [0m
Rendering template within layouts/enqs
Rendering enqs/index
Completed in 32ms (View: 11, DB: 1) | 200 OK [http://localhost/enqs]
  [4;35;1mSQL (1.0ms)[0m   [0mSET NAMES 'utf8'[0m
  [4;36;1mSQL (0.0ms)[0m   [0;1mSET SQL_AUTO_IS_NULL=0[0m


Processing EnqsController#new (for 127.0.0.1 at 2012-05-30 20:26:45) [GET]
  [4;35;1mEnq Columns (3.0ms)[0m   [0mSHOW FIELDS FROM `enqs`[0m
Rendering template within layouts/enqs
Rendering enqs/new
Completed in 41ms (View: 31, DB: 4) | 200 OK [http://localhost/enqs/new]
  [4;36;1mSQL (0.0ms)[0m   [0;1mSET NAMES 'utf8'[0m
  [4;35;1mSQL (0.0ms)[0m   [0mSET SQL_AUTO_IS_NULL=0[0m


Processing EnqsController#create (for 127.0.0.1 at 2012-05-30 20:26:56) [POST]
  Parameters: {"commit"=>"Create", "enq"=>{"status"=>"1", "update_name"=>"a", "movie"=>"a", "page_id"=>"1", "css"=>"a", "enq_id"=>"1", "update_date(1i)"=>"2012", "title"=>"a", "update_date(2i)"=>"5", "description"=>"a", "update_date(3i)"=>"30"}, "authenticity_token"=>"W53Yo1Dn8C3xMPkfqfe7xaoYokNPpcsDxdlM5AgO5W0="}
  [4;36;1mEnq Columns (2.0ms)[0m   [0;1mSHOW FIELDS FROM `enqs`[0m
  [4;35;1mSQL (0.0ms)[0m   [0mBEGIN[0m
  [4;36;1mEnq Create (0.0ms)[0m   [0;1mINSERT INTO `enqs` (`status`, `update_name`, `page_id`, `movie`, `enq_id`, `css`, `updated_at`, `title`, `update_date`, `uuid`, `description`, `created_at`) VALUES(1, 'a', 1, 'a', 1, 'a', '2012-05-30 11:26:56', 'a', '2012-05-30', NULL, 'a', '2012-05-30 11:26:56')[0m
  [4;35;1mSQL (1.0ms)[0m   [0mCOMMIT[0m
Redirected to http://localhost:3000/enqs/0
Completed in 18ms (DB: 3) | 302 Found [http://localhost/enqs]
  [4;36;1mSQL (0.0ms)[0m   [0;1mSET NAMES 'utf8'[0m
  [4;35;1mSQL (0.0ms)[0m   [0mSET SQL_AUTO_IS_NULL=0[0m


Processing EnqsController#show (for 127.0.0.1 at 2012-05-30 20:26:56) [GET]
  Parameters: {"id"=>"0"}
  [4;36;1mEnq Columns (2.0ms)[0m   [0;1mSHOW FIELDS FROM `enqs`[0m
  [4;35;1mEnq Load (0.0ms)[0m   [0mMysql::Error: Unknown column 'enqs.id' in 'where clause': SELECT * FROM `enqs` WHERE (`enqs`.`id` = '0') [0m

ActiveRecord::StatementInvalid (Mysql::Error: Unknown column 'enqs.id' in 'where clause': SELECT * FROM `enqs` WHERE (`enqs`.`id` = '0') ):
  app/controllers/enqs_controller.rb:16:in `show'
  C:/Ruby187/lib/ruby/1.8/webrick/httpserver.rb:104:in `service'
  C:/Ruby187/lib/ruby/1.8/webrick/httpserver.rb:65:in `run'
  C:/Ruby187/lib/ruby/1.8/webrick/server.rb:173:in `start_thread'
  C:/Ruby187/lib/ruby/1.8/webrick/server.rb:162:in `start'
  C:/Ruby187/lib/ruby/1.8/webrick/server.rb:162:in `start_thread'
  C:/Ruby187/lib/ruby/1.8/webrick/server.rb:95:in `start'
  C:/Ruby187/lib/ruby/1.8/webrick/server.rb:92:in `each'
  C:/Ruby187/lib/ruby/1.8/webrick/server.rb:92:in `start'
  C:/Ruby187/lib/ruby/1.8/webrick/server.rb:23:in `start'
  C:/Ruby187/lib/ruby/1.8/webrick/server.rb:82:in `start'

Rendered rescues/_trace (41.0ms)
Rendered rescues/_request_and_response (1.0ms)
Rendering rescues/layout (internal_server_error)
  [4;36;1mSQL (0.0ms)[0m   [0;1mSET NAMES 'utf8'[0m
  [4;35;1mSQL (0.0ms)[0m   [0mSET SQL_AUTO_IS_NULL=0[0m


Processing EnqsController#index (for 127.0.0.1 at 2012-05-30 20:27:34) [GET]
  [4;36;1mEnq Load (1.0ms)[0m   [0;1mSELECT * FROM `enqs` [0m
Rendering template within layouts/enqs
Rendering enqs/index
  [4;35;1mEnq Columns (2.0ms)[0m   [0mSHOW FIELDS FROM `enqs`[0m

ActionView::TemplateError (enq_url failed to generate from {:controller=>"enqs", :action=>"show", :id=>#<Enq uuid: nil, enq_id: 1, page_id: 1, status: 1, title: "a", description: "a", css: "a", movie: "a", update_name: "a", update_date: "2012-05-30", created_at: "2012-05-30 11:26:56", updated_at: "2012-05-30 11:26:56">}, expected: {:controller=>"enqs", :action=>"show"}, diff: {:id=>#<Enq uuid: nil, enq_id: 1, page_id: 1, status: 1, title: "a", description: "a", css: "a", movie: "a", update_name: "a", update_date: "2012-05-30", created_at: "2012-05-30 11:26:56", updated_at: "2012-05-30 11:26:56">}) on line #27 of app/views/enqs/index.html.erb:
24:     <td><%=h enq.movie %></td>
25:     <td><%=h enq.update_name %></td>
26:     <td><%=h enq.update_date %></td>
27:     <td><%= link_to 'Show', enq %></td>
28:     <td><%= link_to 'Edit', edit_enq_path(enq) %></td>
29:     <td><%= link_to 'Destroy', enq, :confirm => 'Are you sure?', :method => :delete %></td>
30:   </tr>

    (eval):17:in `enq_path'
    app/views/enqs/index.html.erb:27
    app/views/enqs/index.html.erb:16:in `each'
    app/views/enqs/index.html.erb:16
    app/controllers/enqs_controller.rb:7:in `index'
    C:/Ruby187/lib/ruby/1.8/webrick/httpserver.rb:104:in `service'
    C:/Ruby187/lib/ruby/1.8/webrick/httpserver.rb:65:in `run'
    C:/Ruby187/lib/ruby/1.8/webrick/server.rb:173:in `start_thread'
    C:/Ruby187/lib/ruby/1.8/webrick/server.rb:162:in `start'
    C:/Ruby187/lib/ruby/1.8/webrick/server.rb:162:in `start_thread'
    C:/Ruby187/lib/ruby/1.8/webrick/server.rb:95:in `start'
    C:/Ruby187/lib/ruby/1.8/webrick/server.rb:92:in `each'
    C:/Ruby187/lib/ruby/1.8/webrick/server.rb:92:in `start'
    C:/Ruby187/lib/ruby/1.8/webrick/server.rb:23:in `start'
    C:/Ruby187/lib/ruby/1.8/webrick/server.rb:82:in `start'

Rendered rescues/_trace (74.0ms)
Rendered rescues/_request_and_response (1.0ms)
Rendering rescues/layout (internal_server_error)
  [4;36;1mSQL (0.0ms)[0m   [0;1mSET NAMES 'utf8'[0m
  [4;35;1mSQL (0.0ms)[0m   [0mSET SQL_AUTO_IS_NULL=0[0m
  [4;36;1mSQL (1.0ms)[0m   [0;1mSHOW TABLES[0m
  [4;35;1mSQL (5.0ms)[0m   [0mCREATE TABLE `schema_migrations` (`version` varchar(255) NOT NULL) ENGINE=InnoDB[0m
  [4;36;1mSQL (0.0ms)[0m   [0;1mSHOW KEYS FROM `schema_migrations`[0m
  [4;35;1mSQL (57.0ms)[0m   [0mCREATE UNIQUE INDEX `unique_schema_migrations` ON `schema_migrations` (`version`)[0m
  [4;36;1mSQL (1.0ms)[0m   [0;1mSHOW TABLES[0m
  [4;35;1mSQL (1.0ms)[0m   [0mSELECT version FROM schema_migrations[0m
Migrating to CreateEnqs (20120530085133)
  [4;36;1mSQL (3.0ms)[0m   [0;1mCREATE TABLE `enqs` (`uuid` varchar(36), `enq_id` int(11) NOT NULL, `page_id` int(11) NOT NULL, `status` int(11) NOT NULL, `title` varchar(255), `description` varchar(255), `css` varchar(255), `movie` varchar(255), `update_name` varchar(255), `update_date` date, `created_at` datetime, `updated_at` datetime) ENGINE=InnoDB[0m
  [4;35;1mSQL (1.0ms)[0m   [0mSHOW KEYS FROM `enqs`[0m
  [4;36;1mSQL (11.0ms)[0m   [0;1mCREATE UNIQUE INDEX `index_enqs_on_enq_id` ON `enqs` (`enq_id`)[0m
  [4;35;1mSQL (1.0ms)[0m   [0mINSERT INTO schema_migrations (version) VALUES ('20120530085133')[0m
Migrating to CreateEnqPages (20120530085142)
  [4;36;1mSQL (3.0ms)[0m   [0;1mCREATE TABLE `enq_pages` (`uuid` varchar(36), `enq_id` int(11) NOT NULL, `page_id` int(11) NOT NULL, `face` varchar(255) NOT NULL, `description` varchar(255), `interval` int(11), `update_name` varchar(255), `update_date` date, `created_at` datetime, `updated_at` datetime) ENGINE=InnoDB[0m
  [4;35;1mSQL (1.0ms)[0m   [0mSHOW KEYS FROM `enq_pages`[0m
  [4;36;1mSQL (11.0ms)[0m   [0;1mCREATE INDEX `index_enq_pages_on_enq_id` ON `enq_pages` (`enq_id`)[0m
  [4;35;1mSQL (1.0ms)[0m   [0mSHOW KEYS FROM `enq_pages`[0m
  [4;36;1mSQL (11.0ms)[0m   [0;1mCREATE INDEX `index_enq_pages_on_page_id` ON `enq_pages` (`page_id`)[0m
  [4;35;1mSQL (0.0ms)[0m   [0mSHOW KEYS FROM `enq_pages`[0m
  [4;36;1mSQL (8.0ms)[0m   [0;1mCREATE INDEX `index_enq_pages_on_face` ON `enq_pages` (`face`)[0m
  [4;35;1mSQL (1.0ms)[0m   [0mINSERT INTO schema_migrations (version) VALUES ('20120530085142')[0m
Migrating to CreateEnqQuestions (20120530085157)
  [4;36;1mSQL (4.0ms)[0m   [0;1mCREATE TABLE `enq_questions` (`uuid` varchar(36), `enq_id` int(11) NOT NULL, `num` int(11) NOT NULL, `question_id` int(11) NOT NULL, `update_name` varchar(255), `update_date` date, `created_at` datetime, `updated_at` datetime) ENGINE=InnoDB[0m
  [4;35;1mSQL (0.0ms)[0m   [0mSHOW KEYS FROM `enq_questions`[0m
  [4;36;1mSQL (8.0ms)[0m   [0;1mCREATE INDEX `index_enq_questions_on_enq_id` ON `enq_questions` (`enq_id`)[0m
  [4;35;1mSQL (0.0ms)[0m   [0mSHOW KEYS FROM `enq_questions`[0m
  [4;36;1mSQL (7.0ms)[0m   [0;1mCREATE INDEX `index_enq_questions_on_num` ON `enq_questions` (`num`)[0m
  [4;35;1mSQL (1.0ms)[0m   [0mSHOW KEYS FROM `enq_questions`[0m
  [4;36;1mSQL (23.0ms)[0m   [0;1mCREATE INDEX `index_enq_questions_on_question_id` ON `enq_questions` (`question_id`)[0m
  [4;35;1mSQL (1.0ms)[0m   [0mINSERT INTO schema_migrations (version) VALUES ('20120530085157')[0m
Migrating to CreateBranches (20120530085258)
  [4;36;1mSQL (4.0ms)[0m   [0;1mCREATE TABLE `branches` (`uuid` varchar(36), `enq_id` int(11) NOT NULL, `num` int(11) NOT NULL, `answer` varchar(255) NOT NULL, `page_id` int(11) NOT NULL, `update_name` varchar(255), `update_date` date, `created_at` datetime, `updated_at` datetime) ENGINE=InnoDB[0m
  [4;35;1mSQL (0.0ms)[0m   [0mSHOW KEYS FROM `branches`[0m
  [4;36;1mSQL (8.0ms)[0m   [0;1mCREATE INDEX `index_branches_on_enq_id` ON `branches` (`enq_id`)[0m
  [4;35;1mSQL (1.0ms)[0m   [0mSHOW KEYS FROM `branches`[0m
  [4;36;1mSQL (9.0ms)[0m   [0;1mCREATE INDEX `index_branches_on_num` ON `branches` (`num`)[0m
  [4;35;1mSQL (1.0ms)[0m   [0mSHOW KEYS FROM `branches`[0m
  [4;36;1mSQL (8.0ms)[0m   [0;1mCREATE INDEX `index_branches_on_answer` ON `branches` (`answer`)[0m
  [4;35;1mSQL (0.0ms)[0m   [0mSHOW KEYS FROM `branches`[0m
  [4;36;1mSQL (8.0ms)[0m   [0;1mCREATE INDEX `index_branches_on_page_id` ON `branches` (`page_id`)[0m
  [4;35;1mSQL (1.0ms)[0m   [0mINSERT INTO schema_migrations (version) VALUES ('20120530085258')[0m
Migrating to CreateQuestions (20120530085305)
  [4;36;1mSQL (4.0ms)[0m   [0;1mCREATE TABLE `questions` (`uuid` varchar(36), `question_id` int(11) NOT NULL, `kind` varchar(255) NOT NULL, `title` varchar(255), `content` varchar(255), `required` tinyint(1), `answer_content` varchar(255), `answer_description` varchar(255), `update_name` varchar(255), `update_date` date, `created_at` datetime, `updated_at` datetime) ENGINE=InnoDB[0m
  [4;35;1mSQL (1.0ms)[0m   [0mSHOW KEYS FROM `questions`[0m
  [4;36;1mSQL (8.0ms)[0m   [0;1mCREATE UNIQUE INDEX `index_questions_on_question_id` ON `questions` (`question_id`)[0m
  [4;35;1mSQL (1.0ms)[0m   [0mINSERT INTO schema_migrations (version) VALUES ('20120530085305')[0m
Migrating to CreateChoices (20120530085309)
  [4;36;1mSQL (3.0ms)[0m   [0;1mCREATE TABLE `choices` (`uuid` varchar(36), `question_id` int(11) NOT NULL, `choice_id` int(11) NOT NULL, `content` varchar(255) NOT NULL, `update_name` varchar(255), `update_date` date, `created_at` datetime, `updated_at` datetime) ENGINE=InnoDB[0m
  [4;35;1mSQL (0.0ms)[0m   [0mSHOW KEYS FROM `choices`[0m
  [4;36;1mSQL (8.0ms)[0m   [0;1mCREATE INDEX `index_choices_on_question_id` ON `choices` (`question_id`)[0m
  [4;35;1mSQL (0.0ms)[0m   [0mSHOW KEYS FROM `choices`[0m
  [4;36;1mSQL (9.0ms)[0m   [0;1mCREATE INDEX `index_choices_on_choice_id` ON `choices` (`choice_id`)[0m
  [4;35;1mSQL (1.0ms)[0m   [0mINSERT INTO schema_migrations (version) VALUES ('20120530085309')[0m
Migrating to CreateAnswers (20120530085313)
  [4;36;1mSQL (3.0ms)[0m   [0;1mCREATE TABLE `answers` (`uuid` varchar(36), `enq_id` int(11) NOT NULL, `num` int(11) NOT NULL, `answer` varchar(255), `update_name` varchar(255), `update_date` date, `created_at` datetime, `updated_at` datetime) ENGINE=InnoDB[0m
  [4;35;1mSQL (1.0ms)[0m   [0mSHOW KEYS FROM `answers`[0m
  [4;36;1mSQL (45.0ms)[0m   [0;1mCREATE INDEX `index_answers_on_enq_id` ON `answers` (`enq_id`)[0m
  [4;35;1mSQL (1.0ms)[0m   [0mSHOW KEYS FROM `answers`[0m
  [4;36;1mSQL (40.0ms)[0m   [0;1mCREATE INDEX `index_answers_on_num` ON `answers` (`num`)[0m
  [4;35;1mSQL (19.0ms)[0m   [0mINSERT INTO schema_migrations (version) VALUES ('20120530085313')[0m
  [4;36;1mSQL (1.0ms)[0m   [0;1mSHOW TABLES[0m
  [4;35;1mSQL (1.0ms)[0m   [0mSELECT version FROM schema_migrations[0m
  [4;36;1mSQL (1.0ms)[0m   [0;1mSHOW TABLES[0m
  [4;35;1mSQL (2.0ms)[0m   [0mSHOW FIELDS FROM `answers`[0m
  [4;36;1mSQL (2.0ms)[0m   [0;1mdescribe `answers`[0m
  [4;35;1mSQL (1.0ms)[0m   [0mSHOW KEYS FROM `answers`[0m
  [4;36;1mSQL (2.0ms)[0m   [0;1mSHOW FIELDS FROM `branches`[0m
  [4;35;1mSQL (2.0ms)[0m   [0mdescribe `branches`[0m
  [4;36;1mSQL (1.0ms)[0m   [0;1mSHOW KEYS FROM `branches`[0m
  [4;35;1mSQL (3.0ms)[0m   [0mSHOW FIELDS FROM `choices`[0m
  [4;36;1mSQL (3.0ms)[0m   [0;1mdescribe `choices`[0m
  [4;35;1mSQL (1.0ms)[0m   [0mSHOW KEYS FROM `choices`[0m
  [4;36;1mSQL (3.0ms)[0m   [0;1mSHOW FIELDS FROM `enq_pages`[0m
  [4;35;1mSQL (3.0ms)[0m   [0mdescribe `enq_pages`[0m
  [4;36;1mSQL (1.0ms)[0m   [0;1mSHOW KEYS FROM `enq_pages`[0m
  [4;35;1mSQL (3.0ms)[0m   [0mSHOW FIELDS FROM `enq_questions`[0m
  [4;36;1mSQL (3.0ms)[0m   [0;1mdescribe `enq_questions`[0m
  [4;35;1mSQL (1.0ms)[0m   [0mSHOW KEYS FROM `enq_questions`[0m
  [4;36;1mSQL (3.0ms)[0m   [0;1mSHOW FIELDS FROM `enqs`[0m
  [4;35;1mSQL (2.0ms)[0m   [0mdescribe `enqs`[0m
  [4;36;1mSQL (1.0ms)[0m   [0;1mSHOW KEYS FROM `enqs`[0m
  [4;35;1mSQL (2.0ms)[0m   [0mSHOW FIELDS FROM `questions`[0m
  [4;36;1mSQL (2.0ms)[0m   [0;1mdescribe `questions`[0m
  [4;35;1mSQL (0.0ms)[0m   [0mSHOW KEYS FROM `questions`[0m
  [4;36;1mSQL (0.0ms)[0m   [0;1mSET NAMES 'utf8'[0m
  [4;35;1mSQL (0.0ms)[0m   [0mSET SQL_AUTO_IS_NULL=0[0m


Processing EnqsController#index (for 127.0.0.1 at 2012-05-30 20:29:57) [GET]
  [4;36;1mEnq Load (1.0ms)[0m   [0;1mSELECT * FROM `enqs` [0m
Rendering template within layouts/enqs
Rendering enqs/index
Completed in 31ms (View: 11, DB: 1) | 200 OK [http://localhost/enqs]
  [4;35;1mSQL (0.0ms)[0m   [0mSET NAMES 'utf8'[0m
  [4;36;1mSQL (1.0ms)[0m   [0;1mSET SQL_AUTO_IS_NULL=0[0m


Processing EnqsController#new (for 127.0.0.1 at 2012-05-30 20:29:59) [GET]
  [4;35;1mEnq Columns (2.0ms)[0m   [0mSHOW FIELDS FROM `enqs`[0m
Rendering template within layouts/enqs
Rendering enqs/new
Completed in 37ms (View: 28, DB: 3) | 200 OK [http://localhost/enqs/new]
  [4;36;1mSQL (0.0ms)[0m   [0;1mSET NAMES 'utf8'[0m
  [4;35;1mSQL (0.0ms)[0m   [0mSET SQL_AUTO_IS_NULL=0[0m


Processing EnqsController#create (for 127.0.0.1 at 2012-05-30 20:30:09) [POST]
  Parameters: {"commit"=>"Create", "enq"=>{"update_date(3i)"=>"30", "update_name"=>"a", "css"=>"a", "title"=>"a", "page_id"=>"1", "update_date(1i)"=>"2012", "status"=>"1", "movie"=>"a", "enq_id"=>"1", "update_date(2i)"=>"5", "description"=>"a"}, "authenticity_token"=>"W53Yo1Dn8C3xMPkfqfe7xaoYokNPpcsDxdlM5AgO5W0="}
  [4;36;1mEnq Columns (3.0ms)[0m   [0;1mSHOW FIELDS FROM `enqs`[0m
  [4;35;1mSQL (0.0ms)[0m   [0mBEGIN[0m
  [4;36;1mEnq Create (0.0ms)[0m   [0;1mINSERT INTO `enqs` (`css`, `update_name`, `page_id`, `title`, `status`, `movie`, `updated_at`, `update_date`, `enq_id`, `uuid`, `description`, `created_at`) VALUES('a', 'a', 1, 'a', 1, 'a', '2012-05-30 11:30:09', '2012-05-30', 1, NULL, 'a', '2012-05-30 11:30:09')[0m
  [4;35;1mSQL (1.0ms)[0m   [0mCOMMIT[0m
Redirected to http://localhost:3000/enqs/0
Completed in 18ms (DB: 4) | 302 Found [http://localhost/enqs]
  [4;36;1mSQL (0.0ms)[0m   [0;1mSET NAMES 'utf8'[0m
  [4;35;1mSQL (1.0ms)[0m   [0mSET SQL_AUTO_IS_NULL=0[0m


Processing EnqsController#show (for 127.0.0.1 at 2012-05-30 20:30:09) [GET]
  Parameters: {"id"=>"0"}
  [4;36;1mEnq Columns (2.0ms)[0m   [0;1mSHOW FIELDS FROM `enqs`[0m
  [4;35;1mEnq Load (0.0ms)[0m   [0mMysql::Error: Unknown column 'enqs.id' in 'where clause': SELECT * FROM `enqs` WHERE (`enqs`.`id` = '0') [0m

ActiveRecord::StatementInvalid (Mysql::Error: Unknown column 'enqs.id' in 'where clause': SELECT * FROM `enqs` WHERE (`enqs`.`id` = '0') ):
  app/controllers/enqs_controller.rb:16:in `show'
  C:/Ruby187/lib/ruby/1.8/webrick/httpserver.rb:104:in `service'
  C:/Ruby187/lib/ruby/1.8/webrick/httpserver.rb:65:in `run'
  C:/Ruby187/lib/ruby/1.8/webrick/server.rb:173:in `start_thread'
  C:/Ruby187/lib/ruby/1.8/webrick/server.rb:162:in `start'
  C:/Ruby187/lib/ruby/1.8/webrick/server.rb:162:in `start_thread'
  C:/Ruby187/lib/ruby/1.8/webrick/server.rb:95:in `start'
  C:/Ruby187/lib/ruby/1.8/webrick/server.rb:92:in `each'
  C:/Ruby187/lib/ruby/1.8/webrick/server.rb:92:in `start'
  C:/Ruby187/lib/ruby/1.8/webrick/server.rb:23:in `start'
  C:/Ruby187/lib/ruby/1.8/webrick/server.rb:82:in `start'

Rendered rescues/_trace (71.0ms)
Rendered rescues/_request_and_response (1.0ms)
Rendering rescues/layout (internal_server_error)
  [4;36;1mSQL (0.0ms)[0m   [0;1mSET NAMES 'utf8'[0m
  [4;35;1mSQL (0.0ms)[0m   [0mSET SQL_AUTO_IS_NULL=0[0m
  [4;36;1mSQL (0.0ms)[0m   [0;1mSHOW TABLES[0m
  [4;35;1mSQL (5.0ms)[0m   [0mCREATE TABLE `schema_migrations` (`version` varchar(255) NOT NULL) ENGINE=InnoDB[0m
  [4;36;1mSQL (0.0ms)[0m   [0;1mSHOW KEYS FROM `schema_migrations`[0m
  [4;35;1mSQL (10.0ms)[0m   [0mCREATE UNIQUE INDEX `unique_schema_migrations` ON `schema_migrations` (`version`)[0m
  [4;36;1mSQL (0.0ms)[0m   [0;1mSHOW TABLES[0m
  [4;35;1mSQL (0.0ms)[0m   [0mSELECT version FROM schema_migrations[0m
Migrating to CreateEnqs (20120530085133)
  [4;36;1mSQL (3.0ms)[0m   [0;1mCREATE TABLE `enqs` (`id` int(11) DEFAULT NULL auto_increment PRIMARY KEY, `enq_id` int(11) NOT NULL, `page_id` int(11) NOT NULL, `status` int(11) NOT NULL, `title` varchar(255), `description` varchar(255), `css` varchar(255), `movie` varchar(255), `update_name` varchar(255), `update_date` date, `created_at` datetime, `updated_at` datetime) ENGINE=InnoDB[0m
  [4;35;1mSQL (1.0ms)[0m   [0mSHOW KEYS FROM `enqs`[0m
  [4;36;1mSQL (9.0ms)[0m   [0;1mCREATE UNIQUE INDEX `index_enqs_on_enq_id` ON `enqs` (`enq_id`)[0m
  [4;35;1mSQL (1.0ms)[0m   [0mINSERT INTO schema_migrations (version) VALUES ('20120530085133')[0m
Migrating to CreateEnqPages (20120530085142)
  [4;36;1mSQL (3.0ms)[0m   [0;1mCREATE TABLE `enq_pages` (`id` int(11) DEFAULT NULL auto_increment PRIMARY KEY, `enq_id` int(11) NOT NULL, `page_id` int(11) NOT NULL, `face` varchar(255) NOT NULL, `description` varchar(255), `interval` int(11), `update_name` varchar(255), `update_date` date, `created_at` datetime, `updated_at` datetime) ENGINE=InnoDB[0m
  [4;35;1mSQL (0.0ms)[0m   [0mSHOW KEYS FROM `enq_pages`[0m
  [4;36;1mSQL (8.0ms)[0m   [0;1mCREATE INDEX `index_enq_pages_on_enq_id` ON `enq_pages` (`enq_id`)[0m
  [4;35;1mSQL (0.0ms)[0m   [0mSHOW KEYS FROM `enq_pages`[0m
  [4;36;1mSQL (7.0ms)[0m   [0;1mCREATE INDEX `index_enq_pages_on_page_id` ON `enq_pages` (`page_id`)[0m
  [4;35;1mSQL (1.0ms)[0m   [0mSHOW KEYS FROM `enq_pages`[0m
  [4;36;1mSQL (8.0ms)[0m   [0;1mCREATE INDEX `index_enq_pages_on_face` ON `enq_pages` (`face`)[0m
  [4;35;1mSQL (1.0ms)[0m   [0mINSERT INTO schema_migrations (version) VALUES ('20120530085142')[0m
Migrating to CreateEnqQuestions (20120530085157)
  [4;36;1mSQL (3.0ms)[0m   [0;1mCREATE TABLE `enq_questions` (`id` int(11) DEFAULT NULL auto_increment PRIMARY KEY, `enq_id` int(11) NOT NULL, `num` int(11) NOT NULL, `question_id` int(11) NOT NULL, `update_name` varchar(255), `update_date` date, `created_at` datetime, `updated_at` datetime) ENGINE=InnoDB[0m
  [4;35;1mSQL (1.0ms)[0m   [0mSHOW KEYS FROM `enq_questions`[0m
  [4;36;1mSQL (7.0ms)[0m   [0;1mCREATE INDEX `index_enq_questions_on_enq_id` ON `enq_questions` (`enq_id`)[0m
  [4;35;1mSQL (0.0ms)[0m   [0mSHOW KEYS FROM `enq_questions`[0m
  [4;36;1mSQL (56.0ms)[0m   [0;1mCREATE INDEX `index_enq_questions_on_num` ON `enq_questions` (`num`)[0m
  [4;35;1mSQL (1.0ms)[0m   [0mSHOW KEYS FROM `enq_questions`[0m
  [4;36;1mSQL (10.0ms)[0m   [0;1mCREATE INDEX `index_enq_questions_on_question_id` ON `enq_questions` (`question_id`)[0m
  [4;35;1mSQL (1.0ms)[0m   [0mINSERT INTO schema_migrations (version) VALUES ('20120530085157')[0m
Migrating to CreateBranches (20120530085258)
  [4;36;1mSQL (3.0ms)[0m   [0;1mCREATE TABLE `branches` (`id` int(11) DEFAULT NULL auto_increment PRIMARY KEY, `enq_id` int(11) NOT NULL, `num` int(11) NOT NULL, `answer` varchar(255) NOT NULL, `page_id` int(11) NOT NULL, `update_name` varchar(255), `update_date` date, `created_at` datetime, `updated_at` datetime) ENGINE=InnoDB[0m
  [4;35;1mSQL (1.0ms)[0m   [0mSHOW KEYS FROM `branches`[0m
  [4;36;1mSQL (10.0ms)[0m   [0;1mCREATE INDEX `index_branches_on_enq_id` ON `branches` (`enq_id`)[0m
  [4;35;1mSQL (0.0ms)[0m   [0mSHOW KEYS FROM `branches`[0m
  [4;36;1mSQL (8.0ms)[0m   [0;1mCREATE INDEX `index_branches_on_num` ON `branches` (`num`)[0m
  [4;35;1mSQL (1.0ms)[0m   [0mSHOW KEYS FROM `branches`[0m
  [4;36;1mSQL (8.0ms)[0m   [0;1mCREATE INDEX `index_branches_on_answer` ON `branches` (`answer`)[0m
  [4;35;1mSQL (1.0ms)[0m   [0mSHOW KEYS FROM `branches`[0m
  [4;36;1mSQL (49.0ms)[0m   [0;1mCREATE INDEX `index_branches_on_page_id` ON `branches` (`page_id`)[0m
  [4;35;1mSQL (1.0ms)[0m   [0mINSERT INTO schema_migrations (version) VALUES ('20120530085258')[0m
Migrating to CreateQuestions (20120530085305)
  [4;36;1mSQL (32.0ms)[0m   [0;1mCREATE TABLE `questions` (`id` int(11) DEFAULT NULL auto_increment PRIMARY KEY, `question_id` int(11) NOT NULL, `kind` varchar(255) NOT NULL, `title` varchar(255), `content` varchar(255), `required` tinyint(1), `answer_content` varchar(255), `answer_description` varchar(255), `update_name` varchar(255), `update_date` date, `created_at` datetime, `updated_at` datetime) ENGINE=InnoDB[0m
  [4;35;1mSQL (1.0ms)[0m   [0mSHOW KEYS FROM `questions`[0m
  [4;36;1mSQL (88.0ms)[0m   [0;1mCREATE UNIQUE INDEX `index_questions_on_question_id` ON `questions` (`question_id`)[0m
  [4;35;1mSQL (1.0ms)[0m   [0mINSERT INTO schema_migrations (version) VALUES ('20120530085305')[0m
Migrating to CreateChoices (20120530085309)
  [4;36;1mSQL (4.0ms)[0m   [0;1mCREATE TABLE `choices` (`id` int(11) DEFAULT NULL auto_increment PRIMARY KEY, `question_id` int(11) NOT NULL, `choice_id` int(11) NOT NULL, `content` varchar(255) NOT NULL, `update_name` varchar(255), `update_date` date, `created_at` datetime, `updated_at` datetime) ENGINE=InnoDB[0m
  [4;35;1mSQL (3.0ms)[0m   [0mSHOW KEYS FROM `choices`[0m
  [4;36;1mSQL (10.0ms)[0m   [0;1mCREATE INDEX `index_choices_on_question_id` ON `choices` (`question_id`)[0m
  [4;35;1mSQL (0.0ms)[0m   [0mSHOW KEYS FROM `choices`[0m
  [4;36;1mSQL (8.0ms)[0m   [0;1mCREATE INDEX `index_choices_on_choice_id` ON `choices` (`choice_id`)[0m
  [4;35;1mSQL (1.0ms)[0m   [0mINSERT INTO schema_migrations (version) VALUES ('20120530085309')[0m
Migrating to CreateAnswers (20120530085313)
  [4;36;1mSQL (3.0ms)[0m   [0;1mCREATE TABLE `answers` (`id` int(11) DEFAULT NULL auto_increment PRIMARY KEY, `enq_id` int(11) NOT NULL, `num` int(11) NOT NULL, `answer` varchar(255), `update_name` varchar(255), `update_date` date, `created_at` datetime, `updated_at` datetime) ENGINE=InnoDB[0m
  [4;35;1mSQL (1.0ms)[0m   [0mSHOW KEYS FROM `answers`[0m
  [4;36;1mSQL (59.0ms)[0m   [0;1mCREATE INDEX `index_answers_on_enq_id` ON `answers` (`enq_id`)[0m
  [4;35;1mSQL (1.0ms)[0m   [0mSHOW KEYS FROM `answers`[0m
  [4;36;1mSQL (33.0ms)[0m   [0;1mCREATE INDEX `index_answers_on_num` ON `answers` (`num`)[0m
  [4;35;1mSQL (9.0ms)[0m   [0mINSERT INTO schema_migrations (version) VALUES ('20120530085313')[0m
  [4;36;1mSQL (2.0ms)[0m   [0;1mSHOW TABLES[0m
  [4;35;1mSQL (0.0ms)[0m   [0mSELECT version FROM schema_migrations[0m
  [4;36;1mSQL (1.0ms)[0m   [0;1mSHOW TABLES[0m
  [4;35;1mSQL (3.0ms)[0m   [0mSHOW FIELDS FROM `answers`[0m
  [4;36;1mSQL (3.0ms)[0m   [0;1mdescribe `answers`[0m
  [4;35;1mSQL (1.0ms)[0m   [0mSHOW KEYS FROM `answers`[0m
  [4;36;1mSQL (3.0ms)[0m   [0;1mSHOW FIELDS FROM `branches`[0m
  [4;35;1mSQL (3.0ms)[0m   [0mdescribe `branches`[0m
  [4;36;1mSQL (1.0ms)[0m   [0;1mSHOW KEYS FROM `branches`[0m
  [4;35;1mSQL (2.0ms)[0m   [0mSHOW FIELDS FROM `choices`[0m
  [4;36;1mSQL (2.0ms)[0m   [0;1mdescribe `choices`[0m
  [4;35;1mSQL (0.0ms)[0m   [0mSHOW KEYS FROM `choices`[0m
  [4;36;1mSQL (1.0ms)[0m   [0;1mSHOW FIELDS FROM `enq_pages`[0m
  [4;35;1mSQL (1.0ms)[0m   [0mdescribe `enq_pages`[0m
  [4;36;1mSQL (1.0ms)[0m   [0;1mSHOW KEYS FROM `enq_pages`[0m
  [4;35;1mSQL (1.0ms)[0m   [0mSHOW FIELDS FROM `enq_questions`[0m
  [4;36;1mSQL (1.0ms)[0m   [0;1mdescribe `enq_questions`[0m
  [4;35;1mSQL (0.0ms)[0m   [0mSHOW KEYS FROM `enq_questions`[0m
  [4;36;1mSQL (2.0ms)[0m   [0;1mSHOW FIELDS FROM `enqs`[0m
  [4;35;1mSQL (1.0ms)[0m   [0mdescribe `enqs`[0m
  [4;36;1mSQL (0.0ms)[0m   [0;1mSHOW KEYS FROM `enqs`[0m
  [4;35;1mSQL (2.0ms)[0m   [0mSHOW FIELDS FROM `questions`[0m
  [4;36;1mSQL (1.0ms)[0m   [0;1mdescribe `questions`[0m
  [4;35;1mSQL (0.0ms)[0m   [0mSHOW KEYS FROM `questions`[0m
  [4;36;1mSQL (0.0ms)[0m   [0;1mSET NAMES 'utf8'[0m
  [4;35;1mSQL (0.0ms)[0m   [0mSET SQL_AUTO_IS_NULL=0[0m


Processing EnqsController#show (for 127.0.0.1 at 2012-05-30 20:42:51) [GET]
  Parameters: {"id"=>"0"}
  [4;36;1mEnq Columns (3.0ms)[0m   [0;1mSHOW FIELDS FROM `enqs`[0m
  [4;35;1mEnq Load (1.0ms)[0m   [0mSELECT * FROM `enqs` WHERE (`enqs`.`id` = 0) [0m

ActiveRecord::RecordNotFound (Couldn't find Enq with ID=0):
  app/controllers/enqs_controller.rb:16:in `show'
  C:/Ruby187/lib/ruby/1.8/webrick/httpserver.rb:104:in `service'
  C:/Ruby187/lib/ruby/1.8/webrick/httpserver.rb:65:in `run'
  C:/Ruby187/lib/ruby/1.8/webrick/server.rb:173:in `start_thread'
  C:/Ruby187/lib/ruby/1.8/webrick/server.rb:162:in `start'
  C:/Ruby187/lib/ruby/1.8/webrick/server.rb:162:in `start_thread'
  C:/Ruby187/lib/ruby/1.8/webrick/server.rb:95:in `start'
  C:/Ruby187/lib/ruby/1.8/webrick/server.rb:92:in `each'
  C:/Ruby187/lib/ruby/1.8/webrick/server.rb:92:in `start'
  C:/Ruby187/lib/ruby/1.8/webrick/server.rb:23:in `start'
  C:/Ruby187/lib/ruby/1.8/webrick/server.rb:82:in `start'

Rendered rescues/_trace (26.0ms)
Rendered rescues/_request_and_response (1.0ms)
Rendering rescues/layout (not_found)
  [4;36;1mSQL (0.0ms)[0m   [0;1mSET NAMES 'utf8'[0m
  [4;35;1mSQL (1.0ms)[0m   [0mSET SQL_AUTO_IS_NULL=0[0m


Processing EnqsController#index (for 127.0.0.1 at 2012-05-30 20:42:54) [GET]
  [4;36;1mEnq Load (0.0ms)[0m   [0;1mSELECT * FROM `enqs` [0m
Rendering template within layouts/enqs
Rendering enqs/index
Completed in 56ms (View: 18, DB: 1) | 200 OK [http://localhost/enqs]
  [4;35;1mSQL (1.0ms)[0m   [0mSET NAMES 'utf8'[0m
  [4;36;1mSQL (1.0ms)[0m   [0;1mSET SQL_AUTO_IS_NULL=0[0m


Processing EnqsController#new (for 127.0.0.1 at 2012-05-30 20:42:57) [GET]
  [4;35;1mEnq Columns (2.0ms)[0m   [0mSHOW FIELDS FROM `enqs`[0m
Rendering template within layouts/enqs
Rendering enqs/new
Completed in 35ms (View: 26, DB: 4) | 200 OK [http://localhost/enqs/new]
  [4;36;1mSQL (0.0ms)[0m   [0;1mSET NAMES 'utf8'[0m
  [4;35;1mSQL (0.0ms)[0m   [0mSET SQL_AUTO_IS_NULL=0[0m


Processing EnqsController#create (for 127.0.0.1 at 2012-05-30 20:43:07) [POST]
  Parameters: {"commit"=>"Create", "enq"=>{"update_date(2i)"=>"5", "title"=>"a", "update_date(3i)"=>"30", "page_id"=>"1", "update_name"=>"a", "description"=>"a", "movie"=>"a", "enq_id"=>"1", "update_date(1i)"=>"2012", "css"=>"a", "status"=>"1"}, "authenticity_token"=>"W53Yo1Dn8C3xMPkfqfe7xaoYokNPpcsDxdlM5AgO5W0="}
  [4;36;1mEnq Columns (2.0ms)[0m   [0;1mSHOW FIELDS FROM `enqs`[0m
  [4;35;1mSQL (0.0ms)[0m   [0mBEGIN[0m
  [4;36;1mEnq Create (0.0ms)[0m   [0;1mINSERT INTO `enqs` (`title`, `created_at`, `page_id`, `description`, `update_name`, `enq_id`, `movie`, `update_date`, `updated_at`, `status`, `css`) VALUES('a', '2012-05-30 11:43:07', 1, 'a', 'a', 1, 'a', '2012-05-30', '2012-05-30 11:43:07', 1, 'a')[0m
  [4;35;1mSQL (2.0ms)[0m   [0mCOMMIT[0m
Redirected to http://localhost:3000/enqs/1
Completed in 17ms (DB: 4) | 302 Found [http://localhost/enqs]
  [4;36;1mSQL (0.0ms)[0m   [0;1mSET NAMES 'utf8'[0m
  [4;35;1mSQL (1.0ms)[0m   [0mSET SQL_AUTO_IS_NULL=0[0m


Processing EnqsController#show (for 127.0.0.1 at 2012-05-30 20:43:07) [GET]
  Parameters: {"id"=>"1"}
  [4;36;1mEnq Columns (2.0ms)[0m   [0;1mSHOW FIELDS FROM `enqs`[0m
  [4;35;1mEnq Load (0.0ms)[0m   [0mSELECT * FROM `enqs` WHERE (`enqs`.`id` = 1) [0m
Rendering template within layouts/enqs
Rendering enqs/show
Completed in 20ms (View: 8, DB: 3) | 200 OK [http://localhost/enqs/1]
  [4;36;1mSQL (1.0ms)[0m   [0;1mSET NAMES 'utf8'[0m
  [4;35;1mSQL (1.0ms)[0m   [0mSET SQL_AUTO_IS_NULL=0[0m


Processing EnqsController#index (for 127.0.0.1 at 2012-05-30 20:43:11) [GET]
  [4;36;1mEnq Load (0.0ms)[0m   [0;1mSELECT * FROM `enqs` [0m
Rendering template within layouts/enqs
Rendering enqs/index
  [4;35;1mEnq Columns (2.0ms)[0m   [0mSHOW FIELDS FROM `enqs`[0m
Completed in 16ms (View: 7, DB: 4) | 200 OK [http://localhost/enqs]
  [4;36;1mSQL (0.0ms)[0m   [0;1mSET NAMES 'utf8'[0m
  [4;35;1mSQL (0.0ms)[0m   [0mSET SQL_AUTO_IS_NULL=0[0m


Processing EnqsController#show (for 127.0.0.1 at 2012-05-30 20:43:13) [GET]
  Parameters: {"id"=>"1"}
  [4;36;1mEnq Columns (2.0ms)[0m   [0;1mSHOW FIELDS FROM `enqs`[0m
  [4;35;1mEnq Load (0.0ms)[0m   [0mSELECT * FROM `enqs` WHERE (`enqs`.`id` = 1) [0m
Rendering template within layouts/enqs
Rendering enqs/show
Completed in 14ms (View: 3, DB: 2) | 200 OK [http://localhost/enqs/1]
  [4;36;1mSQL (0.0ms)[0m   [0;1mSET NAMES 'utf8'[0m
  [4;35;1mSQL (1.0ms)[0m   [0mSET SQL_AUTO_IS_NULL=0[0m


Processing EnqsController#index (for 127.0.0.1 at 2012-05-30 20:43:15) [GET]
  [4;36;1mEnq Load (1.0ms)[0m   [0;1mSELECT * FROM `enqs` [0m
Rendering template within layouts/enqs
Rendering enqs/index
  [4;35;1mEnq Columns (3.0ms)[0m   [0mSHOW FIELDS FROM `enqs`[0m
Completed in 19ms (View: 8, DB: 5) | 200 OK [http://localhost/enqs]
  [4;36;1mSQL (0.0ms)[0m   [0;1mSET NAMES 'utf8'[0m
  [4;35;1mSQL (0.0ms)[0m   [0mSET SQL_AUTO_IS_NULL=0[0m


Processing EnqsController#index (for 127.0.0.1 at 2012-05-30 20:48:04) [GET]
  [4;36;1mEnq Load (1.0ms)[0m   [0;1mSELECT * FROM `enqs` [0m
Rendering template within layouts/enqs
Rendering enqs/index
  [4;35;1mEnq Columns (2.0ms)[0m   [0mSHOW FIELDS FROM `enqs`[0m
Completed in 18ms (View: 11, DB: 3) | 200 OK [http://localhost/enqs]
  [4;36;1mSQL (1.0ms)[0m   [0;1mSET NAMES 'utf8'[0m
  [4;35;1mSQL (1.0ms)[0m   [0mSET SQL_AUTO_IS_NULL=0[0m


Processing EnqsController#show (for 127.0.0.1 at 2012-05-30 20:48:06) [GET]
  Parameters: {"id"=>"1", "authenticity_token"=>"W53Yo1Dn8C3xMPkfqfe7xaoYokNPpcsDxdlM5AgO5W0="}
  [4;36;1mEnq Columns (2.0ms)[0m   [0;1mSHOW FIELDS FROM `enqs`[0m
  [4;35;1mEnq Load (0.0ms)[0m   [0mSELECT * FROM `enqs` WHERE (`enqs`.`id` = 1) [0m
Rendering template within layouts/enqs
Rendering enqs/show
Completed in 16ms (View: 5, DB: 4) | 200 OK [http://localhost/enqs/1]
  [4;36;1mSQL (0.0ms)[0m   [0;1mSET NAMES 'utf8'[0m
  [4;35;1mSQL (1.0ms)[0m   [0mSET SQL_AUTO_IS_NULL=0[0m


Processing EnqsController#index (for 127.0.0.1 at 2012-05-30 20:57:10) [GET]
  [4;36;1mEnq Load (1.0ms)[0m   [0;1mSELECT * FROM `enqs` [0m
Rendering template within layouts/enqs
Rendering enqs/index
  [4;35;1mEnq Columns (2.0ms)[0m   [0mSHOW FIELDS FROM `enqs`[0m
Completed in 18ms (View: 11, DB: 4) | 200 OK [http://localhost/enqs]
  [4;36;1mSQL (1.0ms)[0m   [0;1mSET NAMES 'utf8'[0m
  [4;35;1mSQL (0.0ms)[0m   [0mSET SQL_AUTO_IS_NULL=0[0m


Processing EnqsController#show (for 127.0.0.1 at 2012-05-30 20:57:11) [GET]
  Parameters: {"id"=>"1"}
  [4;36;1mEnq Columns (2.0ms)[0m   [0;1mSHOW FIELDS FROM `enqs`[0m
  [4;35;1mEnq Load (1.0ms)[0m   [0mSELECT * FROM `enqs` WHERE (`enqs`.`id` = 1) [0m
Rendering template within layouts/enqs
Rendering enqs/show
Completed in 16ms (View: 4, DB: 4) | 200 OK [http://localhost/enqs/1]
  [4;36;1mSQL (0.0ms)[0m   [0;1mSET NAMES 'utf8'[0m
  [4;35;1mSQL (1.0ms)[0m   [0mSET SQL_AUTO_IS_NULL=0[0m


Processing EnqsController#show (for 127.0.0.1 at 2012-05-30 20:57:14) [GET]
  Parameters: {"id"=>"1", "authenticity_token"=>"W53Yo1Dn8C3xMPkfqfe7xaoYokNPpcsDxdlM5AgO5W0="}
  [4;36;1mEnq Columns (2.0ms)[0m   [0;1mSHOW FIELDS FROM `enqs`[0m
  [4;35;1mEnq Load (1.0ms)[0m   [0mSELECT * FROM `enqs` WHERE (`enqs`.`id` = 1) [0m
Rendering template within layouts/enqs
Rendering enqs/show
Completed in 14ms (View: 4, DB: 4) | 200 OK [http://localhost/enqs/1]
  [4;36;1mSQL (0.0ms)[0m   [0;1mSET NAMES 'utf8'[0m
  [4;35;1mSQL (0.0ms)[0m   [0mSET SQL_AUTO_IS_NULL=0[0m


Processing EnqsController#edit (for 127.0.0.1 at 2012-05-30 20:57:17) [GET]
  Parameters: {"id"=>"1"}
  [4;36;1mEnq Columns (2.0ms)[0m   [0;1mSHOW FIELDS FROM `enqs`[0m
  [4;35;1mEnq Load (0.0ms)[0m   [0mSELECT * FROM `enqs` WHERE (`enqs`.`id` = 1) [0m
Rendering template within layouts/enqs
Rendering enqs/edit
Completed in 29ms (View: 19, DB: 2) | 200 OK [http://localhost/enqs/1/edit]
